17:37:19.690 [main] DEBUG - Save part 'xl/worksheets/sheet2.xml'
17:37:19.697 [main] DEBUG - Save part 'xl/worksheets/sheet3.xml'
17:37:19.697 [main] DEBUG - Save part 'xl/worksheets/sheet4.xml'
17:37:19.716 [main] DEBUG - Parsing relationship: /xl/_rels/workbook.xml.rels
17:37:19.717 [main] DEBUG - Parsing relationship: /_rels/.rels
17:37:19.726 [main] DEBUG - Save content types part
17:37:19.727 [main] DEBUG - Save package relationships
17:37:19.728 [main] DEBUG - Save part 'docProps/app.xml'
17:37:19.728 [main] DEBUG - Save part 'docProps/core.xml'
17:37:19.729 [main] DEBUG - Save part 'xl/sharedStrings.xml'
17:37:19.733 [main] DEBUG - Save part 'xl/styles.xml'
17:37:19.733 [main] DEBUG - Save part 'xl/theme/theme1.xml'
17:37:19.733 [main] DEBUG - Save part 'xl/workbook.xml'
17:37:19.734 [main] DEBUG - Save part 'xl/worksheets/sheet1.xml'
17:37:19.734 [main] DEBUG - Save part 'xl/worksheets/sheet2.xml'
17:37:19.734 [main] DEBUG - Save part 'xl/worksheets/sheet3.xml'
17:37:19.735 [main] DEBUG - Save part 'xl/worksheets/sheet4.xml'
17:37:19.979 [main] DEBUG - Parsing relationship: /xl/_rels/workbook.xml.rels
17:37:19.979 [main] DEBUG - Parsing relationship: /_rels/.rels
17:37:19.989 [main] DEBUG - Save content types part
17:37:19.990 [main] DEBUG - Save package relationships
17:37:19.990 [main] DEBUG - Save part 'docProps/app.xml'
17:37:19.990 [main] DEBUG - Save part 'docProps/core.xml'
17:37:19.991 [main] DEBUG - Save part 'xl/sharedStrings.xml'
17:37:19.991 [main] DEBUG - Save part 'xl/styles.xml'
17:37:19.991 [main] DEBUG - Save part 'xl/theme/theme1.xml'
17:37:19.991 [main] DEBUG - Save part 'xl/workbook.xml'
17:37:19.992 [main] DEBUG - Save part 'xl/worksheets/sheet1.xml'
17:37:19.992 [main] DEBUG - Save part 'xl/worksheets/sheet2.xml'
17:37:19.993 [main] DEBUG - Save part 'xl/worksheets/sheet3.xml'
17:37:19.993 [main] DEBUG - Save part 'xl/worksheets/sheet4.xml'
17:37:20.010 [main] DEBUG - Parsing relationship: /xl/_rels/workbook.xml.rels
17:37:20.011 [main] DEBUG - Parsing relationship: /_rels/.rels
17:37:20.021 [main] DEBUG - Save content types part
17:37:20.022 [main] DEBUG - Save package relationships
17:37:20.022 [main] DEBUG - Save part 'docProps/app.xml'
17:37:20.022 [main] DEBUG - Save part 'docProps/core.xml'
17:37:20.023 [main] DEBUG - Save part 'xl/sharedStrings.xml'
17:37:20.023 [main] DEBUG - Save part 'xl/styles.xml'
17:37:20.023 [main] DEBUG - Save part 'xl/theme/theme1.xml'
17:37:20.023 [main] DEBUG - Save part 'xl/workbook.xml'
17:37:20.024 [main] DEBUG - Save part 'xl/worksheets/sheet1.xml'
17:37:20.024 [main] DEBUG - Save part 'xl/worksheets/sheet2.xml'
17:37:20.024 [main] DEBUG - Save part 'xl/worksheets/sheet3.xml'
17:37:20.024 [main] DEBUG - Save part 'xl/worksheets/sheet4.xml'
17:37:20.039 [main] DEBUG - Parsing relationship: /xl/_rels/workbook.xml.rels
17:37:20.039 [main] DEBUG - Parsing relationship: /_rels/.rels
17:37:20.048 [main] DEBUG - Save content types part
17:37:20.049 [main] DEBUG - Save package relationships
17:37:20.050 [main] DEBUG - Save part 'docProps/app.xml'
17:37:20.050 [main] DEBUG - Save part 'docProps/core.xml'
17:37:20.050 [main] DEBUG - Save part 'xl/sharedStrings.xml'
17:37:20.051 [main] DEBUG - Save part 'xl/styles.xml'
17:37:20.051 [main] DEBUG - Save part 'xl/theme/theme1.xml'
17:37:20.051 [main] DEBUG - Save part 'xl/workbook.xml'
17:37:20.051 [main] DEBUG - Save part 'xl/worksheets/sheet1.xml'
17:37:20.051 [main] DEBUG - Save part 'xl/worksheets/sheet2.xml'
17:37:20.052 [main] DEBUG - Save part 'xl/worksheets/sheet3.xml'
17:37:20.052 [main] DEBUG - Save part 'xl/worksheets/sheet4.xml'
17:37:20.188 [main] DEBUG - Parsing relationship: /xl/_rels/workbook.xml.rels
17:37:20.189 [main] DEBUG - Parsing relationship: /_rels/.rels
17:37:20.199 [main] DEBUG - Save content types part
17:37:20.199 [main] DEBUG - Save package relationships
17:37:20.201 [main] DEBUG - Save part 'docProps/app.xml'
17:37:20.201 [main] DEBUG - Save part 'docProps/core.xml'
17:37:20.202 [main] DEBUG - Save part 'xl/sharedStrings.xml'
17:37:20.202 [main] DEBUG - Save part 'xl/styles.xml'
17:37:20.202 [main] DEBUG - Save part 'xl/theme/theme1.xml'
17:37:20.202 [main] DEBUG - Save part 'xl/workbook.xml'
17:37:20.203 [main] DEBUG - Save part 'xl/worksheets/sheet1.xml'
17:37:20.203 [main] DEBUG - Save part 'xl/worksheets/sheet2.xml'
17:37:20.204 [main] DEBUG - Save part 'xl/worksheets/sheet3.xml'
17:37:20.204 [main] DEBUG - Save part 'xl/worksheets/sheet4.xml'
17:37:20.223 [main] DEBUG - Parsing relationship: /xl/_rels/workbook.xml.rels
17:37:20.224 [main] DEBUG - Parsing relationship: /_rels/.rels
17:37:20.232 [main] DEBUG - Save content types part
17:37:20.233 [main] DEBUG - Save package relationships
17:37:20.233 [main] DEBUG - Save part 'docProps/app.xml'
17:37:20.234 [main] DEBUG - Save part 'docProps/core.xml'
17:37:20.234 [main] DEBUG - Save part 'xl/sharedStrings.xml'
17:37:20.234 [main] DEBUG - Save part 'xl/styles.xml'
17:37:20.234 [main] DEBUG - Save part 'xl/theme/theme1.xml'
17:37:20.235 [main] DEBUG - Save part 'xl/workbook.xml'
17:37:20.235 [main] DEBUG - Save part 'xl/worksheets/sheet1.xml'
17:37:20.235 [main] DEBUG - Save part 'xl/worksheets/sheet2.xml'
17:37:20.235 [main] DEBUG - Save part 'xl/worksheets/sheet3.xml'
17:37:20.235 [main] DEBUG - Save part 'xl/worksheets/sheet4.xml'
17:37:20.254 [main] DEBUG - Parsing relationship: /xl/_rels/workbook.xml.rels
17:37:20.254 [main] DEBUG - Parsing relationship: /_rels/.rels
17:37:20.262 [main] DEBUG - Save content types part
17:37:20.263 [main] DEBUG - Save package relationships
17:37:20.264 [main] DEBUG - Save part 'docProps/app.xml'
17:37:20.264 [main] DEBUG - Save part 'docProps/core.xml'
17:37:20.264 [main] DEBUG - Save part 'xl/sharedStrings.xml'
17:37:20.264 [main] DEBUG - Save part 'xl/styles.xml'
17:37:20.264 [main] DEBUG - Save part 'xl/theme/theme1.xml'
17:37:20.265 [main] DEBUG - Save part 'xl/workbook.xml'
17:37:20.265 [main] DEBUG - Save part 'xl/worksheets/sheet1.xml'
17:37:20.265 [main] DEBUG - Save part 'xl/worksheets/sheet2.xml'
17:37:20.265 [main] DEBUG - Save part 'xl/worksheets/sheet3.xml'
17:37:20.266 [main] DEBUG - Save part 'xl/worksheets/sheet4.xml'
17:37:20.331 [main] DEBUG - Parsing relationship: /xl/_rels/workbook.xml.rels
17:37:20.331 [main] DEBUG - Parsing relationship: /_rels/.rels
17:37:20.340 [main] DEBUG - Save content types part
17:37:20.341 [main] DEBUG - Save package relationships
17:37:20.342 [main] DEBUG - Save part 'docProps/app.xml'
17:37:20.342 [main] DEBUG - Save part 'docProps/core.xml'
17:37:20.343 [main] DEBUG - Save part 'xl/sharedStrings.xml'
17:37:20.343 [main] DEBUG - Save part 'xl/styles.xml'
17:37:20.343 [main] DEBUG - Save part 'xl/theme/theme1.xml'
17:37:20.343 [main] DEBUG - Save part 'xl/workbook.xml'
17:37:20.344 [main] DEBUG - Save part 'xl/worksheets/sheet1.xml'
17:37:20.344 [main] DEBUG - Save part 'xl/worksheets/sheet2.xml'
17:37:20.344 [main] DEBUG - Save part 'xl/worksheets/sheet3.xml'
17:37:20.344 [main] DEBUG - Save part 'xl/worksheets/sheet4.xml'
17:37:20.360 [main] DEBUG - Parsing relationship: /xl/_rels/workbook.xml.rels
17:37:20.360 [main] DEBUG - Parsing relationship: /_rels/.rels
17:37:20.368 [main] DEBUG - Save content types part
17:37:20.368 [main] DEBUG - Save package relationships
17:37:20.369 [main] DEBUG - Save part 'docProps/app.xml'
17:37:20.369 [main] DEBUG - Save part 'docProps/core.xml'
17:37:20.369 [main] DEBUG - Save part 'xl/sharedStrings.xml'
17:37:20.370 [main] DEBUG - Save part 'xl/styles.xml'
17:37:20.370 [main] DEBUG - Save part 'xl/theme/theme1.xml'
17:37:20.370 [main] DEBUG - Save part 'xl/workbook.xml'
17:37:20.370 [main] DEBUG - Save part 'xl/worksheets/sheet1.xml'
17:37:20.371 [main] DEBUG - Save part 'xl/worksheets/sheet2.xml'
17:37:20.371 [main] DEBUG - Save part 'xl/worksheets/sheet3.xml'
17:37:20.371 [main] DEBUG - Save part 'xl/worksheets/sheet4.xml'
17:37:20.388 [main] DEBUG - Parsing relationship: /xl/_rels/workbook.xml.rels
17:37:20.389 [main] DEBUG - Parsing relationship: /_rels/.rels
17:37:20.396 [main] DEBUG - Save content types part
17:37:20.397 [main] DEBUG - Save package relationships
17:37:20.397 [main] DEBUG - Save part 'docProps/app.xml'
17:37:20.397 [main] DEBUG - Save part 'docProps/core.xml'
17:37:20.398 [main] DEBUG - Save part 'xl/sharedStrings.xml'
17:37:20.398 [main] DEBUG - Save part 'xl/styles.xml'
17:37:20.398 [main] DEBUG - Save part 'xl/theme/theme1.xml'
17:37:20.398 [main] DEBUG - Save part 'xl/workbook.xml'
17:37:20.399 [main] DEBUG - Save part 'xl/worksheets/sheet1.xml'
17:37:20.399 [main] DEBUG - Save part 'xl/worksheets/sheet2.xml'
17:37:20.399 [main] DEBUG - Save part 'xl/worksheets/sheet3.xml'
17:37:20.399 [main] DEBUG - Save part 'xl/worksheets/sheet4.xml'
17:37:20.459 [main] DEBUG - Parsing relationship: /xl/_rels/workbook.xml.rels
17:37:20.459 [main] DEBUG - Parsing relationship: /_rels/.rels
17:37:20.467 [main] DEBUG - Save content types part
17:37:20.467 [main] DEBUG - Save package relationships
17:37:20.467 [main] DEBUG - Save part 'docProps/app.xml'
17:37:20.468 [main] DEBUG - Save part 'docProps/core.xml'
17:37:20.468 [main] DEBUG - Save part 'xl/sharedStrings.xml'
17:37:20.469 [main] DEBUG - Save part 'xl/styles.xml'
17:37:20.469 [main] DEBUG - Save part 'xl/theme/theme1.xml'
17:37:20.469 [main] DEBUG - Save part 'xl/workbook.xml'
17:37:20.469 [main] DEBUG - Save part 'xl/worksheets/sheet1.xml'
17:37:20.469 [main] DEBUG - Save part 'xl/worksheets/sheet2.xml'
17:37:20.469 [main] DEBUG - Save part 'xl/worksheets/sheet3.xml'
17:37:20.469 [main] DEBUG - Save part 'xl/worksheets/sheet4.xml'
17:37:20.483 [main] DEBUG - Parsing relationship: /xl/_rels/workbook.xml.rels
17:37:20.484 [main] DEBUG - Parsing relationship: /_rels/.rels
17:37:20.491 [main] DEBUG - Save content types part
17:37:20.492 [main] DEBUG - Save package relationships
17:37:20.492 [main] DEBUG - Save part 'docProps/app.xml'
17:37:20.492 [main] DEBUG - Save part 'docProps/core.xml'
17:37:20.493 [main] DEBUG - Save part 'xl/sharedStrings.xml'
17:37:20.493 [main] DEBUG - Save part 'xl/styles.xml'
17:37:20.493 [main] DEBUG - Save part 'xl/theme/theme1.xml'
17:37:20.493 [main] DEBUG - Save part 'xl/workbook.xml'
17:37:20.494 [main] DEBUG - Save part 'xl/worksheets/sheet1.xml'
17:37:20.494 [main] DEBUG - Save part 'xl/worksheets/sheet2.xml'
17:37:20.494 [main] DEBUG - Save part 'xl/worksheets/sheet3.xml'
17:37:20.494 [main] DEBUG - Save part 'xl/worksheets/sheet4.xml'
17:37:20.512 [main] DEBUG - Parsing relationship: /xl/_rels/workbook.xml.rels
17:37:20.512 [main] DEBUG - Parsing relationship: /_rels/.rels
17:37:20.521 [main] DEBUG - Save content types part
17:37:20.522 [main] DEBUG - Save package relationships
17:37:20.522 [main] DEBUG - Save part 'docProps/app.xml'
17:37:20.522 [main] DEBUG - Save part 'docProps/core.xml'
17:37:20.523 [main] DEBUG - Save part 'xl/sharedStrings.xml'
17:37:20.523 [main] DEBUG - Save part 'xl/styles.xml'
17:37:20.523 [main] DEBUG - Save part 'xl/theme/theme1.xml'
17:37:20.523 [main] DEBUG - Save part 'xl/workbook.xml'
17:37:20.524 [main] DEBUG - Save part 'xl/worksheets/sheet1.xml'
17:37:20.524 [main] DEBUG - Save part 'xl/worksheets/sheet2.xml'
17:37:20.524 [main] DEBUG - Save part 'xl/worksheets/sheet3.xml'
17:37:20.524 [main] DEBUG - Save part 'xl/worksheets/sheet4.xml'
17:37:20.535 [main] INFO  - **** Finished TC_001_UpcomingBike ****
13:46:42.281 [main] INFO  - Navigating to the Google Accounts sign in page
13:46:58.010 [main] INFO  - Entering email
13:46:58.094 [main] INFO  - Clicking on the next button
13:47:03.550 [main] INFO  - Capturing error message
13:47:13.595 [main] INFO  - **** Finished TC_003_LoginSignup ****
13:47:22.874 [main] INFO  - **** Starting TC_002_UsedCar ****
13:47:22.874 [main] INFO  - Navigating to the homepage
13:47:22.888 [main] INFO  - Hovering over and selecting used cars
13:47:23.122 [main] INFO  - Selecting Chennai used cars
13:47:27.631 [main] INFO  - Checking that the popular models are displayed
13:47:27.855 [main] DEBUG - Parsing relationship: /xl/_rels/workbook.xml.rels
13:47:27.859 [main] DEBUG - Parsing relationship: /_rels/.rels
13:47:28.101 [main] TRACE - Loading type system org.apache.poi.schemas.ooxml.system.ooxml
13:47:28.105 [main] TRACE - Loading type system org.apache.xmlbeans.metadata.system.sXMLCONFIG
13:47:28.106 [main] TRACE - Loading type system org.apache.xmlbeans.metadata.system.sXMLLANG
13:47:28.107 [main] TRACE - Loading type system org.apache.xmlbeans.metadata.system.sXMLSCHEMA
13:47:28.107 [main] TRACE - Loading type system org.apache.xmlbeans.metadata.system.sXMLTOOLS
13:47:28.108 [main] TRACE - Reading unresolved handles for type system org.apache.xmlbeans.metadata.system.sXMLTOOLS
13:47:28.123 [main] TRACE - Finished loading type system org.apache.xmlbeans.metadata.system.sXMLTOOLS
13:47:28.124 [main] TRACE - Reading unresolved handles for type system org.apache.xmlbeans.metadata.system.sXMLSCHEMA
13:47:28.128 [main] TRACE - Finished loading type system org.apache.xmlbeans.metadata.system.sXMLSCHEMA
13:47:28.130 [main] TRACE - Reading unresolved handles for type system org.apache.xmlbeans.metadata.system.sXMLLANG
13:47:28.131 [main] TRACE - Finished loading type system org.apache.xmlbeans.metadata.system.sXMLLANG
13:47:28.133 [main] TRACE - Reading unresolved handles for type system org.apache.xmlbeans.metadata.system.sXMLCONFIG
13:47:28.134 [main] TRACE - Finished loading type system org.apache.xmlbeans.metadata.system.sXMLCONFIG
13:47:28.135 [main] TRACE - Reading unresolved handles for type system org.apache.poi.schemas.ooxml.system.ooxml
13:47:28.182 [main] TRACE - Finished loading type system org.apache.poi.schemas.ooxml.system.ooxml
13:47:28.183 [main] TRACE - Resolving type for handle themefd26doctype
13:47:28.323 [main] TRACE - Resolving type for handle stylesheet5d8bdoctype
13:47:28.330 [main] TRACE - Resolving type for handle ctstylesheet4257type
13:47:28.338 [main] TRACE - Resolving type for handle ctnumfmtsb58btype
13:47:28.344 [main] TRACE - Resolving type for handle ctfonts6623type
13:47:28.351 [main] TRACE - Resolving type for handle ctfont14d8type
13:47:28.360 [main] TRACE - Resolving type for handle ctfills2c6ftype
13:47:28.366 [main] TRACE - Resolving type for handle ctfill550ctype
13:47:28.371 [main] TRACE - Resolving type for handle ctborders0d66type
13:47:28.377 [main] TRACE - Resolving type for handle ctborderf935type
13:47:28.383 [main] TRACE - Resolving type for handle ctcellxfs1322type
13:47:28.389 [main] TRACE - Resolving type for handle ctxf97f7type
13:47:28.394 [main] TRACE - Resolving type for handle ctcellstylexfsa81ftype
13:47:28.398 [main] TRACE - Resolving type for handle ctdxfsb26atype
13:47:28.407 [main] TRACE - Resolving type for handle cttablestyles872ftype
13:47:28.414 [main] TRACE - Resolving type for handle sstf81fdoctype
13:47:28.420 [main] TRACE - Resolving type for handle ctsst44f3type
13:47:28.438 [main] TRACE - Resolving type for handle ctrsta472type
13:47:28.483 [main] TRACE - Resolving type for handle workbookec17doctype
13:47:28.493 [main] TRACE - Resolving type for handle ctworkbook83c3type
13:47:28.513 [main] TRACE - Resolving type for handle ctsheets49fdtype
13:47:28.519 [main] TRACE - Resolving type for handle ctsheet4dbetype
13:47:28.523 [main] TRACE - Resolving type for handle strelationshipid1e94type
13:47:28.528 [main] TRACE - Resolving type for handle worksheetf539doctype
13:47:28.535 [main] TRACE - Resolving type for handle ctworksheet530dtype
13:47:28.546 [main] TRACE - Resolving type for handle ctsheetdata8408type
13:47:28.559 [main] TRACE - Resolving type for handle ctcols627ctype
13:47:28.579 [main] TRACE - Resolving type for handle ctrowdd39type
13:47:28.596 [main] TRACE - Resolving type for handle ctcell842btype
13:47:28.608 [main] TRACE - Resolving type for handle stcellrefe4e0type
13:47:28.643 [main] TRACE - Resolving type for handle stxstringf179type
13:47:28.658 [main] TRACE - Resolving type for handle stcelltypebf95type
13:47:28.722 [main] TRACE - Resolving type for handle stcellstylexfid70c7type
13:47:28.735 [main] TRACE - Resolving type for handle ctsheetdimensiond310type
13:47:28.741 [main] TRACE - Resolving type for handle stref90a2type
13:47:28.761 [main] TRACE - Resolving type for handle propertiesee84doctype
13:47:28.767 [main] TRACE - Resolving type for handle ctproperties3f10type
13:47:28.779 [main] TRACE - Resolving type for handle properties288cdoctype
13:47:28.783 [main] TRACE - Resolving type for handle ctproperties2c18type
13:47:28.805 [main] DEBUG - Save content types part
13:47:28.953 [main] DEBUG - Save package relationships
13:47:28.963 [main] DEBUG - Save part 'docProps/app.xml'
13:47:28.963 [main] DEBUG - Save part 'docProps/core.xml'
13:47:28.972 [main] DEBUG - Save part 'xl/sharedStrings.xml'
13:47:28.972 [main] DEBUG - Save part 'xl/styles.xml'
13:47:28.973 [main] DEBUG - Save part 'xl/theme/theme1.xml'
13:47:28.974 [main] DEBUG - Save part 'xl/workbook.xml'
13:47:28.980 [main] DEBUG - Save part 'xl/worksheets/sheet1.xml'
13:47:28.981 [main] DEBUG - Save part 'xl/worksheets/sheet2.xml'
13:47:28.982 [main] DEBUG - Save part 'xl/worksheets/sheet3.xml'
13:47:28.982 [main] DEBUG - Save part 'xl/worksheets/sheet4.xml'
13:47:31.112 [main] DEBUG - Parsing relationship: /xl/_rels/workbook.xml.rels
13:47:31.113 [main] DEBUG - Parsing relationship: /_rels/.rels
13:47:31.139 [main] DEBUG - Save content types part
13:47:31.140 [main] DEBUG - Save package relationships
13:47:31.141 [main] DEBUG - Save part 'docProps/app.xml'
13:47:31.141 [main] DEBUG - Save part 'docProps/core.xml'
13:47:31.142 [main] DEBUG - Save part 'xl/sharedStrings.xml'
13:47:31.142 [main] DEBUG - Save part 'xl/styles.xml'
13:47:31.142 [main] DEBUG - Save part 'xl/theme/theme1.xml'
13:47:31.143 [main] DEBUG - Save part 'xl/workbook.xml'
13:47:31.144 [main] DEBUG - Save part 'xl/worksheets/sheet1.xml'
13:47:31.145 [main] DEBUG - Save part 'xl/worksheets/sheet2.xml'
13:47:31.145 [main] DEBUG - Save part 'xl/worksheets/sheet3.xml'
13:47:31.145 [main] DEBUG - Save part 'xl/worksheets/sheet4.xml'
13:47:31.174 [main] DEBUG - Parsing relationship: /xl/_rels/workbook.xml.rels
13:47:31.176 [main] DEBUG - Parsing relationship: /_rels/.rels
13:47:31.209 [main] DEBUG - Save content types part
13:47:31.210 [main] DEBUG - Save package relationships
13:47:31.211 [main] DEBUG - Save part 'docProps/app.xml'
13:47:31.212 [main] DEBUG - Save part 'docProps/core.xml'
13:47:31.213 [main] DEBUG - Save part 'xl/sharedStrings.xml'
13:47:31.213 [main] DEBUG - Save part 'xl/styles.xml'
13:47:31.213 [main] DEBUG - Save part 'xl/theme/theme1.xml'
13:47:31.213 [main] DEBUG - Save part 'xl/workbook.xml'
13:47:31.215 [main] DEBUG - Save part 'xl/worksheets/sheet1.xml'
13:47:31.216 [main] DEBUG - Save part 'xl/worksheets/sheet2.xml'
13:47:31.216 [main] DEBUG - Save part 'xl/worksheets/sheet3.xml'
13:47:31.216 [main] DEBUG - Save part 'xl/worksheets/sheet4.xml'
13:47:31.251 [main] DEBUG - Parsing relationship: /xl/_rels/workbook.xml.rels
13:47:31.252 [main] DEBUG - Parsing relationship: /_rels/.rels
13:47:31.290 [main] DEBUG - Save content types part
13:47:31.291 [main] DEBUG - Save package relationships
13:47:31.292 [main] DEBUG - Save part 'docProps/app.xml'
13:47:31.292 [main] DEBUG - Save part 'docProps/core.xml'
13:47:31.294 [main] DEBUG - Save part 'xl/sharedStrings.xml'
13:47:31.294 [main] DEBUG - Save part 'xl/styles.xml'
13:47:31.294 [main] DEBUG - Save part 'xl/theme/theme1.xml'
13:47:31.294 [main] DEBUG - Save part 'xl/workbook.xml'
13:47:31.297 [main] DEBUG - Save part 'xl/worksheets/sheet1.xml'
13:47:31.297 [main] DEBUG - Save part 'xl/worksheets/sheet2.xml'
13:47:31.297 [main] DEBUG - Save part 'xl/worksheets/sheet3.xml'
13:47:31.298 [main] DEBUG - Save part 'xl/worksheets/sheet4.xml'
13:47:31.336 [main] DEBUG - Parsing relationship: /xl/_rels/workbook.xml.rels
13:47:31.337 [main] DEBUG - Parsing relationship: /_rels/.rels
13:47:31.368 [main] DEBUG - Save content types part
13:47:31.369 [main] DEBUG - Save package relationships
13:47:31.370 [main] DEBUG - Save part 'docProps/app.xml'
13:47:31.371 [main] DEBUG - Save part 'docProps/core.xml'
13:47:31.372 [main] DEBUG - Save part 'xl/sharedStrings.xml'
13:47:31.372 [main] DEBUG - Save part 'xl/styles.xml'
13:47:31.372 [main] DEBUG - Save part 'xl/theme/theme1.xml'
13:47:31.373 [main] DEBUG - Save part 'xl/workbook.xml'
13:47:31.375 [main] DEBUG - Save part 'xl/worksheets/sheet1.xml'
13:47:31.375 [main] DEBUG - Save part 'xl/worksheets/sheet2.xml'
13:47:31.375 [main] DEBUG - Save part 'xl/worksheets/sheet3.xml'
13:47:31.375 [main] DEBUG - Save part 'xl/worksheets/sheet4.xml'
13:47:31.416 [main] DEBUG - Parsing relationship: /xl/_rels/workbook.xml.rels
13:47:31.417 [main] DEBUG - Parsing relationship: /_rels/.rels
13:47:31.453 [main] DEBUG - Save content types part
13:47:31.455 [main] DEBUG - Save package relationships
13:47:31.457 [main] DEBUG - Save part 'docProps/app.xml'
13:47:31.457 [main] DEBUG - Save part 'docProps/core.xml'
13:47:31.458 [main] DEBUG - Save part 'xl/sharedStrings.xml'
13:47:31.459 [main] DEBUG - Save part 'xl/styles.xml'
13:47:31.459 [main] DEBUG - Save part 'xl/theme/theme1.xml'
13:47:31.459 [main] DEBUG - Save part 'xl/workbook.xml'
13:47:31.461 [main] DEBUG - Save part 'xl/worksheets/sheet1.xml'
13:47:31.461 [main] DEBUG - Save part 'xl/worksheets/sheet2.xml'
13:47:31.462 [main] DEBUG - Save part 'xl/worksheets/sheet3.xml'
13:47:31.462 [main] DEBUG - Save part 'xl/worksheets/sheet4.xml'
13:47:31.505 [main] DEBUG - Parsing relationship: /xl/_rels/workbook.xml.rels
13:47:31.506 [main] DEBUG - Parsing relationship: /_rels/.rels
13:47:31.538 [main] DEBUG - Save content types part
13:47:31.539 [main] DEBUG - Save package relationships
13:47:31.541 [main] DEBUG - Save part 'docProps/app.xml'
13:47:31.541 [main] DEBUG - Save part 'docProps/core.xml'
13:47:31.543 [main] DEBUG - Save part 'xl/sharedStrings.xml'
13:47:31.544 [main] DEBUG - Save part 'xl/styles.xml'
13:47:31.544 [main] DEBUG - Save part 'xl/theme/theme1.xml'
13:47:31.545 [main] DEBUG - Save part 'xl/workbook.xml'
13:47:31.547 [main] DEBUG - Save part 'xl/worksheets/sheet1.xml'
13:47:31.547 [main] DEBUG - Save part 'xl/worksheets/sheet2.xml'
13:47:31.547 [main] DEBUG - Save part 'xl/worksheets/sheet3.xml'
13:47:31.547 [main] DEBUG - Save part 'xl/worksheets/sheet4.xml'
13:47:31.594 [main] DEBUG - Parsing relationship: /xl/_rels/workbook.xml.rels
13:47:31.595 [main] DEBUG - Parsing relationship: /_rels/.rels
13:47:31.636 [main] DEBUG - Save content types part
13:47:31.639 [main] DEBUG - Save package relationships
13:47:31.641 [main] DEBUG - Save part 'docProps/app.xml'
13:47:31.642 [main] DEBUG - Save part 'docProps/core.xml'
13:47:31.643 [main] DEBUG - Save part 'xl/sharedStrings.xml'
13:47:31.644 [main] DEBUG - Save part 'xl/styles.xml'
13:47:31.644 [main] DEBUG - Save part 'xl/theme/theme1.xml'
13:47:31.645 [main] DEBUG - Save part 'xl/workbook.xml'
13:47:31.648 [main] DEBUG - Save part 'xl/worksheets/sheet1.xml'
13:47:31.648 [main] DEBUG - Save part 'xl/worksheets/sheet2.xml'
13:47:31.649 [main] DEBUG - Save part 'xl/worksheets/sheet3.xml'
13:47:31.649 [main] DEBUG - Save part 'xl/worksheets/sheet4.xml'
13:47:31.697 [main] DEBUG - Parsing relationship: /xl/_rels/workbook.xml.rels
13:47:31.700 [main] DEBUG - Parsing relationship: /_rels/.rels
13:47:31.769 [main] DEBUG - Save content types part
13:47:31.773 [main] DEBUG - Save package relationships
13:47:31.776 [main] DEBUG - Save part 'docProps/app.xml'
13:47:31.777 [main] DEBUG - Save part 'docProps/core.xml'
13:47:31.780 [main] DEBUG - Save part 'xl/sharedStrings.xml'
13:47:31.781 [main] DEBUG - Save part 'xl/styles.xml'
13:47:31.781 [main] DEBUG - Save part 'xl/theme/theme1.xml'
13:47:31.782 [main] DEBUG - Save part 'xl/workbook.xml'
13:47:31.786 [main] DEBUG - Save part 'xl/worksheets/sheet1.xml'
13:47:31.787 [main] DEBUG - Save part 'xl/worksheets/sheet2.xml'
13:47:31.787 [main] DEBUG - Save part 'xl/worksheets/sheet3.xml'
13:47:31.788 [main] DEBUG - Save part 'xl/worksheets/sheet4.xml'
13:47:31.862 [main] DEBUG - Parsing relationship: /xl/_rels/workbook.xml.rels
13:47:31.864 [main] DEBUG - Parsing relationship: /_rels/.rels
13:47:31.914 [main] DEBUG - Save content types part
13:47:31.916 [main] DEBUG - Save package relationships
13:47:31.918 [main] DEBUG - Save part 'docProps/app.xml'
13:47:31.918 [main] DEBUG - Save part 'docProps/core.xml'
13:47:31.920 [main] DEBUG - Save part 'xl/sharedStrings.xml'
13:47:31.921 [main] DEBUG - Save part 'xl/styles.xml'
13:47:31.921 [main] DEBUG - Save part 'xl/theme/theme1.xml'
13:47:31.921 [main] DEBUG - Save part 'xl/workbook.xml'
13:47:31.923 [main] DEBUG - Save part 'xl/worksheets/sheet1.xml'
13:47:31.923 [main] DEBUG - Save part 'xl/worksheets/sheet2.xml'
13:47:31.924 [main] DEBUG - Save part 'xl/worksheets/sheet3.xml'
13:47:31.924 [main] DEBUG - Save part 'xl/worksheets/sheet4.xml'
13:47:31.925 [main] INFO  - **** Finished TC_002_UsedCar ****
13:47:41.203 [main] INFO  - **** Starting TC_001_UpcomingBike ****
13:47:41.204 [main] INFO  - clicking on  New Bikes 
13:47:44.461 [main] INFO  - Selecting Upcoming Bikes
13:47:46.947 [main] INFO  - clicking on Upcoming Bikes
21:36:30.090 [main] INFO  - Navigating to the Google Accounts sign in page
21:36:46.265 [main] INFO  - Entering email
21:36:46.374 [main] INFO  - Clicking on the next button
21:36:51.915 [main] INFO  - Capturing error message
21:37:01.971 [main] INFO  - **** Finished TC_003_LoginSignup ****
21:43:04.932 [main] INFO  - **** Starting TC_002_UsedCar ****
21:43:04.933 [main] INFO  - Navigating to the homepage
21:43:04.993 [main] INFO  - Hovering over and selecting used cars
21:43:05.162 [main] INFO  - Selecting Chennai used cars
21:43:19.779 [main] INFO  - **** Starting TC_001_UpcomingBike ****
21:43:19.780 [main] INFO  - clicking on  New Bikes 
21:43:23.017 [main] INFO  - Selecting Upcoming Bikes
21:51:35.248 [main] INFO  - **** Starting TC_003_LoginSignup ****
21:51:35.250 [main] INFO  - Navigating to the homepage
21:51:36.459 [main] INFO  - Clicking on the Login/Signup button
21:51:42.732 [main] INFO  - Selecting the Google button
21:51:51.060 [main] INFO  - Verifying that the Login/SignUp card is displayed
21:52:00.108 [main] INFO  - Navigating to the Google Accounts sign in page
21:52:16.358 [main] INFO  - Entering email
21:52:22.513 [main] INFO  - Clicking on the next button
21:52:28.028 [main] INFO  - Capturing error message
21:52:38.090 [main] INFO  - **** Finished TC_003_LoginSignup ****
22:12:35.712 [main] INFO  - **** Starting TC_003_LoginSignup ****
22:12:35.713 [main] INFO  - Navigating to the homepage
22:12:37.069 [main] INFO  - Clicking on the Login/Signup button
22:12:43.317 [main] INFO  - Selecting the Google button
22:12:51.626 [main] INFO  - Verifying that the Login/SignUp card is displayed
22:13:02.476 [main] INFO  - Navigating to the Google Accounts sign in page
22:13:18.953 [main] INFO  - Entering email
22:13:25.120 [main] INFO  - Clicking on the next button
22:13:30.750 [main] INFO  - Capturing error message
22:13:40.807 [main] INFO  - **** Finished TC_003_LoginSignup ****
22:13:51.691 [main] INFO  - **** Starting TC_002_UsedCar ****
22:13:51.691 [main] INFO  - Navigating to the homepage
22:13:51.706 [main] INFO  - Hovering over and selecting used cars
22:13:52.057 [main] INFO  - Selecting Chennai used cars
22:13:56.094 [main] INFO  - Checking that the popular models are displayed
22:13:56.439 [main] DEBUG - Parsing relationship: /xl/_rels/workbook.xml.rels
22:13:56.443 [main] DEBUG - Parsing relationship: /_rels/.rels
22:13:56.707 [main] TRACE - Loading type system org.apache.poi.schemas.ooxml.system.ooxml
22:13:56.710 [main] TRACE - Loading type system org.apache.xmlbeans.metadata.system.sXMLCONFIG
22:13:56.710 [main] TRACE - Loading type system org.apache.xmlbeans.metadata.system.sXMLLANG
22:13:56.711 [main] TRACE - Loading type system org.apache.xmlbeans.metadata.system.sXMLSCHEMA
22:13:56.711 [main] TRACE - Loading type system org.apache.xmlbeans.metadata.system.sXMLTOOLS
22:13:56.713 [main] TRACE - Reading unresolved handles for type system org.apache.xmlbeans.metadata.system.sXMLTOOLS
22:13:56.725 [main] TRACE - Finished loading type system org.apache.xmlbeans.metadata.system.sXMLTOOLS
22:13:56.727 [main] TRACE - Reading unresolved handles for type system org.apache.xmlbeans.metadata.system.sXMLSCHEMA
22:13:56.733 [main] TRACE - Finished loading type system org.apache.xmlbeans.metadata.system.sXMLSCHEMA
22:13:56.734 [main] TRACE - Reading unresolved handles for type system org.apache.xmlbeans.metadata.system.sXMLLANG
22:13:56.734 [main] TRACE - Finished loading type system org.apache.xmlbeans.metadata.system.sXMLLANG
22:13:56.736 [main] TRACE - Reading unresolved handles for type system org.apache.xmlbeans.metadata.system.sXMLCONFIG
22:13:56.737 [main] TRACE - Finished loading type system org.apache.xmlbeans.metadata.system.sXMLCONFIG
22:13:56.738 [main] TRACE - Reading unresolved handles for type system org.apache.poi.schemas.ooxml.system.ooxml
22:13:56.789 [main] TRACE - Finished loading type system org.apache.poi.schemas.ooxml.system.ooxml
22:13:56.791 [main] TRACE - Resolving type for handle themefd26doctype
22:13:56.881 [main] TRACE - Resolving type for handle stylesheet5d8bdoctype
22:13:56.889 [main] TRACE - Resolving type for handle ctstylesheet4257type
22:13:56.897 [main] TRACE - Resolving type for handle ctnumfmtsb58btype
22:13:56.901 [main] TRACE - Resolving type for handle ctfonts6623type
22:13:56.905 [main] TRACE - Resolving type for handle ctfont14d8type
22:13:56.916 [main] TRACE - Resolving type for handle ctfills2c6ftype
22:13:56.919 [main] TRACE - Resolving type for handle ctfill550ctype
22:13:56.922 [main] TRACE - Resolving type for handle ctborders0d66type
22:13:56.926 [main] TRACE - Resolving type for handle ctborderf935type
22:13:56.930 [main] TRACE - Resolving type for handle ctcellxfs1322type
22:13:56.935 [main] TRACE - Resolving type for handle ctxf97f7type
22:13:56.942 [main] TRACE - Resolving type for handle ctcellstylexfsa81ftype
22:13:56.945 [main] TRACE - Resolving type for handle ctdxfsb26atype
22:13:56.950 [main] TRACE - Resolving type for handle cttablestyles872ftype
22:13:56.958 [main] TRACE - Resolving type for handle sstf81fdoctype
22:13:56.964 [main] TRACE - Resolving type for handle ctsst44f3type
22:13:56.985 [main] TRACE - Resolving type for handle ctrsta472type
22:13:57.027 [main] TRACE - Resolving type for handle workbookec17doctype
22:13:57.035 [main] TRACE - Resolving type for handle ctworkbook83c3type
22:13:57.041 [main] TRACE - Resolving type for handle ctsheets49fdtype
22:13:57.045 [main] TRACE - Resolving type for handle ctsheet4dbetype
22:13:57.049 [main] TRACE - Resolving type for handle strelationshipid1e94type
22:13:57.053 [main] TRACE - Resolving type for handle worksheetf539doctype
22:13:57.062 [main] TRACE - Resolving type for handle ctworksheet530dtype
22:13:57.078 [main] TRACE - Resolving type for handle ctsheetdata8408type
22:13:57.086 [main] TRACE - Resolving type for handle ctcols627ctype
22:13:57.101 [main] TRACE - Resolving type for handle ctrowdd39type
22:13:57.114 [main] TRACE - Resolving type for handle ctcell842btype
22:13:57.126 [main] TRACE - Resolving type for handle stcellrefe4e0type
22:13:57.158 [main] TRACE - Resolving type for handle stxstringf179type
22:13:57.166 [main] TRACE - Resolving type for handle stcelltypebf95type
22:13:57.202 [main] TRACE - Resolving type for handle stcellstylexfid70c7type
22:13:57.220 [main] TRACE - Resolving type for handle ctsheetdimensiond310type
22:13:57.222 [main] TRACE - Resolving type for handle stref90a2type
22:13:57.234 [main] TRACE - Resolving type for handle propertiesee84doctype
22:13:57.237 [main] TRACE - Resolving type for handle ctproperties3f10type
22:13:57.248 [main] TRACE - Resolving type for handle properties288cdoctype
22:13:57.250 [main] TRACE - Resolving type for handle ctproperties2c18type
22:13:57.264 [main] DEBUG - Save content types part
22:13:57.364 [main] DEBUG - Save package relationships
22:13:57.370 [main] DEBUG - Save part 'docProps/app.xml'
22:13:57.370 [main] DEBUG - Save part 'docProps/core.xml'
22:13:57.375 [main] DEBUG - Save part 'xl/sharedStrings.xml'
22:13:57.376 [main] DEBUG - Save part 'xl/styles.xml'
22:13:57.376 [main] DEBUG - Save part 'xl/theme/theme1.xml'
22:13:57.377 [main] DEBUG - Save part 'xl/workbook.xml'
22:13:57.379 [main] DEBUG - Save part 'xl/worksheets/sheet1.xml'
22:13:57.379 [main] DEBUG - Save part 'xl/worksheets/sheet2.xml'
22:13:57.380 [main] DEBUG - Save part 'xl/worksheets/sheet3.xml'
22:13:57.380 [main] DEBUG - Save part 'xl/worksheets/sheet4.xml'
22:13:59.520 [main] DEBUG - Parsing relationship: /xl/_rels/workbook.xml.rels
22:13:59.523 [main] DEBUG - Parsing relationship: /_rels/.rels
22:13:59.591 [main] DEBUG - Save content types part
22:13:59.593 [main] DEBUG - Save package relationships
22:13:59.595 [main] DEBUG - Save part 'docProps/app.xml'
22:13:59.595 [main] DEBUG - Save part 'docProps/core.xml'
22:13:59.597 [main] DEBUG - Save part 'xl/sharedStrings.xml'
22:13:59.598 [main] DEBUG - Save part 'xl/styles.xml'
22:13:59.598 [main] DEBUG - Save part 'xl/theme/theme1.xml'
22:13:59.599 [main] DEBUG - Save part 'xl/workbook.xml'
22:13:59.601 [main] DEBUG - Save part 'xl/worksheets/sheet1.xml'
22:13:59.601 [main] DEBUG - Save part 'xl/worksheets/sheet2.xml'
22:13:59.601 [main] DEBUG - Save part 'xl/worksheets/sheet3.xml'
22:13:59.602 [main] DEBUG - Save part 'xl/worksheets/sheet4.xml'
22:13:59.643 [main] DEBUG - Parsing relationship: /xl/_rels/workbook.xml.rels
22:13:59.647 [main] DEBUG - Parsing relationship: /_rels/.rels
22:13:59.685 [main] DEBUG - Save content types part
22:13:59.686 [main] DEBUG - Save package relationships
22:13:59.687 [main] DEBUG - Save part 'docProps/app.xml'
22:13:59.688 [main] DEBUG - Save part 'docProps/core.xml'
22:13:59.689 [main] DEBUG - Save part 'xl/sharedStrings.xml'
22:13:59.689 [main] DEBUG - Save part 'xl/styles.xml'
22:13:59.690 [main] DEBUG - Save part 'xl/theme/theme1.xml'
22:13:59.691 [main] DEBUG - Save part 'xl/workbook.xml'
22:13:59.693 [main] DEBUG - Save part 'xl/worksheets/sheet1.xml'
22:13:59.694 [main] DEBUG - Save part 'xl/worksheets/sheet2.xml'
22:13:59.694 [main] DEBUG - Save part 'xl/worksheets/sheet3.xml'
22:13:59.694 [main] DEBUG - Save part 'xl/worksheets/sheet4.xml'
22:13:59.728 [main] DEBUG - Parsing relationship: /xl/_rels/workbook.xml.rels
22:13:59.728 [main] DEBUG - Parsing relationship: /_rels/.rels
22:13:59.762 [main] DEBUG - Save content types part
22:13:59.764 [main] DEBUG - Save package relationships
22:13:59.765 [main] DEBUG - Save part 'docProps/app.xml'
22:13:59.765 [main] DEBUG - Save part 'docProps/core.xml'
22:13:59.767 [main] DEBUG - Save part 'xl/sharedStrings.xml'
22:13:59.767 [main] DEBUG - Save part 'xl/styles.xml'
22:13:59.767 [main] DEBUG - Save part 'xl/theme/theme1.xml'
22:13:59.768 [main] DEBUG - Save part 'xl/workbook.xml'
22:13:59.771 [main] DEBUG - Save part 'xl/worksheets/sheet1.xml'
22:13:59.771 [main] DEBUG - Save part 'xl/worksheets/sheet2.xml'
22:13:59.772 [main] DEBUG - Save part 'xl/worksheets/sheet3.xml'
22:13:59.772 [main] DEBUG - Save part 'xl/worksheets/sheet4.xml'
22:13:59.810 [main] DEBUG - Parsing relationship: /xl/_rels/workbook.xml.rels
22:13:59.811 [main] DEBUG - Parsing relationship: /_rels/.rels
22:13:59.856 [main] DEBUG - Save content types part
22:13:59.858 [main] DEBUG - Save package relationships
22:13:59.860 [main] DEBUG - Save part 'docProps/app.xml'
22:13:59.861 [main] DEBUG - Save part 'docProps/core.xml'
22:13:59.863 [main] DEBUG - Save part 'xl/sharedStrings.xml'
22:13:59.863 [main] DEBUG - Save part 'xl/styles.xml'
22:13:59.863 [main] DEBUG - Save part 'xl/theme/theme1.xml'
22:13:59.864 [main] DEBUG - Save part 'xl/workbook.xml'
22:13:59.866 [main] DEBUG - Save part 'xl/worksheets/sheet1.xml'
22:13:59.867 [main] DEBUG - Save part 'xl/worksheets/sheet2.xml'
22:13:59.867 [main] DEBUG - Save part 'xl/worksheets/sheet3.xml'
22:13:59.868 [main] DEBUG - Save part 'xl/worksheets/sheet4.xml'
22:13:59.924 [main] DEBUG - Parsing relationship: /xl/_rels/workbook.xml.rels
22:13:59.926 [main] DEBUG - Parsing relationship: /_rels/.rels
22:13:59.987 [main] DEBUG - Save content types part
22:13:59.991 [main] DEBUG - Save package relationships
22:13:59.995 [main] DEBUG - Save part 'docProps/app.xml'
22:13:59.996 [main] DEBUG - Save part 'docProps/core.xml'
22:14:00.001 [main] DEBUG - Save part 'xl/sharedStrings.xml'
22:14:00.001 [main] DEBUG - Save part 'xl/styles.xml'
22:14:00.002 [main] DEBUG - Save part 'xl/theme/theme1.xml'
22:14:00.003 [main] DEBUG - Save part 'xl/workbook.xml'
22:14:00.008 [main] DEBUG - Save part 'xl/worksheets/sheet1.xml'
22:14:00.009 [main] DEBUG - Save part 'xl/worksheets/sheet2.xml'
22:14:00.009 [main] DEBUG - Save part 'xl/worksheets/sheet3.xml'
22:14:00.009 [main] DEBUG - Save part 'xl/worksheets/sheet4.xml'
22:14:00.071 [main] DEBUG - Parsing relationship: /xl/_rels/workbook.xml.rels
22:14:00.074 [main] DEBUG - Parsing relationship: /_rels/.rels
22:14:00.130 [main] DEBUG - Save content types part
22:14:00.135 [main] DEBUG - Save package relationships
22:14:00.139 [main] DEBUG - Save part 'docProps/app.xml'
22:14:00.142 [main] DEBUG - Save part 'docProps/core.xml'
22:14:00.146 [main] DEBUG - Save part 'xl/sharedStrings.xml'
22:14:00.147 [main] DEBUG - Save part 'xl/styles.xml'
22:14:00.148 [main] DEBUG - Save part 'xl/theme/theme1.xml'
22:14:00.149 [main] DEBUG - Save part 'xl/workbook.xml'
22:14:00.154 [main] DEBUG - Save part 'xl/worksheets/sheet1.xml'
22:14:00.156 [main] DEBUG - Save part 'xl/worksheets/sheet2.xml'
22:14:00.156 [main] DEBUG - Save part 'xl/worksheets/sheet3.xml'
22:14:00.156 [main] DEBUG - Save part 'xl/worksheets/sheet4.xml'
22:14:00.206 [main] DEBUG - Parsing relationship: /xl/_rels/workbook.xml.rels
22:14:00.207 [main] DEBUG - Parsing relationship: /_rels/.rels
22:14:00.272 [main] DEBUG - Save content types part
22:14:00.277 [main] DEBUG - Save package relationships
22:14:00.281 [main] DEBUG - Save part 'docProps/app.xml'
22:14:00.282 [main] DEBUG - Save part 'docProps/core.xml'
22:14:00.288 [main] DEBUG - Save part 'xl/sharedStrings.xml'
22:14:00.289 [main] DEBUG - Save part 'xl/styles.xml'
22:14:00.289 [main] DEBUG - Save part 'xl/theme/theme1.xml'
22:14:00.291 [main] DEBUG - Save part 'xl/workbook.xml'
22:14:00.294 [main] DEBUG - Save part 'xl/worksheets/sheet1.xml'
22:14:00.294 [main] DEBUG - Save part 'xl/worksheets/sheet2.xml'
22:14:00.295 [main] DEBUG - Save part 'xl/worksheets/sheet3.xml'
22:14:00.295 [main] DEBUG - Save part 'xl/worksheets/sheet4.xml'
22:14:00.355 [main] DEBUG - Parsing relationship: /xl/_rels/workbook.xml.rels
22:14:00.356 [main] DEBUG - Parsing relationship: /_rels/.rels
22:14:00.423 [main] DEBUG - Save content types part
22:14:00.425 [main] DEBUG - Save package relationships
22:14:00.428 [main] DEBUG - Save part 'docProps/app.xml'
22:14:00.429 [main] DEBUG - Save part 'docProps/core.xml'
22:14:00.430 [main] DEBUG - Save part 'xl/sharedStrings.xml'
22:14:00.431 [main] DEBUG - Save part 'xl/styles.xml'
22:14:00.432 [main] DEBUG - Save part 'xl/theme/theme1.xml'
22:14:00.432 [main] DEBUG - Save part 'xl/workbook.xml'
22:14:00.435 [main] DEBUG - Save part 'xl/worksheets/sheet1.xml'
22:14:00.436 [main] DEBUG - Save part 'xl/worksheets/sheet2.xml'
22:14:00.437 [main] DEBUG - Save part 'xl/worksheets/sheet3.xml'
22:14:00.437 [main] DEBUG - Save part 'xl/worksheets/sheet4.xml'
22:14:00.481 [main] DEBUG - Parsing relationship: /xl/_rels/workbook.xml.rels
22:14:00.483 [main] DEBUG - Parsing relationship: /_rels/.rels
22:14:00.532 [main] DEBUG - Save content types part
22:14:00.534 [main] DEBUG - Save package relationships
22:14:00.535 [main] DEBUG - Save part 'docProps/app.xml'
22:14:00.536 [main] DEBUG - Save part 'docProps/core.xml'
22:14:00.537 [main] DEBUG - Save part 'xl/sharedStrings.xml'
22:14:00.538 [main] DEBUG - Save part 'xl/styles.xml'
22:14:00.538 [main] DEBUG - Save part 'xl/theme/theme1.xml'
22:14:00.538 [main] DEBUG - Save part 'xl/workbook.xml'
22:14:00.541 [main] DEBUG - Save part 'xl/worksheets/sheet1.xml'
22:14:00.542 [main] DEBUG - Save part 'xl/worksheets/sheet2.xml'
22:14:00.542 [main] DEBUG - Save part 'xl/worksheets/sheet3.xml'
22:14:00.543 [main] DEBUG - Save part 'xl/worksheets/sheet4.xml'
22:14:00.544 [main] INFO  - **** Finished TC_002_UsedCar ****
22:22:35.809 [main] INFO  - **** Starting TC_003_LoginSignup ****
22:22:35.812 [main] INFO  - Navigating to the homepage
22:22:37.608 [main] INFO  - Clicking on the Login/Signup button
22:22:43.843 [main] INFO  - Selecting the Google button
22:22:52.089 [main] INFO  - Verifying that the Login/SignUp card is displayed
22:23:02.628 [main] INFO  - Navigating to the Google Accounts sign in page
22:23:19.220 [main] INFO  - Entering email
22:23:25.385 [main] INFO  - Clicking on the next button
22:23:30.999 [main] INFO  - Capturing error message
22:23:41.061 [main] INFO  - **** Finished TC_003_LoginSignup ****
22:23:51.171 [main] INFO  - **** Starting TC_002_UsedCar ****
22:23:51.171 [main] INFO  - Navigating to the homepage
22:23:51.183 [main] INFO  - Hovering over and selecting used cars
22:23:51.438 [main] INFO  - Selecting Chennai used cars
22:23:55.180 [main] INFO  - Checking that the popular models are displayed
22:23:55.944 [main] DEBUG - Parsing relationship: /xl/_rels/workbook.xml.rels
22:23:55.948 [main] DEBUG - Parsing relationship: /_rels/.rels
22:23:56.076 [main] TRACE - Loading type system org.apache.poi.schemas.ooxml.system.ooxml
22:23:56.078 [main] TRACE - Loading type system org.apache.xmlbeans.metadata.system.sXMLCONFIG
22:23:56.079 [main] TRACE - Loading type system org.apache.xmlbeans.metadata.system.sXMLLANG
22:23:56.079 [main] TRACE - Loading type system org.apache.xmlbeans.metadata.system.sXMLSCHEMA
22:23:56.079 [main] TRACE - Loading type system org.apache.xmlbeans.metadata.system.sXMLTOOLS
22:23:56.080 [main] TRACE - Reading unresolved handles for type system org.apache.xmlbeans.metadata.system.sXMLTOOLS
22:23:56.088 [main] TRACE - Finished loading type system org.apache.xmlbeans.metadata.system.sXMLTOOLS
22:23:56.089 [main] TRACE - Reading unresolved handles for type system org.apache.xmlbeans.metadata.system.sXMLSCHEMA
22:23:56.093 [main] TRACE - Finished loading type system org.apache.xmlbeans.metadata.system.sXMLSCHEMA
22:23:56.094 [main] TRACE - Reading unresolved handles for type system org.apache.xmlbeans.metadata.system.sXMLLANG
22:23:56.095 [main] TRACE - Finished loading type system org.apache.xmlbeans.metadata.system.sXMLLANG
22:23:56.096 [main] TRACE - Reading unresolved handles for type system org.apache.xmlbeans.metadata.system.sXMLCONFIG
22:23:56.097 [main] TRACE - Finished loading type system org.apache.xmlbeans.metadata.system.sXMLCONFIG
22:23:56.098 [main] TRACE - Reading unresolved handles for type system org.apache.poi.schemas.ooxml.system.ooxml
22:23:56.132 [main] TRACE - Finished loading type system org.apache.poi.schemas.ooxml.system.ooxml
22:23:56.133 [main] TRACE - Resolving type for handle themefd26doctype
22:23:56.170 [main] TRACE - Resolving type for handle stylesheet5d8bdoctype
22:23:56.174 [main] TRACE - Resolving type for handle ctstylesheet4257type
22:23:56.176 [main] TRACE - Resolving type for handle ctnumfmtsb58btype
22:23:56.178 [main] TRACE - Resolving type for handle ctfonts6623type
22:23:56.182 [main] TRACE - Resolving type for handle ctfont14d8type
22:23:56.186 [main] TRACE - Resolving type for handle ctfills2c6ftype
22:23:56.188 [main] TRACE - Resolving type for handle ctfill550ctype
22:23:56.190 [main] TRACE - Resolving type for handle ctborders0d66type
22:23:56.192 [main] TRACE - Resolving type for handle ctborderf935type
22:23:56.194 [main] TRACE - Resolving type for handle ctcellxfs1322type
22:23:56.195 [main] TRACE - Resolving type for handle ctxf97f7type
22:23:56.196 [main] TRACE - Resolving type for handle ctcellstylexfsa81ftype
22:23:56.198 [main] TRACE - Resolving type for handle ctdxfsb26atype
22:23:56.201 [main] TRACE - Resolving type for handle cttablestyles872ftype
22:23:56.203 [main] TRACE - Resolving type for handle sstf81fdoctype
22:23:56.206 [main] TRACE - Resolving type for handle ctsst44f3type
22:23:56.215 [main] TRACE - Resolving type for handle ctrsta472type
22:23:56.234 [main] TRACE - Resolving type for handle workbookec17doctype
22:23:56.239 [main] TRACE - Resolving type for handle ctworkbook83c3type
22:23:56.247 [main] TRACE - Resolving type for handle ctsheets49fdtype
22:23:56.248 [main] TRACE - Resolving type for handle ctsheet4dbetype
22:23:56.249 [main] TRACE - Resolving type for handle strelationshipid1e94type
22:23:56.251 [main] TRACE - Resolving type for handle worksheetf539doctype
22:23:56.256 [main] TRACE - Resolving type for handle ctworksheet530dtype
22:23:56.264 [main] TRACE - Resolving type for handle ctsheetdata8408type
22:23:56.267 [main] TRACE - Resolving type for handle ctcols627ctype
22:23:56.274 [main] TRACE - Resolving type for handle ctrowdd39type
22:23:56.280 [main] TRACE - Resolving type for handle ctcell842btype
22:23:56.284 [main] TRACE - Resolving type for handle stcellrefe4e0type
22:23:56.296 [main] TRACE - Resolving type for handle stxstringf179type
22:23:56.302 [main] TRACE - Resolving type for handle stcelltypebf95type
22:23:56.323 [main] TRACE - Resolving type for handle stcellstylexfid70c7type
22:23:56.329 [main] TRACE - Resolving type for handle ctsheetdimensiond310type
22:23:56.331 [main] TRACE - Resolving type for handle stref90a2type
22:23:56.341 [main] TRACE - Resolving type for handle propertiesee84doctype
22:23:56.344 [main] TRACE - Resolving type for handle ctproperties3f10type
22:23:56.351 [main] TRACE - Resolving type for handle properties288cdoctype
22:23:56.353 [main] TRACE - Resolving type for handle ctproperties2c18type
22:23:56.364 [main] DEBUG - Save content types part
22:23:56.441 [main] DEBUG - Save package relationships
22:23:56.446 [main] DEBUG - Save part 'docProps/app.xml'
22:23:56.446 [main] DEBUG - Save part 'docProps/core.xml'
22:23:56.451 [main] DEBUG - Save part 'xl/sharedStrings.xml'
22:23:56.451 [main] DEBUG - Save part 'xl/styles.xml'
22:23:56.451 [main] DEBUG - Save part 'xl/theme/theme1.xml'
22:23:56.452 [main] DEBUG - Save part 'xl/workbook.xml'
22:23:56.454 [main] DEBUG - Save part 'xl/worksheets/sheet1.xml'
22:23:56.454 [main] DEBUG - Save part 'xl/worksheets/sheet2.xml'
22:23:56.455 [main] DEBUG - Save part 'xl/worksheets/sheet3.xml'
22:23:56.455 [main] DEBUG - Save part 'xl/worksheets/sheet4.xml'
22:23:58.545 [main] DEBUG - Parsing relationship: /xl/_rels/workbook.xml.rels
22:23:58.546 [main] DEBUG - Parsing relationship: /_rels/.rels
22:23:58.582 [main] DEBUG - Save content types part
22:23:58.601 [main] DEBUG - Save package relationships
22:23:58.603 [main] DEBUG - Save part 'docProps/app.xml'
22:23:58.604 [main] DEBUG - Save part 'docProps/core.xml'
22:23:58.605 [main] DEBUG - Save part 'xl/sharedStrings.xml'
22:23:58.606 [main] DEBUG - Save part 'xl/styles.xml'
22:23:58.606 [main] DEBUG - Save part 'xl/theme/theme1.xml'
22:23:58.607 [main] DEBUG - Save part 'xl/workbook.xml'
22:23:58.609 [main] DEBUG - Save part 'xl/worksheets/sheet1.xml'
22:23:58.609 [main] DEBUG - Save part 'xl/worksheets/sheet2.xml'
22:23:58.609 [main] DEBUG - Save part 'xl/worksheets/sheet3.xml'
22:23:58.609 [main] DEBUG - Save part 'xl/worksheets/sheet4.xml'
22:23:58.650 [main] DEBUG - Parsing relationship: /xl/_rels/workbook.xml.rels
22:23:58.650 [main] DEBUG - Parsing relationship: /_rels/.rels
22:23:58.693 [main] DEBUG - Save content types part
22:23:58.695 [main] DEBUG - Save package relationships
22:23:58.697 [main] DEBUG - Save part 'docProps/app.xml'
22:23:58.697 [main] DEBUG - Save part 'docProps/core.xml'
22:23:58.699 [main] DEBUG - Save part 'xl/sharedStrings.xml'
22:23:58.699 [main] DEBUG - Save part 'xl/styles.xml'
22:23:58.699 [main] DEBUG - Save part 'xl/theme/theme1.xml'
22:23:58.700 [main] DEBUG - Save part 'xl/workbook.xml'
22:23:58.703 [main] DEBUG - Save part 'xl/worksheets/sheet1.xml'
22:23:58.704 [main] DEBUG - Save part 'xl/worksheets/sheet2.xml'
22:23:58.704 [main] DEBUG - Save part 'xl/worksheets/sheet3.xml'
22:23:58.704 [main] DEBUG - Save part 'xl/worksheets/sheet4.xml'
22:23:58.744 [main] DEBUG - Parsing relationship: /xl/_rels/workbook.xml.rels
22:23:58.746 [main] DEBUG - Parsing relationship: /_rels/.rels
22:23:58.789 [main] DEBUG - Save content types part
22:23:58.791 [main] DEBUG - Save package relationships
22:23:58.792 [main] DEBUG - Save part 'docProps/app.xml'
22:23:58.792 [main] DEBUG - Save part 'docProps/core.xml'
22:23:58.794 [main] DEBUG - Save part 'xl/sharedStrings.xml'
22:23:58.794 [main] DEBUG - Save part 'xl/styles.xml'
22:23:58.795 [main] DEBUG - Save part 'xl/theme/theme1.xml'
22:23:58.796 [main] DEBUG - Save part 'xl/workbook.xml'
22:23:58.800 [main] DEBUG - Save part 'xl/worksheets/sheet1.xml'
22:23:58.800 [main] DEBUG - Save part 'xl/worksheets/sheet2.xml'
22:23:58.801 [main] DEBUG - Save part 'xl/worksheets/sheet3.xml'
22:23:58.801 [main] DEBUG - Save part 'xl/worksheets/sheet4.xml'
22:23:58.841 [main] DEBUG - Parsing relationship: /xl/_rels/workbook.xml.rels
22:23:58.842 [main] DEBUG - Parsing relationship: /_rels/.rels
