12:46:36.958 [main] TRACE - Finished loading type system org.apache.xmlbeans.metadata.system.sXMLSCHEMA
12:46:36.964 [main] TRACE - Reading unresolved handles for type system org.apache.xmlbeans.metadata.system.sXMLLANG
12:46:36.965 [main] TRACE - Finished loading type system org.apache.xmlbeans.metadata.system.sXMLLANG
12:46:36.966 [main] TRACE - Reading unresolved handles for type system org.apache.xmlbeans.metadata.system.sXMLCONFIG
12:46:36.967 [main] TRACE - Finished loading type system org.apache.xmlbeans.metadata.system.sXMLCONFIG
12:46:36.967 [main] TRACE - Reading unresolved handles for type system org.apache.poi.schemas.ooxml.system.ooxml
12:46:37.004 [main] TRACE - Finished loading type system org.apache.poi.schemas.ooxml.system.ooxml
12:46:37.005 [main] TRACE - Resolving type for handle themefd26doctype
12:46:37.056 [main] TRACE - Resolving type for handle stylesheet5d8bdoctype
12:46:37.060 [main] TRACE - Resolving type for handle ctstylesheet4257type
12:46:37.063 [main] TRACE - Resolving type for handle ctnumfmtsb58btype
12:46:37.065 [main] TRACE - Resolving type for handle ctfonts6623type
12:46:37.067 [main] TRACE - Resolving type for handle ctfont14d8type
12:46:37.071 [main] TRACE - Resolving type for handle ctfills2c6ftype
12:46:37.073 [main] TRACE - Resolving type for handle ctfill550ctype
12:46:37.074 [main] TRACE - Resolving type for handle ctborders0d66type
12:46:37.076 [main] TRACE - Resolving type for handle ctborderf935type
12:46:37.078 [main] TRACE - Resolving type for handle ctcellxfs1322type
12:46:37.080 [main] TRACE - Resolving type for handle ctxf97f7type
12:46:37.082 [main] TRACE - Resolving type for handle ctcellstylexfsa81ftype
12:46:37.084 [main] TRACE - Resolving type for handle ctdxfsb26atype
12:46:37.085 [main] TRACE - Resolving type for handle cttablestyles872ftype
12:46:37.088 [main] TRACE - Resolving type for handle sstf81fdoctype
12:46:37.092 [main] TRACE - Resolving type for handle ctsst44f3type
12:46:37.097 [main] TRACE - Resolving type for handle ctrsta472type
12:46:37.128 [main] TRACE - Resolving type for handle workbookec17doctype
12:46:37.135 [main] TRACE - Resolving type for handle ctworkbook83c3type
12:46:37.141 [main] TRACE - Resolving type for handle ctsheets49fdtype
12:46:37.144 [main] TRACE - Resolving type for handle ctsheet4dbetype
12:46:37.146 [main] TRACE - Resolving type for handle strelationshipid1e94type
12:46:37.150 [main] TRACE - Resolving type for handle worksheetf539doctype
12:46:37.155 [main] TRACE - Resolving type for handle ctworksheet530dtype
12:46:37.162 [main] TRACE - Resolving type for handle ctsheetdata8408type
12:46:37.168 [main] TRACE - Resolving type for handle ctcols627ctype
12:46:37.181 [main] TRACE - Resolving type for handle ctrowdd39type
12:46:37.188 [main] TRACE - Resolving type for handle ctcell842btype
12:46:37.193 [main] TRACE - Resolving type for handle stcellrefe4e0type
12:46:37.210 [main] TRACE - Resolving type for handle stxstringf179type
12:46:37.215 [main] TRACE - Resolving type for handle stcelltypebf95type
12:46:37.233 [main] TRACE - Resolving type for handle stcellstylexfid70c7type
12:46:37.240 [main] TRACE - Resolving type for handle ctsheetdimensiond310type
12:46:37.242 [main] TRACE - Resolving type for handle stref90a2type
12:46:37.253 [main] TRACE - Resolving type for handle propertiesee84doctype
12:46:37.254 [main] TRACE - Resolving type for handle ctproperties3f10type
12:46:37.258 [main] TRACE - Resolving type for handle properties288cdoctype
12:46:37.259 [main] TRACE - Resolving type for handle ctproperties2c18type
12:46:37.269 [main] DEBUG - Save content types part
12:46:37.339 [main] DEBUG - Save package relationships
12:46:37.344 [main] DEBUG - Save part 'docProps/app.xml'
12:46:37.345 [main] DEBUG - Save part 'docProps/core.xml'
12:46:37.349 [main] DEBUG - Save part 'xl/sharedStrings.xml'
12:46:37.349 [main] DEBUG - Save part 'xl/styles.xml'
12:46:37.350 [main] DEBUG - Save part 'xl/theme/theme1.xml'
12:46:37.351 [main] DEBUG - Save part 'xl/workbook.xml'
12:46:37.353 [main] DEBUG - Save part 'xl/worksheets/sheet1.xml'
12:46:37.353 [main] DEBUG - Save part 'xl/worksheets/sheet2.xml'
12:46:37.354 [main] DEBUG - Save part 'xl/worksheets/sheet3.xml'
12:46:37.354 [main] DEBUG - Save part 'xl/worksheets/sheet4.xml'
12:46:37.376 [main] DEBUG - Parsing relationship: /xl/_rels/workbook.xml.rels
12:46:37.377 [main] DEBUG - Parsing relationship: /_rels/.rels
12:46:37.413 [main] DEBUG - Save content types part
12:46:37.414 [main] DEBUG - Save package relationships
12:46:37.416 [main] DEBUG - Save part 'docProps/app.xml'
12:46:37.416 [main] DEBUG - Save part 'docProps/core.xml'
12:46:37.417 [main] DEBUG - Save part 'xl/sharedStrings.xml'
12:46:37.417 [main] DEBUG - Save part 'xl/styles.xml'
12:46:37.418 [main] DEBUG - Save part 'xl/theme/theme1.xml'
12:46:37.418 [main] DEBUG - Save part 'xl/workbook.xml'
12:46:37.419 [main] DEBUG - Save part 'xl/worksheets/sheet1.xml'
12:46:37.419 [main] DEBUG - Save part 'xl/worksheets/sheet2.xml'
12:46:37.419 [main] DEBUG - Save part 'xl/worksheets/sheet3.xml'
12:46:37.420 [main] DEBUG - Save part 'xl/worksheets/sheet4.xml'
12:46:37.435 [main] DEBUG - Parsing relationship: /xl/_rels/workbook.xml.rels
12:46:37.436 [main] DEBUG - Parsing relationship: /_rels/.rels
12:46:37.460 [main] DEBUG - Save content types part
12:46:37.462 [main] DEBUG - Save package relationships
12:46:37.463 [main] DEBUG - Save part 'docProps/app.xml'
12:46:37.463 [main] DEBUG - Save part 'docProps/core.xml'
12:46:37.465 [main] DEBUG - Save part 'xl/sharedStrings.xml'
12:46:37.465 [main] DEBUG - Save part 'xl/styles.xml'
12:46:37.466 [main] DEBUG - Save part 'xl/theme/theme1.xml'
12:46:37.466 [main] DEBUG - Save part 'xl/workbook.xml'
12:46:37.468 [main] DEBUG - Save part 'xl/worksheets/sheet1.xml'
12:46:37.468 [main] DEBUG - Save part 'xl/worksheets/sheet2.xml'
12:46:37.468 [main] DEBUG - Save part 'xl/worksheets/sheet3.xml'
12:46:37.468 [main] DEBUG - Save part 'xl/worksheets/sheet4.xml'
12:46:37.529 [main] DEBUG - Parsing relationship: /xl/_rels/workbook.xml.rels
12:46:37.530 [main] DEBUG - Parsing relationship: /_rels/.rels
12:46:37.551 [main] DEBUG - Save content types part
12:46:37.552 [main] DEBUG - Save package relationships
12:46:37.553 [main] DEBUG - Save part 'docProps/app.xml'
12:46:37.553 [main] DEBUG - Save part 'docProps/core.xml'
12:46:37.554 [main] DEBUG - Save part 'xl/sharedStrings.xml'
12:46:37.554 [main] DEBUG - Save part 'xl/styles.xml'
12:46:37.554 [main] DEBUG - Save part 'xl/theme/theme1.xml'
12:46:37.555 [main] DEBUG - Save part 'xl/workbook.xml'
12:46:37.556 [main] DEBUG - Save part 'xl/worksheets/sheet1.xml'
12:46:37.556 [main] DEBUG - Save part 'xl/worksheets/sheet2.xml'
12:46:37.556 [main] DEBUG - Save part 'xl/worksheets/sheet3.xml'
12:46:37.556 [main] DEBUG - Save part 'xl/worksheets/sheet4.xml'
12:46:37.576 [main] DEBUG - Parsing relationship: /xl/_rels/workbook.xml.rels
12:46:37.576 [main] DEBUG - Parsing relationship: /_rels/.rels
12:46:37.595 [main] DEBUG - Save content types part
12:46:37.596 [main] DEBUG - Save package relationships
12:46:37.597 [main] DEBUG - Save part 'docProps/app.xml'
12:46:37.597 [main] DEBUG - Save part 'docProps/core.xml'
12:46:37.598 [main] DEBUG - Save part 'xl/sharedStrings.xml'
12:46:37.598 [main] DEBUG - Save part 'xl/styles.xml'
12:46:37.598 [main] DEBUG - Save part 'xl/theme/theme1.xml'
12:46:37.599 [main] DEBUG - Save part 'xl/workbook.xml'
12:46:37.600 [main] DEBUG - Save part 'xl/worksheets/sheet1.xml'
12:46:37.600 [main] DEBUG - Save part 'xl/worksheets/sheet2.xml'
12:46:37.600 [main] DEBUG - Save part 'xl/worksheets/sheet3.xml'
12:46:37.600 [main] DEBUG - Save part 'xl/worksheets/sheet4.xml'
12:46:37.615 [main] DEBUG - Parsing relationship: /xl/_rels/workbook.xml.rels
12:46:37.615 [main] DEBUG - Parsing relationship: /_rels/.rels
12:46:37.632 [main] DEBUG - Save content types part
12:46:37.633 [main] DEBUG - Save package relationships
12:46:37.634 [main] DEBUG - Save part 'docProps/app.xml'
12:46:37.634 [main] DEBUG - Save part 'docProps/core.xml'
12:46:37.635 [main] DEBUG - Save part 'xl/sharedStrings.xml'
12:46:37.635 [main] DEBUG - Save part 'xl/styles.xml'
12:46:37.635 [main] DEBUG - Save part 'xl/theme/theme1.xml'
12:46:37.635 [main] DEBUG - Save part 'xl/workbook.xml'
12:46:37.636 [main] DEBUG - Save part 'xl/worksheets/sheet1.xml'
12:46:37.636 [main] DEBUG - Save part 'xl/worksheets/sheet2.xml'
12:46:37.636 [main] DEBUG - Save part 'xl/worksheets/sheet3.xml'
12:46:37.637 [main] DEBUG - Save part 'xl/worksheets/sheet4.xml'
12:46:37.702 [main] DEBUG - Parsing relationship: /xl/_rels/workbook.xml.rels
12:46:37.703 [main] DEBUG - Parsing relationship: /_rels/.rels
12:46:37.722 [main] DEBUG - Save content types part
12:46:37.723 [main] DEBUG - Save package relationships
12:46:37.724 [main] DEBUG - Save part 'docProps/app.xml'
12:46:37.725 [main] DEBUG - Save part 'docProps/core.xml'
12:46:37.726 [main] DEBUG - Save part 'xl/sharedStrings.xml'
12:46:37.726 [main] DEBUG - Save part 'xl/styles.xml'
12:46:37.726 [main] DEBUG - Save part 'xl/theme/theme1.xml'
12:46:37.726 [main] DEBUG - Save part 'xl/workbook.xml'
12:46:37.727 [main] DEBUG - Save part 'xl/worksheets/sheet1.xml'
12:46:37.728 [main] DEBUG - Save part 'xl/worksheets/sheet2.xml'
12:46:37.728 [main] DEBUG - Save part 'xl/worksheets/sheet3.xml'
12:46:37.728 [main] DEBUG - Save part 'xl/worksheets/sheet4.xml'
12:46:37.743 [main] DEBUG - Parsing relationship: /xl/_rels/workbook.xml.rels
12:46:37.743 [main] DEBUG - Parsing relationship: /_rels/.rels
12:46:37.763 [main] DEBUG - Save content types part
12:46:37.764 [main] DEBUG - Save package relationships
12:46:37.765 [main] DEBUG - Save part 'docProps/app.xml'
12:46:37.765 [main] DEBUG - Save part 'docProps/core.xml'
12:46:37.766 [main] DEBUG - Save part 'xl/sharedStrings.xml'
12:46:37.766 [main] DEBUG - Save part 'xl/styles.xml'
12:46:37.766 [main] DEBUG - Save part 'xl/theme/theme1.xml'
12:46:37.767 [main] DEBUG - Save part 'xl/workbook.xml'
12:46:37.768 [main] DEBUG - Save part 'xl/worksheets/sheet1.xml'
12:46:37.768 [main] DEBUG - Save part 'xl/worksheets/sheet2.xml'
12:46:37.769 [main] DEBUG - Save part 'xl/worksheets/sheet3.xml'
12:46:37.769 [main] DEBUG - Save part 'xl/worksheets/sheet4.xml'
12:46:37.784 [main] DEBUG - Parsing relationship: /xl/_rels/workbook.xml.rels
12:46:37.784 [main] DEBUG - Parsing relationship: /_rels/.rels
12:46:37.802 [main] DEBUG - Save content types part
12:46:37.803 [main] DEBUG - Save package relationships
12:46:37.804 [main] DEBUG - Save part 'docProps/app.xml'
12:46:37.804 [main] DEBUG - Save part 'docProps/core.xml'
12:46:37.805 [main] DEBUG - Save part 'xl/sharedStrings.xml'
12:46:37.806 [main] DEBUG - Save part 'xl/styles.xml'
12:46:37.806 [main] DEBUG - Save part 'xl/theme/theme1.xml'
12:46:37.806 [main] DEBUG - Save part 'xl/workbook.xml'
12:46:37.807 [main] DEBUG - Save part 'xl/worksheets/sheet1.xml'
12:46:37.807 [main] DEBUG - Save part 'xl/worksheets/sheet2.xml'
12:46:37.807 [main] DEBUG - Save part 'xl/worksheets/sheet3.xml'
12:46:37.807 [main] DEBUG - Save part 'xl/worksheets/sheet4.xml'
12:46:38.007 [main] DEBUG - Parsing relationship: /xl/_rels/workbook.xml.rels
12:46:38.007 [main] DEBUG - Parsing relationship: /_rels/.rels
12:46:38.031 [main] DEBUG - Save content types part
12:46:38.034 [main] DEBUG - Save package relationships
12:46:38.036 [main] DEBUG - Save part 'docProps/app.xml'
12:46:38.037 [main] DEBUG - Save part 'docProps/core.xml'
12:46:38.039 [main] DEBUG - Save part 'xl/sharedStrings.xml'
12:46:38.039 [main] DEBUG - Save part 'xl/styles.xml'
12:46:38.039 [main] DEBUG - Save part 'xl/theme/theme1.xml'
12:46:38.039 [main] DEBUG - Save part 'xl/workbook.xml'
12:46:38.041 [main] DEBUG - Save part 'xl/worksheets/sheet1.xml'
12:46:38.041 [main] DEBUG - Save part 'xl/worksheets/sheet2.xml'
12:46:38.041 [main] DEBUG - Save part 'xl/worksheets/sheet3.xml'
12:46:38.041 [main] DEBUG - Save part 'xl/worksheets/sheet4.xml'
12:46:38.063 [main] DEBUG - Parsing relationship: /xl/_rels/workbook.xml.rels
12:46:38.064 [main] DEBUG - Parsing relationship: /_rels/.rels
12:46:38.093 [main] DEBUG - Save content types part
12:46:38.095 [main] DEBUG - Save package relationships
12:46:38.096 [main] DEBUG - Save part 'docProps/app.xml'
12:46:38.096 [main] DEBUG - Save part 'docProps/core.xml'
12:46:38.097 [main] DEBUG - Save part 'xl/sharedStrings.xml'
12:46:38.098 [main] DEBUG - Save part 'xl/styles.xml'
12:46:38.098 [main] DEBUG - Save part 'xl/theme/theme1.xml'
12:46:38.098 [main] DEBUG - Save part 'xl/workbook.xml'
12:46:38.100 [main] DEBUG - Save part 'xl/worksheets/sheet1.xml'
12:46:38.100 [main] DEBUG - Save part 'xl/worksheets/sheet2.xml'
12:46:38.100 [main] DEBUG - Save part 'xl/worksheets/sheet3.xml'
12:46:38.100 [main] DEBUG - Save part 'xl/worksheets/sheet4.xml'
12:46:38.122 [main] DEBUG - Parsing relationship: /xl/_rels/workbook.xml.rels
12:46:38.123 [main] DEBUG - Parsing relationship: /_rels/.rels
12:46:38.159 [main] DEBUG - Save content types part
12:46:38.161 [main] DEBUG - Save package relationships
12:46:38.162 [main] DEBUG - Save part 'docProps/app.xml'
12:46:38.162 [main] DEBUG - Save part 'docProps/core.xml'
12:46:38.164 [main] DEBUG - Save part 'xl/sharedStrings.xml'
12:46:38.164 [main] DEBUG - Save part 'xl/styles.xml'
12:46:38.165 [main] DEBUG - Save part 'xl/theme/theme1.xml'
12:46:38.165 [main] DEBUG - Save part 'xl/workbook.xml'
12:46:38.167 [main] DEBUG - Save part 'xl/worksheets/sheet1.xml'
12:46:38.167 [main] DEBUG - Save part 'xl/worksheets/sheet2.xml'
12:46:38.167 [main] DEBUG - Save part 'xl/worksheets/sheet3.xml'
12:46:38.168 [main] DEBUG - Save part 'xl/worksheets/sheet4.xml'
12:46:38.281 [main] DEBUG - Parsing relationship: /xl/_rels/workbook.xml.rels
12:46:38.282 [main] DEBUG - Parsing relationship: /_rels/.rels
12:46:38.316 [main] DEBUG - Save content types part
12:46:38.318 [main] DEBUG - Save package relationships
12:46:38.320 [main] DEBUG - Save part 'docProps/app.xml'
12:46:38.321 [main] DEBUG - Save part 'docProps/core.xml'
12:46:38.323 [main] DEBUG - Save part 'xl/sharedStrings.xml'
12:46:38.323 [main] DEBUG - Save part 'xl/styles.xml'
12:46:38.323 [main] DEBUG - Save part 'xl/theme/theme1.xml'
12:46:38.324 [main] DEBUG - Save part 'xl/workbook.xml'
12:46:38.325 [main] DEBUG - Save part 'xl/worksheets/sheet1.xml'
12:46:38.326 [main] DEBUG - Save part 'xl/worksheets/sheet2.xml'
12:46:38.326 [main] DEBUG - Save part 'xl/worksheets/sheet3.xml'
12:46:38.326 [main] DEBUG - Save part 'xl/worksheets/sheet4.xml'
12:46:38.349 [main] DEBUG - Parsing relationship: /xl/_rels/workbook.xml.rels
12:46:38.350 [main] DEBUG - Parsing relationship: /_rels/.rels
12:46:38.376 [main] DEBUG - Save content types part
12:46:38.378 [main] DEBUG - Save package relationships
12:46:38.379 [main] DEBUG - Save part 'docProps/app.xml'
12:46:38.379 [main] DEBUG - Save part 'docProps/core.xml'
12:46:38.381 [main] DEBUG - Save part 'xl/sharedStrings.xml'
12:46:38.381 [main] DEBUG - Save part 'xl/styles.xml'
12:46:38.382 [main] DEBUG - Save part 'xl/theme/theme1.xml'
12:46:38.382 [main] DEBUG - Save part 'xl/workbook.xml'
12:46:38.384 [main] DEBUG - Save part 'xl/worksheets/sheet1.xml'
12:46:38.384 [main] DEBUG - Save part 'xl/worksheets/sheet2.xml'
12:46:38.385 [main] DEBUG - Save part 'xl/worksheets/sheet3.xml'
12:46:38.385 [main] DEBUG - Save part 'xl/worksheets/sheet4.xml'
12:46:38.417 [main] DEBUG - Parsing relationship: /xl/_rels/workbook.xml.rels
12:46:38.418 [main] DEBUG - Parsing relationship: /_rels/.rels
12:46:38.455 [main] DEBUG - Save content types part
12:46:38.457 [main] DEBUG - Save package relationships
12:46:38.459 [main] DEBUG - Save part 'docProps/app.xml'
12:46:38.459 [main] DEBUG - Save part 'docProps/core.xml'
12:46:38.461 [main] DEBUG - Save part 'xl/sharedStrings.xml'
12:46:38.462 [main] DEBUG - Save part 'xl/styles.xml'
12:46:38.462 [main] DEBUG - Save part 'xl/theme/theme1.xml'
12:46:38.462 [main] DEBUG - Save part 'xl/workbook.xml'
12:46:38.464 [main] DEBUG - Save part 'xl/worksheets/sheet1.xml'
12:46:38.464 [main] DEBUG - Save part 'xl/worksheets/sheet2.xml'
12:46:38.465 [main] DEBUG - Save part 'xl/worksheets/sheet3.xml'
12:46:38.465 [main] DEBUG - Save part 'xl/worksheets/sheet4.xml'
12:46:38.845 [main] DEBUG - Parsing relationship: /xl/_rels/workbook.xml.rels
12:46:38.846 [main] DEBUG - Parsing relationship: /_rels/.rels
12:46:38.885 [main] DEBUG - Save content types part
12:46:38.887 [main] DEBUG - Save package relationships
12:46:38.889 [main] DEBUG - Save part 'docProps/app.xml'
12:46:38.889 [main] DEBUG - Save part 'docProps/core.xml'
12:46:38.891 [main] DEBUG - Save part 'xl/sharedStrings.xml'
12:46:38.892 [main] DEBUG - Save part 'xl/styles.xml'
12:46:38.892 [main] DEBUG - Save part 'xl/theme/theme1.xml'
12:46:38.892 [main] DEBUG - Save part 'xl/workbook.xml'
12:46:38.894 [main] DEBUG - Save part 'xl/worksheets/sheet1.xml'
12:46:38.894 [main] DEBUG - Save part 'xl/worksheets/sheet2.xml'
12:46:38.894 [main] DEBUG - Save part 'xl/worksheets/sheet3.xml'
12:46:38.895 [main] DEBUG - Save part 'xl/worksheets/sheet4.xml'
12:46:38.921 [main] DEBUG - Parsing relationship: /xl/_rels/workbook.xml.rels
12:46:38.922 [main] DEBUG - Parsing relationship: /_rels/.rels
12:46:38.947 [main] DEBUG - Save content types part
12:46:38.948 [main] DEBUG - Save package relationships
12:46:38.950 [main] DEBUG - Save part 'docProps/app.xml'
12:46:38.950 [main] DEBUG - Save part 'docProps/core.xml'
12:46:38.951 [main] DEBUG - Save part 'xl/sharedStrings.xml'
12:46:38.952 [main] DEBUG - Save part 'xl/styles.xml'
12:46:38.952 [main] DEBUG - Save part 'xl/theme/theme1.xml'
12:46:38.952 [main] DEBUG - Save part 'xl/workbook.xml'
12:46:38.954 [main] DEBUG - Save part 'xl/worksheets/sheet1.xml'
12:46:38.954 [main] DEBUG - Save part 'xl/worksheets/sheet2.xml'
12:46:38.954 [main] DEBUG - Save part 'xl/worksheets/sheet3.xml'
12:46:38.954 [main] DEBUG - Save part 'xl/worksheets/sheet4.xml'
12:46:38.984 [main] DEBUG - Parsing relationship: /xl/_rels/workbook.xml.rels
12:46:38.985 [main] DEBUG - Parsing relationship: /_rels/.rels
12:46:39.009 [main] DEBUG - Save content types part
12:46:39.011 [main] DEBUG - Save package relationships
12:46:39.013 [main] DEBUG - Save part 'docProps/app.xml'
12:46:39.014 [main] DEBUG - Save part 'docProps/core.xml'
12:46:39.017 [main] DEBUG - Save part 'xl/sharedStrings.xml'
12:46:39.017 [main] DEBUG - Save part 'xl/styles.xml'
12:46:39.018 [main] DEBUG - Save part 'xl/theme/theme1.xml'
12:46:39.018 [main] DEBUG - Save part 'xl/workbook.xml'
12:46:39.020 [main] DEBUG - Save part 'xl/worksheets/sheet1.xml'
12:46:39.021 [main] DEBUG - Save part 'xl/worksheets/sheet2.xml'
12:46:39.021 [main] DEBUG - Save part 'xl/worksheets/sheet3.xml'
12:46:39.021 [main] DEBUG - Save part 'xl/worksheets/sheet4.xml'
12:46:39.263 [main] DEBUG - Parsing relationship: /xl/_rels/workbook.xml.rels
12:46:39.265 [main] DEBUG - Parsing relationship: /_rels/.rels
12:46:39.306 [main] DEBUG - Save content types part
12:46:39.309 [main] DEBUG - Save package relationships
12:46:39.311 [main] DEBUG - Save part 'docProps/app.xml'
12:46:39.311 [main] DEBUG - Save part 'docProps/core.xml'
12:46:39.314 [main] DEBUG - Save part 'xl/sharedStrings.xml'
12:46:39.314 [main] DEBUG - Save part 'xl/styles.xml'
12:46:39.315 [main] DEBUG - Save part 'xl/theme/theme1.xml'
12:46:39.315 [main] DEBUG - Save part 'xl/workbook.xml'
12:46:39.318 [main] DEBUG - Save part 'xl/worksheets/sheet1.xml'
12:46:39.319 [main] DEBUG - Save part 'xl/worksheets/sheet2.xml'
12:46:39.319 [main] DEBUG - Save part 'xl/worksheets/sheet3.xml'
12:46:39.320 [main] DEBUG - Save part 'xl/worksheets/sheet4.xml'
12:46:39.399 [main] DEBUG - Parsing relationship: /xl/_rels/workbook.xml.rels
12:46:39.400 [main] DEBUG - Parsing relationship: /_rels/.rels
12:46:39.441 [main] DEBUG - Save content types part
12:46:39.443 [main] DEBUG - Save package relationships
12:46:39.446 [main] DEBUG - Save part 'docProps/app.xml'
12:46:39.446 [main] DEBUG - Save part 'docProps/core.xml'
12:46:39.449 [main] DEBUG - Save part 'xl/sharedStrings.xml'
12:46:39.450 [main] DEBUG - Save part 'xl/styles.xml'
12:46:39.450 [main] DEBUG - Save part 'xl/theme/theme1.xml'
12:46:39.451 [main] DEBUG - Save part 'xl/workbook.xml'
12:46:39.454 [main] DEBUG - Save part 'xl/worksheets/sheet1.xml'
12:46:39.454 [main] DEBUG - Save part 'xl/worksheets/sheet2.xml'
12:46:39.455 [main] DEBUG - Save part 'xl/worksheets/sheet3.xml'
12:46:39.455 [main] DEBUG - Save part 'xl/worksheets/sheet4.xml'
12:46:39.549 [main] DEBUG - Parsing relationship: /xl/_rels/workbook.xml.rels
12:46:39.550 [main] DEBUG - Parsing relationship: /_rels/.rels
12:46:39.595 [main] DEBUG - Save content types part
12:46:39.597 [main] DEBUG - Save package relationships
12:46:39.599 [main] DEBUG - Save part 'docProps/app.xml'
12:46:39.600 [main] DEBUG - Save part 'docProps/core.xml'
12:46:39.602 [main] DEBUG - Save part 'xl/sharedStrings.xml'
12:46:39.603 [main] DEBUG - Save part 'xl/styles.xml'
12:46:39.603 [main] DEBUG - Save part 'xl/theme/theme1.xml'
12:46:39.604 [main] DEBUG - Save part 'xl/workbook.xml'
12:46:39.607 [main] DEBUG - Save part 'xl/worksheets/sheet1.xml'
12:46:39.607 [main] DEBUG - Save part 'xl/worksheets/sheet2.xml'
12:46:39.608 [main] DEBUG - Save part 'xl/worksheets/sheet3.xml'
12:46:39.608 [main] DEBUG - Save part 'xl/worksheets/sheet4.xml'
12:46:39.755 [main] DEBUG - Parsing relationship: /xl/_rels/workbook.xml.rels
12:46:39.757 [main] DEBUG - Parsing relationship: /_rels/.rels
12:46:39.809 [main] DEBUG - Save content types part
12:46:39.813 [main] DEBUG - Save package relationships
12:46:39.815 [main] DEBUG - Save part 'docProps/app.xml'
12:46:39.816 [main] DEBUG - Save part 'docProps/core.xml'
12:46:39.818 [main] DEBUG - Save part 'xl/sharedStrings.xml'
12:46:39.819 [main] DEBUG - Save part 'xl/styles.xml'
12:46:39.819 [main] DEBUG - Save part 'xl/theme/theme1.xml'
12:46:39.820 [main] DEBUG - Save part 'xl/workbook.xml'
12:46:39.822 [main] DEBUG - Save part 'xl/worksheets/sheet1.xml'
12:46:39.823 [main] DEBUG - Save part 'xl/worksheets/sheet2.xml'
12:46:39.823 [main] DEBUG - Save part 'xl/worksheets/sheet3.xml'
12:46:39.824 [main] DEBUG - Save part 'xl/worksheets/sheet4.xml'
12:46:39.855 [main] DEBUG - Parsing relationship: /xl/_rels/workbook.xml.rels
12:46:39.856 [main] DEBUG - Parsing relationship: /_rels/.rels
12:46:39.896 [main] DEBUG - Save content types part
12:46:39.898 [main] DEBUG - Save package relationships
12:46:39.901 [main] DEBUG - Save part 'docProps/app.xml'
12:46:39.901 [main] DEBUG - Save part 'docProps/core.xml'
12:46:39.904 [main] DEBUG - Save part 'xl/sharedStrings.xml'
12:46:39.904 [main] DEBUG - Save part 'xl/styles.xml'
12:46:39.905 [main] DEBUG - Save part 'xl/theme/theme1.xml'
12:46:39.905 [main] DEBUG - Save part 'xl/workbook.xml'
12:46:39.908 [main] DEBUG - Save part 'xl/worksheets/sheet1.xml'
12:46:39.908 [main] DEBUG - Save part 'xl/worksheets/sheet2.xml'
12:46:39.908 [main] DEBUG - Save part 'xl/worksheets/sheet3.xml'
12:46:39.909 [main] DEBUG - Save part 'xl/worksheets/sheet4.xml'
12:46:39.936 [main] DEBUG - Parsing relationship: /xl/_rels/workbook.xml.rels
12:46:39.936 [main] DEBUG - Parsing relationship: /_rels/.rels
12:46:39.976 [main] DEBUG - Save content types part
12:46:39.979 [main] DEBUG - Save package relationships
12:46:39.981 [main] DEBUG - Save part 'docProps/app.xml'
12:46:39.982 [main] DEBUG - Save part 'docProps/core.xml'
12:46:39.984 [main] DEBUG - Save part 'xl/sharedStrings.xml'
12:46:39.984 [main] DEBUG - Save part 'xl/styles.xml'
12:46:39.986 [main] DEBUG - Save part 'xl/theme/theme1.xml'
12:46:39.986 [main] DEBUG - Save part 'xl/workbook.xml'
12:46:39.989 [main] DEBUG - Save part 'xl/worksheets/sheet1.xml'
12:46:39.990 [main] DEBUG - Save part 'xl/worksheets/sheet2.xml'
12:46:39.991 [main] DEBUG - Save part 'xl/worksheets/sheet3.xml'
12:46:39.991 [main] DEBUG - Save part 'xl/worksheets/sheet4.xml'
12:46:40.130 [main] DEBUG - Parsing relationship: /xl/_rels/workbook.xml.rels
12:46:40.132 [main] DEBUG - Parsing relationship: /_rels/.rels
12:46:40.164 [main] DEBUG - Save content types part
12:46:40.166 [main] DEBUG - Save package relationships
12:46:40.167 [main] DEBUG - Save part 'docProps/app.xml'
12:46:40.168 [main] DEBUG - Save part 'docProps/core.xml'
12:46:40.170 [main] DEBUG - Save part 'xl/sharedStrings.xml'
12:46:40.171 [main] DEBUG - Save part 'xl/styles.xml'
12:46:40.171 [main] DEBUG - Save part 'xl/theme/theme1.xml'
12:46:40.171 [main] DEBUG - Save part 'xl/workbook.xml'
12:46:40.173 [main] DEBUG - Save part 'xl/worksheets/sheet1.xml'
12:46:40.173 [main] DEBUG - Save part 'xl/worksheets/sheet2.xml'
12:46:40.173 [main] DEBUG - Save part 'xl/worksheets/sheet3.xml'
12:46:40.174 [main] DEBUG - Save part 'xl/worksheets/sheet4.xml'
12:46:40.201 [main] DEBUG - Parsing relationship: /xl/_rels/workbook.xml.rels
12:46:40.202 [main] DEBUG - Parsing relationship: /_rels/.rels
12:46:40.224 [main] DEBUG - Save content types part
12:46:40.226 [main] DEBUG - Save package relationships
12:46:40.227 [main] DEBUG - Save part 'docProps/app.xml'
12:46:40.228 [main] DEBUG - Save part 'docProps/core.xml'
12:46:40.230 [main] DEBUG - Save part 'xl/sharedStrings.xml'
12:46:40.231 [main] DEBUG - Save part 'xl/styles.xml'
12:46:40.231 [main] DEBUG - Save part 'xl/theme/theme1.xml'
12:46:40.232 [main] DEBUG - Save part 'xl/workbook.xml'
12:46:40.234 [main] DEBUG - Save part 'xl/worksheets/sheet1.xml'
12:46:40.235 [main] DEBUG - Save part 'xl/worksheets/sheet2.xml'
12:46:40.235 [main] DEBUG - Save part 'xl/worksheets/sheet3.xml'
12:46:40.235 [main] DEBUG - Save part 'xl/worksheets/sheet4.xml'
12:46:40.260 [main] DEBUG - Parsing relationship: /xl/_rels/workbook.xml.rels
12:46:40.261 [main] DEBUG - Parsing relationship: /_rels/.rels
12:46:40.288 [main] DEBUG - Save content types part
12:46:40.290 [main] DEBUG - Save package relationships
12:46:40.291 [main] DEBUG - Save part 'docProps/app.xml'
12:46:40.292 [main] DEBUG - Save part 'docProps/core.xml'
12:46:40.294 [main] DEBUG - Save part 'xl/sharedStrings.xml'
12:46:40.294 [main] DEBUG - Save part 'xl/styles.xml'
12:46:40.294 [main] DEBUG - Save part 'xl/theme/theme1.xml'
12:46:40.295 [main] DEBUG - Save part 'xl/workbook.xml'
12:46:40.297 [main] DEBUG - Save part 'xl/worksheets/sheet1.xml'
12:46:40.297 [main] DEBUG - Save part 'xl/worksheets/sheet2.xml'
12:46:40.297 [main] DEBUG - Save part 'xl/worksheets/sheet3.xml'
12:46:40.297 [main] DEBUG - Save part 'xl/worksheets/sheet4.xml'
12:46:40.318 [main] INFO  - **** Finished TC_001_UpcomingBike ****
12:48:10.485 [main] INFO  - **** Starting TC_003_LoginSignup ****
12:48:10.487 [main] INFO  - Navigating to the homepage
12:48:11.739 [main] INFO  - Clicking on the Login/Signup button
12:48:20.892 [main] INFO  - Selecting the Google button
12:48:29.107 [main] INFO  - Verifying that the Login/SignUp card is displayed
12:48:38.742 [main] INFO  - Navigating to the Google Accounts sign in page
12:48:54.299 [main] INFO  - Entering email
12:49:00.401 [main] INFO  - Clicking on the next button
12:49:05.819 [main] INFO  - Capturing error message
12:49:15.865 [main] INFO  - **** Finished TC_003_LoginSignup ****
12:49:33.139 [main] INFO  - **** Starting TC_002_UsedCar ****
12:49:33.139 [main] INFO  - Navigating to the homepage
12:49:33.151 [main] INFO  - Hovering over and selecting used cars
12:49:37.362 [main] INFO  - Selecting Chennai used cars
12:49:43.558 [main] INFO  - Checking that the popular models are displayed
12:49:43.712 [main] DEBUG - Parsing relationship: /xl/_rels/workbook.xml.rels
12:49:43.716 [main] DEBUG - Parsing relationship: /_rels/.rels
12:49:43.941 [main] TRACE - Loading type system org.apache.poi.schemas.ooxml.system.ooxml
12:49:43.944 [main] TRACE - Loading type system org.apache.xmlbeans.metadata.system.sXMLCONFIG
12:49:43.945 [main] TRACE - Loading type system org.apache.xmlbeans.metadata.system.sXMLLANG
12:49:43.945 [main] TRACE - Loading type system org.apache.xmlbeans.metadata.system.sXMLSCHEMA
12:49:43.946 [main] TRACE - Loading type system org.apache.xmlbeans.metadata.system.sXMLTOOLS
12:49:43.949 [main] TRACE - Reading unresolved handles for type system org.apache.xmlbeans.metadata.system.sXMLTOOLS
12:49:43.963 [main] TRACE - Finished loading type system org.apache.xmlbeans.metadata.system.sXMLTOOLS
12:49:43.965 [main] TRACE - Reading unresolved handles for type system org.apache.xmlbeans.metadata.system.sXMLSCHEMA
12:49:43.969 [main] TRACE - Finished loading type system org.apache.xmlbeans.metadata.system.sXMLSCHEMA
12:49:43.970 [main] TRACE - Reading unresolved handles for type system org.apache.xmlbeans.metadata.system.sXMLLANG
12:49:43.972 [main] TRACE - Finished loading type system org.apache.xmlbeans.metadata.system.sXMLLANG
12:49:43.973 [main] TRACE - Reading unresolved handles for type system org.apache.xmlbeans.metadata.system.sXMLCONFIG
12:49:43.974 [main] TRACE - Finished loading type system org.apache.xmlbeans.metadata.system.sXMLCONFIG
12:49:43.976 [main] TRACE - Reading unresolved handles for type system org.apache.poi.schemas.ooxml.system.ooxml
12:49:44.034 [main] TRACE - Finished loading type system org.apache.poi.schemas.ooxml.system.ooxml
12:49:44.035 [main] TRACE - Resolving type for handle themefd26doctype
12:49:44.102 [main] TRACE - Resolving type for handle stylesheet5d8bdoctype
12:49:44.108 [main] TRACE - Resolving type for handle ctstylesheet4257type
12:49:44.113 [main] TRACE - Resolving type for handle ctnumfmtsb58btype
12:49:44.116 [main] TRACE - Resolving type for handle ctfonts6623type
12:49:44.118 [main] TRACE - Resolving type for handle ctfont14d8type
12:49:44.123 [main] TRACE - Resolving type for handle ctfills2c6ftype
12:49:44.125 [main] TRACE - Resolving type for handle ctfill550ctype
12:49:44.127 [main] TRACE - Resolving type for handle ctborders0d66type
12:49:44.129 [main] TRACE - Resolving type for handle ctborderf935type
12:49:44.132 [main] TRACE - Resolving type for handle ctcellxfs1322type
12:49:44.134 [main] TRACE - Resolving type for handle ctxf97f7type
12:49:44.137 [main] TRACE - Resolving type for handle ctcellstylexfsa81ftype
12:49:44.138 [main] TRACE - Resolving type for handle ctdxfsb26atype
12:49:44.141 [main] TRACE - Resolving type for handle cttablestyles872ftype
12:49:44.144 [main] TRACE - Resolving type for handle sstf81fdoctype
12:49:44.147 [main] TRACE - Resolving type for handle ctsst44f3type
12:49:44.156 [main] TRACE - Resolving type for handle ctrsta472type
12:49:44.181 [main] TRACE - Resolving type for handle workbookec17doctype
12:49:44.185 [main] TRACE - Resolving type for handle ctworkbook83c3type
12:49:44.189 [main] TRACE - Resolving type for handle ctsheets49fdtype
12:49:44.192 [main] TRACE - Resolving type for handle ctsheet4dbetype
12:49:44.194 [main] TRACE - Resolving type for handle strelationshipid1e94type
12:49:44.197 [main] TRACE - Resolving type for handle worksheetf539doctype
12:49:44.204 [main] TRACE - Resolving type for handle ctworksheet530dtype
12:49:44.215 [main] TRACE - Resolving type for handle ctsheetdata8408type
12:49:44.223 [main] TRACE - Resolving type for handle ctcols627ctype
12:49:44.235 [main] TRACE - Resolving type for handle ctrowdd39type
12:49:44.243 [main] TRACE - Resolving type for handle ctcell842btype
12:49:44.251 [main] TRACE - Resolving type for handle stcellrefe4e0type
12:49:44.270 [main] TRACE - Resolving type for handle stxstringf179type
12:49:44.278 [main] TRACE - Resolving type for handle stcelltypebf95type
12:49:44.309 [main] TRACE - Resolving type for handle stcellstylexfid70c7type
12:49:44.329 [main] TRACE - Resolving type for handle ctsheetdimensiond310type
12:49:44.331 [main] TRACE - Resolving type for handle stref90a2type
12:49:44.342 [main] TRACE - Resolving type for handle propertiesee84doctype
12:49:44.346 [main] TRACE - Resolving type for handle ctproperties3f10type
12:49:44.352 [main] TRACE - Resolving type for handle properties288cdoctype
12:49:44.354 [main] TRACE - Resolving type for handle ctproperties2c18type
12:49:44.374 [main] DEBUG - Save content types part
12:49:44.485 [main] DEBUG - Save package relationships
12:49:44.494 [main] DEBUG - Save part 'docProps/app.xml'
12:49:44.494 [main] DEBUG - Save part 'docProps/core.xml'
12:49:44.499 [main] DEBUG - Save part 'xl/sharedStrings.xml'
12:49:44.499 [main] DEBUG - Save part 'xl/styles.xml'
12:49:44.500 [main] DEBUG - Save part 'xl/theme/theme1.xml'
12:49:44.500 [main] DEBUG - Save part 'xl/workbook.xml'
12:49:44.503 [main] DEBUG - Save part 'xl/worksheets/sheet1.xml'
12:49:44.504 [main] DEBUG - Save part 'xl/worksheets/sheet2.xml'
12:49:44.504 [main] DEBUG - Save part 'xl/worksheets/sheet3.xml'
12:49:44.504 [main] DEBUG - Save part 'xl/worksheets/sheet4.xml'
12:49:46.593 [main] DEBUG - Parsing relationship: /xl/_rels/workbook.xml.rels
12:49:46.594 [main] DEBUG - Parsing relationship: /_rels/.rels
12:49:46.617 [main] DEBUG - Save content types part
12:49:46.618 [main] DEBUG - Save package relationships
12:49:46.619 [main] DEBUG - Save part 'docProps/app.xml'
12:49:46.619 [main] DEBUG - Save part 'docProps/core.xml'
12:49:46.620 [main] DEBUG - Save part 'xl/sharedStrings.xml'
12:49:46.620 [main] DEBUG - Save part 'xl/styles.xml'
12:49:46.620 [main] DEBUG - Save part 'xl/theme/theme1.xml'
12:49:46.620 [main] DEBUG - Save part 'xl/workbook.xml'
12:49:46.621 [main] DEBUG - Save part 'xl/worksheets/sheet1.xml'
12:49:46.621 [main] DEBUG - Save part 'xl/worksheets/sheet2.xml'
12:49:46.622 [main] DEBUG - Save part 'xl/worksheets/sheet3.xml'
12:49:46.622 [main] DEBUG - Save part 'xl/worksheets/sheet4.xml'
12:49:46.647 [main] DEBUG - Parsing relationship: /xl/_rels/workbook.xml.rels
12:49:46.648 [main] DEBUG - Parsing relationship: /_rels/.rels
12:49:46.674 [main] DEBUG - Save content types part
12:49:46.676 [main] DEBUG - Save package relationships
12:49:46.677 [main] DEBUG - Save part 'docProps/app.xml'
12:49:46.677 [main] DEBUG - Save part 'docProps/core.xml'
12:49:46.678 [main] DEBUG - Save part 'xl/sharedStrings.xml'
12:49:46.678 [main] DEBUG - Save part 'xl/styles.xml'
12:49:46.679 [main] DEBUG - Save part 'xl/theme/theme1.xml'
12:49:46.679 [main] DEBUG - Save part 'xl/workbook.xml'
12:49:46.681 [main] DEBUG - Save part 'xl/worksheets/sheet1.xml'
12:49:46.681 [main] DEBUG - Save part 'xl/worksheets/sheet2.xml'
12:49:46.681 [main] DEBUG - Save part 'xl/worksheets/sheet3.xml'
12:49:46.681 [main] DEBUG - Save part 'xl/worksheets/sheet4.xml'
12:49:46.710 [main] DEBUG - Parsing relationship: /xl/_rels/workbook.xml.rels
12:49:46.710 [main] DEBUG - Parsing relationship: /_rels/.rels
12:49:46.745 [main] DEBUG - Save content types part
12:49:46.746 [main] DEBUG - Save package relationships
12:49:46.747 [main] DEBUG - Save part 'docProps/app.xml'
12:49:46.747 [main] DEBUG - Save part 'docProps/core.xml'
12:49:46.748 [main] DEBUG - Save part 'xl/sharedStrings.xml'
12:49:46.749 [main] DEBUG - Save part 'xl/styles.xml'
12:49:46.749 [main] DEBUG - Save part 'xl/theme/theme1.xml'
12:49:46.749 [main] DEBUG - Save part 'xl/workbook.xml'
12:49:46.751 [main] DEBUG - Save part 'xl/worksheets/sheet1.xml'
12:49:46.752 [main] DEBUG - Save part 'xl/worksheets/sheet2.xml'
12:49:46.752 [main] DEBUG - Save part 'xl/worksheets/sheet3.xml'
12:49:46.752 [main] DEBUG - Save part 'xl/worksheets/sheet4.xml'
12:49:46.786 [main] DEBUG - Parsing relationship: /xl/_rels/workbook.xml.rels
12:49:46.787 [main] DEBUG - Parsing relationship: /_rels/.rels
12:49:46.816 [main] DEBUG - Save content types part
12:49:46.818 [main] DEBUG - Save package relationships
12:49:46.819 [main] DEBUG - Save part 'docProps/app.xml'
12:49:46.819 [main] DEBUG - Save part 'docProps/core.xml'
12:49:46.820 [main] DEBUG - Save part 'xl/sharedStrings.xml'
12:49:46.821 [main] DEBUG - Save part 'xl/styles.xml'
12:49:46.821 [main] DEBUG - Save part 'xl/theme/theme1.xml'
12:49:46.822 [main] DEBUG - Save part 'xl/workbook.xml'
12:49:46.823 [main] DEBUG - Save part 'xl/worksheets/sheet1.xml'
12:49:46.823 [main] DEBUG - Save part 'xl/worksheets/sheet2.xml'
12:49:46.824 [main] DEBUG - Save part 'xl/worksheets/sheet3.xml'
12:49:46.824 [main] DEBUG - Save part 'xl/worksheets/sheet4.xml'
12:49:46.863 [main] DEBUG - Parsing relationship: /xl/_rels/workbook.xml.rels
12:49:46.864 [main] DEBUG - Parsing relationship: /_rels/.rels
12:49:46.916 [main] DEBUG - Save content types part
12:49:46.919 [main] DEBUG - Save package relationships
12:49:46.922 [main] DEBUG - Save part 'docProps/app.xml'
12:49:46.923 [main] DEBUG - Save part 'docProps/core.xml'
12:49:46.926 [main] DEBUG - Save part 'xl/sharedStrings.xml'
12:49:46.927 [main] DEBUG - Save part 'xl/styles.xml'
12:49:46.927 [main] DEBUG - Save part 'xl/theme/theme1.xml'
12:49:46.928 [main] DEBUG - Save part 'xl/workbook.xml'
12:49:46.933 [main] DEBUG - Save part 'xl/worksheets/sheet1.xml'
12:49:46.933 [main] DEBUG - Save part 'xl/worksheets/sheet2.xml'
12:49:46.934 [main] DEBUG - Save part 'xl/worksheets/sheet3.xml'
12:49:46.934 [main] DEBUG - Save part 'xl/worksheets/sheet4.xml'
12:49:47.017 [main] DEBUG - Parsing relationship: /xl/_rels/workbook.xml.rels
12:49:47.019 [main] DEBUG - Parsing relationship: /_rels/.rels
12:49:47.068 [main] DEBUG - Save content types part
12:49:47.070 [main] DEBUG - Save package relationships
12:49:47.071 [main] DEBUG - Save part 'docProps/app.xml'
12:49:47.072 [main] DEBUG - Save part 'docProps/core.xml'
12:49:47.073 [main] DEBUG - Save part 'xl/sharedStrings.xml'
12:49:47.074 [main] DEBUG - Save part 'xl/styles.xml'
12:49:47.074 [main] DEBUG - Save part 'xl/theme/theme1.xml'
12:49:47.075 [main] DEBUG - Save part 'xl/workbook.xml'
12:49:47.076 [main] DEBUG - Save part 'xl/worksheets/sheet1.xml'
12:49:47.077 [main] DEBUG - Save part 'xl/worksheets/sheet2.xml'
12:49:47.077 [main] DEBUG - Save part 'xl/worksheets/sheet3.xml'
12:49:47.077 [main] DEBUG - Save part 'xl/worksheets/sheet4.xml'
12:49:47.122 [main] DEBUG - Parsing relationship: /xl/_rels/workbook.xml.rels
12:49:47.123 [main] DEBUG - Parsing relationship: /_rels/.rels
12:49:47.161 [main] DEBUG - Save content types part
12:49:47.163 [main] DEBUG - Save package relationships
12:49:47.164 [main] DEBUG - Save part 'docProps/app.xml'
12:49:47.165 [main] DEBUG - Save part 'docProps/core.xml'
12:49:47.166 [main] DEBUG - Save part 'xl/sharedStrings.xml'
12:49:47.166 [main] DEBUG - Save part 'xl/styles.xml'
12:49:47.167 [main] DEBUG - Save part 'xl/theme/theme1.xml'
12:49:47.167 [main] DEBUG - Save part 'xl/workbook.xml'
12:49:47.169 [main] DEBUG - Save part 'xl/worksheets/sheet1.xml'
12:49:47.169 [main] DEBUG - Save part 'xl/worksheets/sheet2.xml'
12:49:47.169 [main] DEBUG - Save part 'xl/worksheets/sheet3.xml'
12:49:47.169 [main] DEBUG - Save part 'xl/worksheets/sheet4.xml'
12:49:47.212 [main] DEBUG - Parsing relationship: /xl/_rels/workbook.xml.rels
12:49:47.213 [main] DEBUG - Parsing relationship: /_rels/.rels
12:49:47.242 [main] DEBUG - Save content types part
12:49:47.244 [main] DEBUG - Save package relationships
12:49:47.245 [main] DEBUG - Save part 'docProps/app.xml'
12:49:47.245 [main] DEBUG - Save part 'docProps/core.xml'
12:49:47.247 [main] DEBUG - Save part 'xl/sharedStrings.xml'
12:49:47.247 [main] DEBUG - Save part 'xl/styles.xml'
12:49:47.247 [main] DEBUG - Save part 'xl/theme/theme1.xml'
12:49:47.248 [main] DEBUG - Save part 'xl/workbook.xml'
12:49:47.249 [main] DEBUG - Save part 'xl/worksheets/sheet1.xml'
12:49:47.250 [main] DEBUG - Save part 'xl/worksheets/sheet2.xml'
12:49:47.250 [main] DEBUG - Save part 'xl/worksheets/sheet3.xml'
12:49:47.250 [main] DEBUG - Save part 'xl/worksheets/sheet4.xml'
12:49:47.293 [main] DEBUG - Parsing relationship: /xl/_rels/workbook.xml.rels
12:49:47.294 [main] DEBUG - Parsing relationship: /_rels/.rels
12:49:47.323 [main] DEBUG - Save content types part
12:49:47.325 [main] DEBUG - Save package relationships
12:49:47.326 [main] DEBUG - Save part 'docProps/app.xml'
12:49:47.326 [main] DEBUG - Save part 'docProps/core.xml'
12:49:47.328 [main] DEBUG - Save part 'xl/sharedStrings.xml'
12:49:47.328 [main] DEBUG - Save part 'xl/styles.xml'
12:49:47.328 [main] DEBUG - Save part 'xl/theme/theme1.xml'
12:49:47.329 [main] DEBUG - Save part 'xl/workbook.xml'
12:49:47.330 [main] DEBUG - Save part 'xl/worksheets/sheet1.xml'
12:49:47.330 [main] DEBUG - Save part 'xl/worksheets/sheet2.xml'
12:49:47.331 [main] DEBUG - Save part 'xl/worksheets/sheet3.xml'
12:49:47.331 [main] DEBUG - Save part 'xl/worksheets/sheet4.xml'
12:49:47.333 [main] INFO  - **** Finished TC_002_UsedCar ****
12:50:04.205 [main] INFO  - **** Starting TC_001_UpcomingBike ****
12:50:04.205 [main] INFO  - clicking on  New Bikes 
12:50:09.413 [main] INFO  - Selecting Upcoming Bikes
12:50:17.310 [main] INFO  - checking Upcoming Bikes page is displayed or not
12:50:17.323 [main] INFO  - clicking on Manufacturers dropdown
12:50:19.440 [main] INFO  - selecting Honda brand
12:50:22.323 [main] INFO  - checking ViewMore button visibility
12:55:08.180 [main] INFO  - **** Starting TC_003_LoginSignup ****
12:55:08.182 [main] INFO  - Navigating to the homepage
12:55:13.262 [main] ERROR - Failed to navigate to the homepage!!!
13:30:25.607 [main] INFO  - **** Starting TC_003_LoginSignup ****
13:30:25.611 [main] INFO  - Navigating to the homepage
13:30:28.925 [main] INFO  - Clicking on the Login/Signup button
13:30:40.093 [main] INFO  - Selecting the Google button
13:30:50.306 [main] INFO  - Verifying that the Login/SignUp card is displayed
13:31:05.315 [main] INFO  - Navigating to the Google Accounts sign in page
13:31:23.553 [main] INFO  - Entering email
13:31:31.692 [main] INFO  - Clicking on the next button
13:31:39.331 [main] INFO  - Capturing error message
13:31:49.393 [main] INFO  - **** Finished TC_003_LoginSignup ****
13:32:07.149 [main] INFO  - **** Starting TC_002_UsedCar ****
13:32:07.149 [main] INFO  - Navigating to the homepage
13:32:07.209 [main] INFO  - Hovering over and selecting used cars
13:32:11.397 [main] INFO  - Selecting Chennai used cars
13:32:18.299 [main] INFO  - Checking that the popular models are displayed
13:32:18.464 [main] DEBUG - Parsing relationship: /xl/_rels/workbook.xml.rels
13:32:18.470 [main] DEBUG - Parsing relationship: /_rels/.rels
13:32:18.603 [main] TRACE - Loading type system org.apache.poi.schemas.ooxml.system.ooxml
13:32:18.606 [main] TRACE - Loading type system org.apache.xmlbeans.metadata.system.sXMLCONFIG
13:32:18.606 [main] TRACE - Loading type system org.apache.xmlbeans.metadata.system.sXMLLANG
13:32:18.606 [main] TRACE - Loading type system org.apache.xmlbeans.metadata.system.sXMLSCHEMA
13:32:18.607 [main] TRACE - Loading type system org.apache.xmlbeans.metadata.system.sXMLTOOLS
13:32:18.608 [main] TRACE - Reading unresolved handles for type system org.apache.xmlbeans.metadata.system.sXMLTOOLS
13:32:18.616 [main] TRACE - Finished loading type system org.apache.xmlbeans.metadata.system.sXMLTOOLS
13:32:18.617 [main] TRACE - Reading unresolved handles for type system org.apache.xmlbeans.metadata.system.sXMLSCHEMA
13:32:18.621 [main] TRACE - Finished loading type system org.apache.xmlbeans.metadata.system.sXMLSCHEMA
13:32:18.622 [main] TRACE - Reading unresolved handles for type system org.apache.xmlbeans.metadata.system.sXMLLANG
13:32:18.623 [main] TRACE - Finished loading type system org.apache.xmlbeans.metadata.system.sXMLLANG
13:32:18.624 [main] TRACE - Reading unresolved handles for type system org.apache.xmlbeans.metadata.system.sXMLCONFIG
13:32:18.625 [main] TRACE - Finished loading type system org.apache.xmlbeans.metadata.system.sXMLCONFIG
13:32:18.626 [main] TRACE - Reading unresolved handles for type system org.apache.poi.schemas.ooxml.system.ooxml
13:32:18.677 [main] TRACE - Finished loading type system org.apache.poi.schemas.ooxml.system.ooxml
13:32:18.678 [main] TRACE - Resolving type for handle themefd26doctype
13:32:18.793 [main] TRACE - Resolving type for handle stylesheet5d8bdoctype
13:32:18.803 [main] TRACE - Resolving type for handle ctstylesheet4257type
13:32:18.809 [main] TRACE - Resolving type for handle ctnumfmtsb58btype
13:32:18.814 [main] TRACE - Resolving type for handle ctfonts6623type
13:32:18.818 [main] TRACE - Resolving type for handle ctfont14d8type
13:32:18.827 [main] TRACE - Resolving type for handle ctfills2c6ftype
13:32:18.833 [main] TRACE - Resolving type for handle ctfill550ctype
13:32:18.837 [main] TRACE - Resolving type for handle ctborders0d66type
13:32:18.842 [main] TRACE - Resolving type for handle ctborderf935type
13:32:18.848 [main] TRACE - Resolving type for handle ctcellxfs1322type
13:32:18.854 [main] TRACE - Resolving type for handle ctxf97f7type
13:32:18.859 [main] TRACE - Resolving type for handle ctcellstylexfsa81ftype
13:32:18.863 [main] TRACE - Resolving type for handle ctdxfsb26atype
13:32:18.868 [main] TRACE - Resolving type for handle cttablestyles872ftype
13:32:18.874 [main] TRACE - Resolving type for handle sstf81fdoctype
13:32:18.884 [main] TRACE - Resolving type for handle ctsst44f3type
13:32:18.902 [main] TRACE - Resolving type for handle ctrsta472type
13:32:18.953 [main] TRACE - Resolving type for handle workbookec17doctype
13:32:18.962 [main] TRACE - Resolving type for handle ctworkbook83c3type
13:32:18.972 [main] TRACE - Resolving type for handle ctsheets49fdtype
13:32:18.978 [main] TRACE - Resolving type for handle ctsheet4dbetype
13:32:18.982 [main] TRACE - Resolving type for handle strelationshipid1e94type
13:32:18.986 [main] TRACE - Resolving type for handle worksheetf539doctype
13:32:18.995 [main] TRACE - Resolving type for handle ctworksheet530dtype
13:32:19.007 [main] TRACE - Resolving type for handle ctsheetdata8408type
13:32:19.020 [main] TRACE - Resolving type for handle ctcols627ctype
13:32:19.046 [main] TRACE - Resolving type for handle ctrowdd39type
13:32:19.058 [main] TRACE - Resolving type for handle ctcell842btype
13:32:19.072 [main] TRACE - Resolving type for handle stcellrefe4e0type
13:32:19.107 [main] TRACE - Resolving type for handle stxstringf179type
13:32:19.119 [main] TRACE - Resolving type for handle stcelltypebf95type
13:32:19.178 [main] TRACE - Resolving type for handle stcellstylexfid70c7type
13:32:19.190 [main] TRACE - Resolving type for handle ctsheetdimensiond310type
13:32:19.195 [main] TRACE - Resolving type for handle stref90a2type
13:32:19.211 [main] TRACE - Resolving type for handle propertiesee84doctype
13:32:19.215 [main] TRACE - Resolving type for handle ctproperties3f10type
13:32:19.228 [main] TRACE - Resolving type for handle properties288cdoctype
13:32:19.232 [main] TRACE - Resolving type for handle ctproperties2c18type
13:32:19.261 [main] DEBUG - Save content types part
13:32:19.398 [main] DEBUG - Save package relationships
13:32:19.404 [main] DEBUG - Save part 'docProps/app.xml'
13:32:19.405 [main] DEBUG - Save part 'docProps/core.xml'
13:32:19.410 [main] DEBUG - Save part 'xl/sharedStrings.xml'
13:32:19.410 [main] DEBUG - Save part 'xl/styles.xml'
13:32:19.411 [main] DEBUG - Save part 'xl/theme/theme1.xml'
13:32:19.412 [main] DEBUG - Save part 'xl/workbook.xml'
13:32:19.414 [main] DEBUG - Save part 'xl/worksheets/sheet1.xml'
13:32:19.415 [main] DEBUG - Save part 'xl/worksheets/sheet2.xml'
13:32:19.415 [main] DEBUG - Save part 'xl/worksheets/sheet3.xml'
13:32:19.415 [main] DEBUG - Save part 'xl/worksheets/sheet4.xml'
13:32:21.529 [main] DEBUG - Parsing relationship: /xl/_rels/workbook.xml.rels
13:32:21.530 [main] DEBUG - Parsing relationship: /_rels/.rels
13:32:21.557 [main] DEBUG - Save content types part
13:32:21.558 [main] DEBUG - Save package relationships
13:32:21.559 [main] DEBUG - Save part 'docProps/app.xml'
13:32:21.560 [main] DEBUG - Save part 'docProps/core.xml'
13:32:21.561 [main] DEBUG - Save part 'xl/sharedStrings.xml'
13:32:21.561 [main] DEBUG - Save part 'xl/styles.xml'
13:32:21.561 [main] DEBUG - Save part 'xl/theme/theme1.xml'
13:32:21.562 [main] DEBUG - Save part 'xl/workbook.xml'
13:32:21.563 [main] DEBUG - Save part 'xl/worksheets/sheet1.xml'
13:32:21.563 [main] DEBUG - Save part 'xl/worksheets/sheet2.xml'
13:32:21.563 [main] DEBUG - Save part 'xl/worksheets/sheet3.xml'
13:32:21.563 [main] DEBUG - Save part 'xl/worksheets/sheet4.xml'
13:32:21.590 [main] DEBUG - Parsing relationship: /xl/_rels/workbook.xml.rels
13:32:21.591 [main] DEBUG - Parsing relationship: /_rels/.rels
13:32:21.616 [main] DEBUG - Save content types part
13:32:21.618 [main] DEBUG - Save package relationships
13:32:21.618 [main] DEBUG - Save part 'docProps/app.xml'
13:32:21.619 [main] DEBUG - Save part 'docProps/core.xml'
13:32:21.620 [main] DEBUG - Save part 'xl/sharedStrings.xml'
13:32:21.620 [main] DEBUG - Save part 'xl/styles.xml'
13:32:21.620 [main] DEBUG - Save part 'xl/theme/theme1.xml'
13:32:21.621 [main] DEBUG - Save part 'xl/workbook.xml'
13:32:21.622 [main] DEBUG - Save part 'xl/worksheets/sheet1.xml'
13:32:21.622 [main] DEBUG - Save part 'xl/worksheets/sheet2.xml'
13:32:21.622 [main] DEBUG - Save part 'xl/worksheets/sheet3.xml'
13:32:21.622 [main] DEBUG - Save part 'xl/worksheets/sheet4.xml'
13:32:21.647 [main] DEBUG - Parsing relationship: /xl/_rels/workbook.xml.rels
13:32:21.647 [main] DEBUG - Parsing relationship: /_rels/.rels
13:32:21.675 [main] DEBUG - Save content types part
13:32:21.677 [main] DEBUG - Save package relationships
13:32:21.678 [main] DEBUG - Save part 'docProps/app.xml'
