17:31:14.526 [main] INFO  - Selecting Upcoming Bikes
17:31:16.028 [main] INFO  - clicking on Upcoming Bikes
17:31:19.059 [main] INFO  - Displaying bikes details
17:31:19.201 [main] DEBUG - Parsing relationship: /xl/_rels/workbook.xml.rels
17:31:19.202 [main] DEBUG - Parsing relationship: /_rels/.rels
17:31:19.221 [main] DEBUG - Save content types part
17:31:19.222 [main] DEBUG - Save package relationships
17:31:19.223 [main] DEBUG - Save part 'docProps/app.xml'
17:31:19.223 [main] DEBUG - Save part 'docProps/core.xml'
17:31:19.224 [main] DEBUG - Save part 'xl/sharedStrings.xml'
17:31:19.224 [main] DEBUG - Save part 'xl/styles.xml'
17:31:19.225 [main] DEBUG - Save part 'xl/theme/theme1.xml'
17:31:19.226 [main] DEBUG - Save part 'xl/workbook.xml'
17:31:19.227 [main] DEBUG - Save part 'xl/worksheets/sheet1.xml'
17:31:19.227 [main] DEBUG - Save part 'xl/worksheets/sheet2.xml'
17:31:19.227 [main] DEBUG - Save part 'xl/worksheets/sheet3.xml'
17:31:19.227 [main] DEBUG - Save part 'xl/worksheets/sheet4.xml'
17:31:19.248 [main] DEBUG - Parsing relationship: /xl/_rels/workbook.xml.rels
17:31:19.248 [main] DEBUG - Parsing relationship: /_rels/.rels
17:31:19.271 [main] DEBUG - Save content types part
17:31:19.272 [main] DEBUG - Save package relationships
17:31:19.273 [main] DEBUG - Save part 'docProps/app.xml'
17:31:19.273 [main] DEBUG - Save part 'docProps/core.xml'
17:31:19.274 [main] DEBUG - Save part 'xl/sharedStrings.xml'
17:31:19.274 [main] DEBUG - Save part 'xl/styles.xml'
17:31:19.275 [main] DEBUG - Save part 'xl/theme/theme1.xml'
17:31:19.275 [main] DEBUG - Save part 'xl/workbook.xml'
17:31:19.276 [main] DEBUG - Save part 'xl/worksheets/sheet1.xml'
17:31:19.277 [main] DEBUG - Save part 'xl/worksheets/sheet2.xml'
17:31:19.277 [main] DEBUG - Save part 'xl/worksheets/sheet3.xml'
17:31:19.277 [main] DEBUG - Save part 'xl/worksheets/sheet4.xml'
17:31:19.298 [main] DEBUG - Parsing relationship: /xl/_rels/workbook.xml.rels
17:31:19.299 [main] DEBUG - Parsing relationship: /_rels/.rels
17:31:19.321 [main] DEBUG - Save content types part
17:31:19.322 [main] DEBUG - Save package relationships
17:31:19.323 [main] DEBUG - Save part 'docProps/app.xml'
17:31:19.324 [main] DEBUG - Save part 'docProps/core.xml'
17:31:19.325 [main] DEBUG - Save part 'xl/sharedStrings.xml'
17:31:19.325 [main] DEBUG - Save part 'xl/styles.xml'
17:31:19.325 [main] DEBUG - Save part 'xl/theme/theme1.xml'
17:31:19.325 [main] DEBUG - Save part 'xl/workbook.xml'
17:31:19.326 [main] DEBUG - Save part 'xl/worksheets/sheet1.xml'
17:31:19.327 [main] DEBUG - Save part 'xl/worksheets/sheet2.xml'
17:31:19.327 [main] DEBUG - Save part 'xl/worksheets/sheet3.xml'
17:31:19.327 [main] DEBUG - Save part 'xl/worksheets/sheet4.xml'
17:31:19.483 [main] DEBUG - Parsing relationship: /xl/_rels/workbook.xml.rels
17:31:19.483 [main] DEBUG - Parsing relationship: /_rels/.rels
17:31:19.508 [main] DEBUG - Save content types part
17:31:19.510 [main] DEBUG - Save package relationships
17:31:19.511 [main] DEBUG - Save part 'docProps/app.xml'
17:31:19.511 [main] DEBUG - Save part 'docProps/core.xml'
17:31:19.512 [main] DEBUG - Save part 'xl/sharedStrings.xml'
17:31:19.512 [main] DEBUG - Save part 'xl/styles.xml'
17:31:19.513 [main] DEBUG - Save part 'xl/theme/theme1.xml'
17:31:19.513 [main] DEBUG - Save part 'xl/workbook.xml'
17:31:19.514 [main] DEBUG - Save part 'xl/worksheets/sheet1.xml'
17:31:19.514 [main] DEBUG - Save part 'xl/worksheets/sheet2.xml'
17:31:19.515 [main] DEBUG - Save part 'xl/worksheets/sheet3.xml'
17:31:19.515 [main] DEBUG - Save part 'xl/worksheets/sheet4.xml'
17:31:19.535 [main] DEBUG - Parsing relationship: /xl/_rels/workbook.xml.rels
17:31:19.535 [main] DEBUG - Parsing relationship: /_rels/.rels
17:31:19.561 [main] DEBUG - Save content types part
17:31:19.562 [main] DEBUG - Save package relationships
17:31:19.563 [main] DEBUG - Save part 'docProps/app.xml'
17:31:19.563 [main] DEBUG - Save part 'docProps/core.xml'
17:31:19.564 [main] DEBUG - Save part 'xl/sharedStrings.xml'
17:31:19.565 [main] DEBUG - Save part 'xl/styles.xml'
17:31:19.565 [main] DEBUG - Save part 'xl/theme/theme1.xml'
17:31:19.565 [main] DEBUG - Save part 'xl/workbook.xml'
17:31:19.567 [main] DEBUG - Save part 'xl/worksheets/sheet1.xml'
17:31:19.567 [main] DEBUG - Save part 'xl/worksheets/sheet2.xml'
17:31:19.567 [main] DEBUG - Save part 'xl/worksheets/sheet3.xml'
17:31:19.567 [main] DEBUG - Save part 'xl/worksheets/sheet4.xml'
17:31:19.590 [main] DEBUG - Parsing relationship: /xl/_rels/workbook.xml.rels
17:31:19.591 [main] DEBUG - Parsing relationship: /_rels/.rels
17:31:19.631 [main] DEBUG - Save content types part
17:31:19.633 [main] DEBUG - Save package relationships
17:31:19.634 [main] DEBUG - Save part 'docProps/app.xml'
17:31:19.634 [main] DEBUG - Save part 'docProps/core.xml'
17:31:19.635 [main] DEBUG - Save part 'xl/sharedStrings.xml'
17:31:19.635 [main] DEBUG - Save part 'xl/styles.xml'
17:31:19.635 [main] DEBUG - Save part 'xl/theme/theme1.xml'
17:31:19.636 [main] DEBUG - Save part 'xl/workbook.xml'
17:31:19.637 [main] DEBUG - Save part 'xl/worksheets/sheet1.xml'
17:31:19.638 [main] DEBUG - Save part 'xl/worksheets/sheet2.xml'
17:31:19.638 [main] DEBUG - Save part 'xl/worksheets/sheet3.xml'
17:31:19.638 [main] DEBUG - Save part 'xl/worksheets/sheet4.xml'
17:31:19.904 [main] DEBUG - Parsing relationship: /xl/_rels/workbook.xml.rels
17:31:19.904 [main] DEBUG - Parsing relationship: /_rels/.rels
17:31:19.933 [main] DEBUG - Save content types part
17:31:19.934 [main] DEBUG - Save package relationships
17:31:19.936 [main] DEBUG - Save part 'docProps/app.xml'
17:31:19.936 [main] DEBUG - Save part 'docProps/core.xml'
17:31:19.937 [main] DEBUG - Save part 'xl/sharedStrings.xml'
17:31:19.938 [main] DEBUG - Save part 'xl/styles.xml'
17:31:19.938 [main] DEBUG - Save part 'xl/theme/theme1.xml'
17:31:19.938 [main] DEBUG - Save part 'xl/workbook.xml'
17:31:19.940 [main] DEBUG - Save part 'xl/worksheets/sheet1.xml'
17:31:19.940 [main] DEBUG - Save part 'xl/worksheets/sheet2.xml'
17:31:19.940 [main] DEBUG - Save part 'xl/worksheets/sheet3.xml'
17:31:19.941 [main] DEBUG - Save part 'xl/worksheets/sheet4.xml'
17:31:19.963 [main] DEBUG - Parsing relationship: /xl/_rels/workbook.xml.rels
17:31:19.964 [main] DEBUG - Parsing relationship: /_rels/.rels
17:31:19.987 [main] DEBUG - Save content types part
17:31:19.989 [main] DEBUG - Save package relationships
17:31:19.991 [main] DEBUG - Save part 'docProps/app.xml'
17:31:19.991 [main] DEBUG - Save part 'docProps/core.xml'
17:31:19.993 [main] DEBUG - Save part 'xl/sharedStrings.xml'
17:31:19.994 [main] DEBUG - Save part 'xl/styles.xml'
17:31:19.994 [main] DEBUG - Save part 'xl/theme/theme1.xml'
17:31:19.994 [main] DEBUG - Save part 'xl/workbook.xml'
17:31:19.996 [main] DEBUG - Save part 'xl/worksheets/sheet1.xml'
17:31:19.997 [main] DEBUG - Save part 'xl/worksheets/sheet2.xml'
17:31:19.997 [main] DEBUG - Save part 'xl/worksheets/sheet3.xml'
17:31:19.997 [main] DEBUG - Save part 'xl/worksheets/sheet4.xml'
17:31:20.021 [main] DEBUG - Parsing relationship: /xl/_rels/workbook.xml.rels
17:31:20.022 [main] DEBUG - Parsing relationship: /_rels/.rels
17:31:20.051 [main] DEBUG - Save content types part
17:31:20.053 [main] DEBUG - Save package relationships
17:31:20.054 [main] DEBUG - Save part 'docProps/app.xml'
17:31:20.054 [main] DEBUG - Save part 'docProps/core.xml'
17:31:20.055 [main] DEBUG - Save part 'xl/sharedStrings.xml'
17:31:20.056 [main] DEBUG - Save part 'xl/styles.xml'
17:31:20.056 [main] DEBUG - Save part 'xl/theme/theme1.xml'
17:31:20.056 [main] DEBUG - Save part 'xl/workbook.xml'
17:31:20.058 [main] DEBUG - Save part 'xl/worksheets/sheet1.xml'
17:31:20.059 [main] DEBUG - Save part 'xl/worksheets/sheet2.xml'
17:31:20.059 [main] DEBUG - Save part 'xl/worksheets/sheet3.xml'
17:31:20.059 [main] DEBUG - Save part 'xl/worksheets/sheet4.xml'
17:31:20.243 [main] DEBUG - Parsing relationship: /xl/_rels/workbook.xml.rels
17:31:20.244 [main] DEBUG - Parsing relationship: /_rels/.rels
17:31:20.281 [main] DEBUG - Save content types part
17:31:20.283 [main] DEBUG - Save package relationships
17:31:20.285 [main] DEBUG - Save part 'docProps/app.xml'
17:31:20.285 [main] DEBUG - Save part 'docProps/core.xml'
17:31:20.287 [main] DEBUG - Save part 'xl/sharedStrings.xml'
17:31:20.288 [main] DEBUG - Save part 'xl/styles.xml'
17:31:20.288 [main] DEBUG - Save part 'xl/theme/theme1.xml'
17:31:20.289 [main] DEBUG - Save part 'xl/workbook.xml'
17:31:20.293 [main] DEBUG - Save part 'xl/worksheets/sheet1.xml'
17:31:20.293 [main] DEBUG - Save part 'xl/worksheets/sheet2.xml'
17:31:20.294 [main] DEBUG - Save part 'xl/worksheets/sheet3.xml'
17:31:20.294 [main] DEBUG - Save part 'xl/worksheets/sheet4.xml'
17:31:20.320 [main] DEBUG - Parsing relationship: /xl/_rels/workbook.xml.rels
17:31:20.321 [main] DEBUG - Parsing relationship: /_rels/.rels
17:31:20.348 [main] DEBUG - Save content types part
17:31:20.350 [main] DEBUG - Save package relationships
17:31:20.351 [main] DEBUG - Save part 'docProps/app.xml'
17:31:20.351 [main] DEBUG - Save part 'docProps/core.xml'
17:31:20.353 [main] DEBUG - Save part 'xl/sharedStrings.xml'
17:31:20.353 [main] DEBUG - Save part 'xl/styles.xml'
17:31:20.353 [main] DEBUG - Save part 'xl/theme/theme1.xml'
17:31:20.354 [main] DEBUG - Save part 'xl/workbook.xml'
17:31:20.356 [main] DEBUG - Save part 'xl/worksheets/sheet1.xml'
17:31:20.357 [main] DEBUG - Save part 'xl/worksheets/sheet2.xml'
17:31:20.357 [main] DEBUG - Save part 'xl/worksheets/sheet3.xml'
17:31:20.357 [main] DEBUG - Save part 'xl/worksheets/sheet4.xml'
17:31:20.381 [main] DEBUG - Parsing relationship: /xl/_rels/workbook.xml.rels
17:31:20.382 [main] DEBUG - Parsing relationship: /_rels/.rels
17:31:20.415 [main] DEBUG - Save content types part
17:31:20.417 [main] DEBUG - Save package relationships
17:31:20.420 [main] DEBUG - Save part 'docProps/app.xml'
17:31:20.421 [main] DEBUG - Save part 'docProps/core.xml'
17:31:20.424 [main] DEBUG - Save part 'xl/sharedStrings.xml'
17:31:20.425 [main] DEBUG - Save part 'xl/styles.xml'
17:31:20.425 [main] DEBUG - Save part 'xl/theme/theme1.xml'
17:31:20.426 [main] DEBUG - Save part 'xl/workbook.xml'
17:31:20.429 [main] DEBUG - Save part 'xl/worksheets/sheet1.xml'
17:31:20.431 [main] DEBUG - Save part 'xl/worksheets/sheet2.xml'
17:31:20.431 [main] DEBUG - Save part 'xl/worksheets/sheet3.xml'
17:31:20.432 [main] DEBUG - Save part 'xl/worksheets/sheet4.xml'
17:31:20.747 [main] DEBUG - Parsing relationship: /xl/_rels/workbook.xml.rels
17:31:20.747 [main] DEBUG - Parsing relationship: /_rels/.rels
17:31:20.761 [main] DEBUG - Save content types part
17:31:20.762 [main] DEBUG - Save package relationships
17:31:20.763 [main] DEBUG - Save part 'docProps/app.xml'
17:31:20.763 [main] DEBUG - Save part 'docProps/core.xml'
17:31:20.764 [main] DEBUG - Save part 'xl/sharedStrings.xml'
17:31:20.765 [main] DEBUG - Save part 'xl/styles.xml'
17:31:20.765 [main] DEBUG - Save part 'xl/theme/theme1.xml'
17:31:20.765 [main] DEBUG - Save part 'xl/workbook.xml'
17:31:20.766 [main] DEBUG - Save part 'xl/worksheets/sheet1.xml'
17:31:20.766 [main] DEBUG - Save part 'xl/worksheets/sheet2.xml'
17:31:20.766 [main] DEBUG - Save part 'xl/worksheets/sheet3.xml'
17:31:20.766 [main] DEBUG - Save part 'xl/worksheets/sheet4.xml'
17:31:20.787 [main] DEBUG - Parsing relationship: /xl/_rels/workbook.xml.rels
17:31:20.788 [main] DEBUG - Parsing relationship: /_rels/.rels
17:31:20.810 [main] DEBUG - Save content types part
17:31:20.812 [main] DEBUG - Save package relationships
17:31:20.813 [main] DEBUG - Save part 'docProps/app.xml'
17:31:20.813 [main] DEBUG - Save part 'docProps/core.xml'
17:31:20.815 [main] DEBUG - Save part 'xl/sharedStrings.xml'
17:31:20.815 [main] DEBUG - Save part 'xl/styles.xml'
17:31:20.815 [main] DEBUG - Save part 'xl/theme/theme1.xml'
17:31:20.816 [main] DEBUG - Save part 'xl/workbook.xml'
17:31:20.817 [main] DEBUG - Save part 'xl/worksheets/sheet1.xml'
17:31:20.817 [main] DEBUG - Save part 'xl/worksheets/sheet2.xml'
17:31:20.817 [main] DEBUG - Save part 'xl/worksheets/sheet3.xml'
17:31:20.817 [main] DEBUG - Save part 'xl/worksheets/sheet4.xml'
17:31:20.838 [main] DEBUG - Parsing relationship: /xl/_rels/workbook.xml.rels
17:31:20.839 [main] DEBUG - Parsing relationship: /_rels/.rels
17:31:20.860 [main] DEBUG - Save content types part
17:31:20.862 [main] DEBUG - Save package relationships
17:31:20.863 [main] DEBUG - Save part 'docProps/app.xml'
17:31:20.863 [main] DEBUG - Save part 'docProps/core.xml'
17:31:20.864 [main] DEBUG - Save part 'xl/sharedStrings.xml'
17:31:20.864 [main] DEBUG - Save part 'xl/styles.xml'
17:31:20.865 [main] DEBUG - Save part 'xl/theme/theme1.xml'
17:31:20.865 [main] DEBUG - Save part 'xl/workbook.xml'
17:31:20.866 [main] DEBUG - Save part 'xl/worksheets/sheet1.xml'
17:31:20.866 [main] DEBUG - Save part 'xl/worksheets/sheet2.xml'
17:31:20.866 [main] DEBUG - Save part 'xl/worksheets/sheet3.xml'
17:31:20.866 [main] DEBUG - Save part 'xl/worksheets/sheet4.xml'
17:31:21.187 [main] DEBUG - Parsing relationship: /xl/_rels/workbook.xml.rels
17:31:21.187 [main] DEBUG - Parsing relationship: /_rels/.rels
17:31:21.204 [main] DEBUG - Save content types part
17:31:21.206 [main] DEBUG - Save package relationships
17:31:21.207 [main] DEBUG - Save part 'docProps/app.xml'
17:31:21.207 [main] DEBUG - Save part 'docProps/core.xml'
17:31:21.208 [main] DEBUG - Save part 'xl/sharedStrings.xml'
17:31:21.208 [main] DEBUG - Save part 'xl/styles.xml'
17:31:21.208 [main] DEBUG - Save part 'xl/theme/theme1.xml'
17:31:21.208 [main] DEBUG - Save part 'xl/workbook.xml'
17:31:21.209 [main] DEBUG - Save part 'xl/worksheets/sheet1.xml'
17:31:21.210 [main] DEBUG - Save part 'xl/worksheets/sheet2.xml'
17:31:21.210 [main] DEBUG - Save part 'xl/worksheets/sheet3.xml'
17:31:21.210 [main] DEBUG - Save part 'xl/worksheets/sheet4.xml'
17:31:21.228 [main] DEBUG - Parsing relationship: /xl/_rels/workbook.xml.rels
17:31:21.228 [main] DEBUG - Parsing relationship: /_rels/.rels
17:31:21.242 [main] DEBUG - Save content types part
17:31:21.243 [main] DEBUG - Save package relationships
17:31:21.244 [main] DEBUG - Save part 'docProps/app.xml'
17:31:21.245 [main] DEBUG - Save part 'docProps/core.xml'
17:31:21.245 [main] DEBUG - Save part 'xl/sharedStrings.xml'
17:31:21.246 [main] DEBUG - Save part 'xl/styles.xml'
17:31:21.246 [main] DEBUG - Save part 'xl/theme/theme1.xml'
17:31:21.246 [main] DEBUG - Save part 'xl/workbook.xml'
17:31:21.247 [main] DEBUG - Save part 'xl/worksheets/sheet1.xml'
17:31:21.247 [main] DEBUG - Save part 'xl/worksheets/sheet2.xml'
17:31:21.247 [main] DEBUG - Save part 'xl/worksheets/sheet3.xml'
17:31:21.247 [main] DEBUG - Save part 'xl/worksheets/sheet4.xml'
17:31:21.269 [main] DEBUG - Parsing relationship: /xl/_rels/workbook.xml.rels
17:31:21.270 [main] DEBUG - Parsing relationship: /_rels/.rels
17:31:21.285 [main] DEBUG - Save content types part
17:31:21.286 [main] DEBUG - Save package relationships
17:31:21.287 [main] DEBUG - Save part 'docProps/app.xml'
17:31:21.287 [main] DEBUG - Save part 'docProps/core.xml'
17:31:21.288 [main] DEBUG - Save part 'xl/sharedStrings.xml'
17:31:21.288 [main] DEBUG - Save part 'xl/styles.xml'
17:31:21.289 [main] DEBUG - Save part 'xl/theme/theme1.xml'
17:31:21.289 [main] DEBUG - Save part 'xl/workbook.xml'
17:31:21.290 [main] DEBUG - Save part 'xl/worksheets/sheet1.xml'
17:31:21.290 [main] DEBUG - Save part 'xl/worksheets/sheet2.xml'
17:31:21.290 [main] DEBUG - Save part 'xl/worksheets/sheet3.xml'
17:31:21.290 [main] DEBUG - Save part 'xl/worksheets/sheet4.xml'
17:31:21.380 [main] DEBUG - Parsing relationship: /xl/_rels/workbook.xml.rels
17:31:21.380 [main] DEBUG - Parsing relationship: /_rels/.rels
17:31:21.394 [main] DEBUG - Save content types part
17:31:21.395 [main] DEBUG - Save package relationships
17:31:21.396 [main] DEBUG - Save part 'docProps/app.xml'
17:31:21.396 [main] DEBUG - Save part 'docProps/core.xml'
17:31:21.397 [main] DEBUG - Save part 'xl/sharedStrings.xml'
17:31:21.397 [main] DEBUG - Save part 'xl/styles.xml'
17:31:21.397 [main] DEBUG - Save part 'xl/theme/theme1.xml'
17:31:21.398 [main] DEBUG - Save part 'xl/workbook.xml'
17:31:21.399 [main] DEBUG - Save part 'xl/worksheets/sheet1.xml'
17:31:21.399 [main] DEBUG - Save part 'xl/worksheets/sheet2.xml'
17:31:21.399 [main] DEBUG - Save part 'xl/worksheets/sheet3.xml'
17:31:21.399 [main] DEBUG - Save part 'xl/worksheets/sheet4.xml'
17:31:21.418 [main] DEBUG - Parsing relationship: /xl/_rels/workbook.xml.rels
17:31:21.418 [main] DEBUG - Parsing relationship: /_rels/.rels
17:31:21.430 [main] DEBUG - Save content types part
17:31:21.431 [main] DEBUG - Save package relationships
17:31:21.431 [main] DEBUG - Save part 'docProps/app.xml'
17:31:21.431 [main] DEBUG - Save part 'docProps/core.xml'
17:31:21.432 [main] DEBUG - Save part 'xl/sharedStrings.xml'
17:31:21.432 [main] DEBUG - Save part 'xl/styles.xml'
17:31:21.432 [main] DEBUG - Save part 'xl/theme/theme1.xml'
17:31:21.433 [main] DEBUG - Save part 'xl/workbook.xml'
17:31:21.434 [main] DEBUG - Save part 'xl/worksheets/sheet1.xml'
17:31:21.434 [main] DEBUG - Save part 'xl/worksheets/sheet2.xml'
17:31:21.434 [main] DEBUG - Save part 'xl/worksheets/sheet3.xml'
17:31:21.434 [main] DEBUG - Save part 'xl/worksheets/sheet4.xml'
17:31:21.451 [main] DEBUG - Parsing relationship: /xl/_rels/workbook.xml.rels
17:31:21.452 [main] DEBUG - Parsing relationship: /_rels/.rels
17:31:21.466 [main] DEBUG - Save content types part
17:31:21.467 [main] DEBUG - Save package relationships
17:31:21.468 [main] DEBUG - Save part 'docProps/app.xml'
17:31:21.468 [main] DEBUG - Save part 'docProps/core.xml'
17:31:21.469 [main] DEBUG - Save part 'xl/sharedStrings.xml'
17:31:21.469 [main] DEBUG - Save part 'xl/styles.xml'
17:31:21.469 [main] DEBUG - Save part 'xl/theme/theme1.xml'
17:31:21.470 [main] DEBUG - Save part 'xl/workbook.xml'
17:31:21.471 [main] DEBUG - Save part 'xl/worksheets/sheet1.xml'
17:31:21.471 [main] DEBUG - Save part 'xl/worksheets/sheet2.xml'
17:31:21.471 [main] DEBUG - Save part 'xl/worksheets/sheet3.xml'
17:31:21.471 [main] DEBUG - Save part 'xl/worksheets/sheet4.xml'
17:31:21.579 [main] DEBUG - Parsing relationship: /xl/_rels/workbook.xml.rels
17:31:21.580 [main] DEBUG - Parsing relationship: /_rels/.rels
17:31:21.595 [main] DEBUG - Save content types part
17:31:21.597 [main] DEBUG - Save package relationships
17:31:21.598 [main] DEBUG - Save part 'docProps/app.xml'
17:31:21.598 [main] DEBUG - Save part 'docProps/core.xml'
17:31:21.599 [main] DEBUG - Save part 'xl/sharedStrings.xml'
17:31:21.600 [main] DEBUG - Save part 'xl/styles.xml'
17:31:21.600 [main] DEBUG - Save part 'xl/theme/theme1.xml'
17:31:21.600 [main] DEBUG - Save part 'xl/workbook.xml'
17:31:21.601 [main] DEBUG - Save part 'xl/worksheets/sheet1.xml'
17:31:21.601 [main] DEBUG - Save part 'xl/worksheets/sheet2.xml'
17:31:21.602 [main] DEBUG - Save part 'xl/worksheets/sheet3.xml'
17:31:21.602 [main] DEBUG - Save part 'xl/worksheets/sheet4.xml'
17:31:21.622 [main] DEBUG - Parsing relationship: /xl/_rels/workbook.xml.rels
17:31:21.623 [main] DEBUG - Parsing relationship: /_rels/.rels
17:31:21.649 [main] DEBUG - Save content types part
17:31:21.650 [main] DEBUG - Save package relationships
17:31:21.651 [main] DEBUG - Save part 'docProps/app.xml'
17:31:21.652 [main] DEBUG - Save part 'docProps/core.xml'
17:31:21.653 [main] DEBUG - Save part 'xl/sharedStrings.xml'
17:31:21.653 [main] DEBUG - Save part 'xl/styles.xml'
17:31:21.653 [main] DEBUG - Save part 'xl/theme/theme1.xml'
17:31:21.653 [main] DEBUG - Save part 'xl/workbook.xml'
17:31:21.655 [main] DEBUG - Save part 'xl/worksheets/sheet1.xml'
17:31:21.655 [main] DEBUG - Save part 'xl/worksheets/sheet2.xml'
17:31:21.656 [main] DEBUG - Save part 'xl/worksheets/sheet3.xml'
17:31:21.656 [main] DEBUG - Save part 'xl/worksheets/sheet4.xml'
17:31:21.681 [main] DEBUG - Parsing relationship: /xl/_rels/workbook.xml.rels
17:31:21.682 [main] DEBUG - Parsing relationship: /_rels/.rels
17:31:21.700 [main] DEBUG - Save content types part
17:31:21.702 [main] DEBUG - Save package relationships
17:31:21.703 [main] DEBUG - Save part 'docProps/app.xml'
17:31:21.703 [main] DEBUG - Save part 'docProps/core.xml'
17:31:21.704 [main] DEBUG - Save part 'xl/sharedStrings.xml'
17:31:21.705 [main] DEBUG - Save part 'xl/styles.xml'
17:31:21.705 [main] DEBUG - Save part 'xl/theme/theme1.xml'
17:31:21.705 [main] DEBUG - Save part 'xl/workbook.xml'
17:31:21.707 [main] DEBUG - Save part 'xl/worksheets/sheet1.xml'
17:31:21.707 [main] DEBUG - Save part 'xl/worksheets/sheet2.xml'
17:31:21.707 [main] DEBUG - Save part 'xl/worksheets/sheet3.xml'
17:31:21.707 [main] DEBUG - Save part 'xl/worksheets/sheet4.xml'
17:31:21.820 [main] DEBUG - Parsing relationship: /xl/_rels/workbook.xml.rels
17:31:21.821 [main] DEBUG - Parsing relationship: /_rels/.rels
17:31:21.835 [main] DEBUG - Save content types part
17:31:21.836 [main] DEBUG - Save package relationships
17:31:21.837 [main] DEBUG - Save part 'docProps/app.xml'
17:31:21.837 [main] DEBUG - Save part 'docProps/core.xml'
17:31:21.838 [main] DEBUG - Save part 'xl/sharedStrings.xml'
17:31:21.838 [main] DEBUG - Save part 'xl/styles.xml'
17:31:21.839 [main] DEBUG - Save part 'xl/theme/theme1.xml'
17:31:21.839 [main] DEBUG - Save part 'xl/workbook.xml'
17:31:21.840 [main] DEBUG - Save part 'xl/worksheets/sheet1.xml'
17:31:21.840 [main] DEBUG - Save part 'xl/worksheets/sheet2.xml'
17:31:21.840 [main] DEBUG - Save part 'xl/worksheets/sheet3.xml'
17:31:21.841 [main] DEBUG - Save part 'xl/worksheets/sheet4.xml'
17:31:21.862 [main] DEBUG - Parsing relationship: /xl/_rels/workbook.xml.rels
17:31:21.862 [main] DEBUG - Parsing relationship: /_rels/.rels
17:31:21.876 [main] DEBUG - Save content types part
17:31:21.877 [main] DEBUG - Save package relationships
17:31:21.878 [main] DEBUG - Save part 'docProps/app.xml'
17:31:21.878 [main] DEBUG - Save part 'docProps/core.xml'
17:31:21.879 [main] DEBUG - Save part 'xl/sharedStrings.xml'
17:31:21.879 [main] DEBUG - Save part 'xl/styles.xml'
17:31:21.879 [main] DEBUG - Save part 'xl/theme/theme1.xml'
17:31:21.880 [main] DEBUG - Save part 'xl/workbook.xml'
17:31:21.880 [main] DEBUG - Save part 'xl/worksheets/sheet1.xml'
17:31:21.881 [main] DEBUG - Save part 'xl/worksheets/sheet2.xml'
17:31:21.881 [main] DEBUG - Save part 'xl/worksheets/sheet3.xml'
17:31:21.881 [main] DEBUG - Save part 'xl/worksheets/sheet4.xml'
17:31:21.902 [main] DEBUG - Parsing relationship: /xl/_rels/workbook.xml.rels
17:31:21.902 [main] DEBUG - Parsing relationship: /_rels/.rels
17:31:21.916 [main] DEBUG - Save content types part
17:31:21.917 [main] DEBUG - Save package relationships
17:31:21.918 [main] DEBUG - Save part 'docProps/app.xml'
17:31:21.918 [main] DEBUG - Save part 'docProps/core.xml'
17:31:21.919 [main] DEBUG - Save part 'xl/sharedStrings.xml'
17:31:21.919 [main] DEBUG - Save part 'xl/styles.xml'
17:31:21.920 [main] DEBUG - Save part 'xl/theme/theme1.xml'
17:31:21.920 [main] DEBUG - Save part 'xl/workbook.xml'
17:31:21.921 [main] DEBUG - Save part 'xl/worksheets/sheet1.xml'
17:31:21.921 [main] DEBUG - Save part 'xl/worksheets/sheet2.xml'
17:31:21.921 [main] DEBUG - Save part 'xl/worksheets/sheet3.xml'
17:31:21.921 [main] DEBUG - Save part 'xl/worksheets/sheet4.xml'
17:31:21.937 [main] INFO  - **** Finished TC_001_UpcomingBike ****
17:35:55.549 [main] INFO  - **** Starting TC_003_LoginSignup ****
17:35:55.553 [main] INFO  - Navigating to the homepage
17:35:57.257 [main] INFO  - Clicking on the Login/Signup button
17:36:03.394 [main] INFO  - Selecting the Google button
17:36:11.653 [main] INFO  - Verifying that the Login/SignUp card is displayed
17:36:18.883 [main] INFO  - Navigating to the Google Accounts sign in page
17:36:35.063 [main] INFO  - Entering email
17:36:35.172 [main] INFO  - Clicking on the next button
17:36:40.531 [main] INFO  - Capturing error message
17:36:50.573 [main] INFO  - **** Finished TC_003_LoginSignup ****
17:36:56.658 [main] INFO  - **** Starting TC_002_UsedCar ****
17:36:56.658 [main] INFO  - Navigating to the homepage
17:36:56.714 [main] INFO  - Hovering over and selecting used cars
17:36:56.939 [main] INFO  - Selecting Chennai used cars
17:37:02.391 [main] INFO  - Checking that the popular models are displayed
17:37:03.392 [main] DEBUG - Parsing relationship: /xl/_rels/workbook.xml.rels
17:37:03.395 [main] DEBUG - Parsing relationship: /_rels/.rels
17:37:03.570 [main] TRACE - Loading type system org.apache.poi.schemas.ooxml.system.ooxml
17:37:03.573 [main] TRACE - Loading type system org.apache.xmlbeans.metadata.system.sXMLCONFIG
17:37:03.574 [main] TRACE - Loading type system org.apache.xmlbeans.metadata.system.sXMLLANG
17:37:03.574 [main] TRACE - Loading type system org.apache.xmlbeans.metadata.system.sXMLSCHEMA
17:37:03.574 [main] TRACE - Loading type system org.apache.xmlbeans.metadata.system.sXMLTOOLS
17:37:03.576 [main] TRACE - Reading unresolved handles for type system org.apache.xmlbeans.metadata.system.sXMLTOOLS
17:37:03.587 [main] TRACE - Finished loading type system org.apache.xmlbeans.metadata.system.sXMLTOOLS
17:37:03.588 [main] TRACE - Reading unresolved handles for type system org.apache.xmlbeans.metadata.system.sXMLSCHEMA
17:37:03.593 [main] TRACE - Finished loading type system org.apache.xmlbeans.metadata.system.sXMLSCHEMA
17:37:03.594 [main] TRACE - Reading unresolved handles for type system org.apache.xmlbeans.metadata.system.sXMLLANG
17:37:03.595 [main] TRACE - Finished loading type system org.apache.xmlbeans.metadata.system.sXMLLANG
17:37:03.595 [main] TRACE - Reading unresolved handles for type system org.apache.xmlbeans.metadata.system.sXMLCONFIG
17:37:03.596 [main] TRACE - Finished loading type system org.apache.xmlbeans.metadata.system.sXMLCONFIG
17:37:03.597 [main] TRACE - Reading unresolved handles for type system org.apache.poi.schemas.ooxml.system.ooxml
17:37:03.646 [main] TRACE - Finished loading type system org.apache.poi.schemas.ooxml.system.ooxml
17:37:03.647 [main] TRACE - Resolving type for handle themefd26doctype
17:37:03.725 [main] TRACE - Resolving type for handle stylesheet5d8bdoctype
17:37:03.731 [main] TRACE - Resolving type for handle ctstylesheet4257type
17:37:03.736 [main] TRACE - Resolving type for handle ctnumfmtsb58btype
17:37:03.740 [main] TRACE - Resolving type for handle ctfonts6623type
17:37:03.743 [main] TRACE - Resolving type for handle ctfont14d8type
17:37:03.748 [main] TRACE - Resolving type for handle ctfills2c6ftype
17:37:03.751 [main] TRACE - Resolving type for handle ctfill550ctype
17:37:03.754 [main] TRACE - Resolving type for handle ctborders0d66type
17:37:03.757 [main] TRACE - Resolving type for handle ctborderf935type
17:37:03.760 [main] TRACE - Resolving type for handle ctcellxfs1322type
17:37:03.762 [main] TRACE - Resolving type for handle ctxf97f7type
17:37:03.765 [main] TRACE - Resolving type for handle ctcellstylexfsa81ftype
17:37:03.767 [main] TRACE - Resolving type for handle ctdxfsb26atype
17:37:03.769 [main] TRACE - Resolving type for handle cttablestyles872ftype
17:37:03.773 [main] TRACE - Resolving type for handle sstf81fdoctype
17:37:03.785 [main] TRACE - Resolving type for handle ctsst44f3type
17:37:03.797 [main] TRACE - Resolving type for handle ctrsta472type
17:37:03.830 [main] TRACE - Resolving type for handle workbookec17doctype
17:37:03.835 [main] TRACE - Resolving type for handle ctworkbook83c3type
17:37:03.840 [main] TRACE - Resolving type for handle ctsheets49fdtype
17:37:03.842 [main] TRACE - Resolving type for handle ctsheet4dbetype
17:37:03.844 [main] TRACE - Resolving type for handle strelationshipid1e94type
17:37:03.847 [main] TRACE - Resolving type for handle worksheetf539doctype
17:37:03.851 [main] TRACE - Resolving type for handle ctworksheet530dtype
17:37:03.858 [main] TRACE - Resolving type for handle ctsheetdata8408type
17:37:03.863 [main] TRACE - Resolving type for handle ctcols627ctype
17:37:03.878 [main] TRACE - Resolving type for handle ctrowdd39type
17:37:03.892 [main] TRACE - Resolving type for handle ctcell842btype
17:37:03.899 [main] TRACE - Resolving type for handle stcellrefe4e0type
17:37:03.924 [main] TRACE - Resolving type for handle stxstringf179type
17:37:03.933 [main] TRACE - Resolving type for handle stcelltypebf95type
17:37:03.966 [main] TRACE - Resolving type for handle stcellstylexfid70c7type
17:37:03.979 [main] TRACE - Resolving type for handle ctsheetdimensiond310type
17:37:03.981 [main] TRACE - Resolving type for handle stref90a2type
17:37:03.991 [main] TRACE - Resolving type for handle propertiesee84doctype
17:37:03.993 [main] TRACE - Resolving type for handle ctproperties3f10type
17:37:04.005 [main] TRACE - Resolving type for handle properties288cdoctype
17:37:04.006 [main] TRACE - Resolving type for handle ctproperties2c18type
17:37:04.024 [main] DEBUG - Save content types part
17:37:04.109 [main] DEBUG - Save package relationships
17:37:04.113 [main] DEBUG - Save part 'docProps/app.xml'
17:37:04.115 [main] DEBUG - Save part 'docProps/core.xml'
17:37:04.118 [main] DEBUG - Save part 'xl/sharedStrings.xml'
17:37:04.119 [main] DEBUG - Save part 'xl/styles.xml'
17:37:04.119 [main] DEBUG - Save part 'xl/theme/theme1.xml'
17:37:04.119 [main] DEBUG - Save part 'xl/workbook.xml'
17:37:04.121 [main] DEBUG - Save part 'xl/worksheets/sheet1.xml'
17:37:04.122 [main] DEBUG - Save part 'xl/worksheets/sheet2.xml'
17:37:04.122 [main] DEBUG - Save part 'xl/worksheets/sheet3.xml'
17:37:04.122 [main] DEBUG - Save part 'xl/worksheets/sheet4.xml'
17:37:06.197 [main] DEBUG - Parsing relationship: /xl/_rels/workbook.xml.rels
17:37:06.198 [main] DEBUG - Parsing relationship: /_rels/.rels
17:37:06.220 [main] DEBUG - Save content types part
17:37:06.221 [main] DEBUG - Save package relationships
17:37:06.222 [main] DEBUG - Save part 'docProps/app.xml'
17:37:06.222 [main] DEBUG - Save part 'docProps/core.xml'
17:37:06.223 [main] DEBUG - Save part 'xl/sharedStrings.xml'
17:37:06.223 [main] DEBUG - Save part 'xl/styles.xml'
17:37:06.224 [main] DEBUG - Save part 'xl/theme/theme1.xml'
17:37:06.224 [main] DEBUG - Save part 'xl/workbook.xml'
17:37:06.225 [main] DEBUG - Save part 'xl/worksheets/sheet1.xml'
17:37:06.225 [main] DEBUG - Save part 'xl/worksheets/sheet2.xml'
17:37:06.225 [main] DEBUG - Save part 'xl/worksheets/sheet3.xml'
17:37:06.225 [main] DEBUG - Save part 'xl/worksheets/sheet4.xml'
17:37:06.246 [main] DEBUG - Parsing relationship: /xl/_rels/workbook.xml.rels
17:37:06.247 [main] DEBUG - Parsing relationship: /_rels/.rels
17:37:06.270 [main] DEBUG - Save content types part
17:37:06.271 [main] DEBUG - Save package relationships
17:37:06.272 [main] DEBUG - Save part 'docProps/app.xml'
17:37:06.272 [main] DEBUG - Save part 'docProps/core.xml'
17:37:06.274 [main] DEBUG - Save part 'xl/sharedStrings.xml'
17:37:06.274 [main] DEBUG - Save part 'xl/styles.xml'
17:37:06.274 [main] DEBUG - Save part 'xl/theme/theme1.xml'
17:37:06.274 [main] DEBUG - Save part 'xl/workbook.xml'
17:37:06.277 [main] DEBUG - Save part 'xl/worksheets/sheet1.xml'
17:37:06.277 [main] DEBUG - Save part 'xl/worksheets/sheet2.xml'
17:37:06.277 [main] DEBUG - Save part 'xl/worksheets/sheet3.xml'
17:37:06.277 [main] DEBUG - Save part 'xl/worksheets/sheet4.xml'
17:37:06.310 [main] DEBUG - Parsing relationship: /xl/_rels/workbook.xml.rels
17:37:06.311 [main] DEBUG - Parsing relationship: /_rels/.rels
17:37:06.343 [main] DEBUG - Save content types part
17:37:06.345 [main] DEBUG - Save package relationships
17:37:06.346 [main] DEBUG - Save part 'docProps/app.xml'
17:37:06.347 [main] DEBUG - Save part 'docProps/core.xml'
17:37:06.349 [main] DEBUG - Save part 'xl/sharedStrings.xml'
17:37:06.350 [main] DEBUG - Save part 'xl/styles.xml'
17:37:06.350 [main] DEBUG - Save part 'xl/theme/theme1.xml'
17:37:06.350 [main] DEBUG - Save part 'xl/workbook.xml'
17:37:06.355 [main] DEBUG - Save part 'xl/worksheets/sheet1.xml'
17:37:06.355 [main] DEBUG - Save part 'xl/worksheets/sheet2.xml'
17:37:06.355 [main] DEBUG - Save part 'xl/worksheets/sheet3.xml'
17:37:06.355 [main] DEBUG - Save part 'xl/worksheets/sheet4.xml'
17:37:06.397 [main] DEBUG - Parsing relationship: /xl/_rels/workbook.xml.rels
17:37:06.398 [main] DEBUG - Parsing relationship: /_rels/.rels
17:37:06.432 [main] DEBUG - Save content types part
17:37:06.434 [main] DEBUG - Save package relationships
17:37:06.437 [main] DEBUG - Save part 'docProps/app.xml'
17:37:06.437 [main] DEBUG - Save part 'docProps/core.xml'
17:37:06.440 [main] DEBUG - Save part 'xl/sharedStrings.xml'
17:37:06.441 [main] DEBUG - Save part 'xl/styles.xml'
17:37:06.441 [main] DEBUG - Save part 'xl/theme/theme1.xml'
17:37:06.442 [main] DEBUG - Save part 'xl/workbook.xml'
17:37:06.444 [main] DEBUG - Save part 'xl/worksheets/sheet1.xml'
17:37:06.444 [main] DEBUG - Save part 'xl/worksheets/sheet2.xml'
17:37:06.445 [main] DEBUG - Save part 'xl/worksheets/sheet3.xml'
17:37:06.445 [main] DEBUG - Save part 'xl/worksheets/sheet4.xml'
17:37:06.479 [main] DEBUG - Parsing relationship: /xl/_rels/workbook.xml.rels
17:37:06.480 [main] DEBUG - Parsing relationship: /_rels/.rels
17:37:06.498 [main] DEBUG - Save content types part
17:37:06.499 [main] DEBUG - Save package relationships
17:37:06.500 [main] DEBUG - Save part 'docProps/app.xml'
17:37:06.500 [main] DEBUG - Save part 'docProps/core.xml'
17:37:06.501 [main] DEBUG - Save part 'xl/sharedStrings.xml'
17:37:06.502 [main] DEBUG - Save part 'xl/styles.xml'
17:37:06.502 [main] DEBUG - Save part 'xl/theme/theme1.xml'
17:37:06.502 [main] DEBUG - Save part 'xl/workbook.xml'
17:37:06.503 [main] DEBUG - Save part 'xl/worksheets/sheet1.xml'
17:37:06.503 [main] DEBUG - Save part 'xl/worksheets/sheet2.xml'
17:37:06.504 [main] DEBUG - Save part 'xl/worksheets/sheet3.xml'
17:37:06.504 [main] DEBUG - Save part 'xl/worksheets/sheet4.xml'
17:37:06.530 [main] DEBUG - Parsing relationship: /xl/_rels/workbook.xml.rels
17:37:06.531 [main] DEBUG - Parsing relationship: /_rels/.rels
17:37:06.550 [main] DEBUG - Save content types part
17:37:06.551 [main] DEBUG - Save package relationships
17:37:06.552 [main] DEBUG - Save part 'docProps/app.xml'
17:37:06.552 [main] DEBUG - Save part 'docProps/core.xml'
17:37:06.553 [main] DEBUG - Save part 'xl/sharedStrings.xml'
17:37:06.553 [main] DEBUG - Save part 'xl/styles.xml'
17:37:06.553 [main] DEBUG - Save part 'xl/theme/theme1.xml'
17:37:06.554 [main] DEBUG - Save part 'xl/workbook.xml'
17:37:06.555 [main] DEBUG - Save part 'xl/worksheets/sheet1.xml'
17:37:06.555 [main] DEBUG - Save part 'xl/worksheets/sheet2.xml'
17:37:06.555 [main] DEBUG - Save part 'xl/worksheets/sheet3.xml'
17:37:06.555 [main] DEBUG - Save part 'xl/worksheets/sheet4.xml'
17:37:06.578 [main] DEBUG - Parsing relationship: /xl/_rels/workbook.xml.rels
17:37:06.579 [main] DEBUG - Parsing relationship: /_rels/.rels
17:37:06.599 [main] DEBUG - Save content types part
17:37:06.600 [main] DEBUG - Save package relationships
17:37:06.601 [main] DEBUG - Save part 'docProps/app.xml'
17:37:06.601 [main] DEBUG - Save part 'docProps/core.xml'
17:37:06.603 [main] DEBUG - Save part 'xl/sharedStrings.xml'
17:37:06.603 [main] DEBUG - Save part 'xl/styles.xml'
17:37:06.603 [main] DEBUG - Save part 'xl/theme/theme1.xml'
17:37:06.603 [main] DEBUG - Save part 'xl/workbook.xml'
17:37:06.604 [main] DEBUG - Save part 'xl/worksheets/sheet1.xml'
17:37:06.605 [main] DEBUG - Save part 'xl/worksheets/sheet2.xml'
17:37:06.605 [main] DEBUG - Save part 'xl/worksheets/sheet3.xml'
17:37:06.605 [main] DEBUG - Save part 'xl/worksheets/sheet4.xml'
17:37:06.629 [main] DEBUG - Parsing relationship: /xl/_rels/workbook.xml.rels
17:37:06.629 [main] DEBUG - Parsing relationship: /_rels/.rels
17:37:06.644 [main] DEBUG - Save content types part
17:37:06.645 [main] DEBUG - Save package relationships
17:37:06.646 [main] DEBUG - Save part 'docProps/app.xml'
17:37:06.647 [main] DEBUG - Save part 'docProps/core.xml'
17:37:06.648 [main] DEBUG - Save part 'xl/sharedStrings.xml'
17:37:06.649 [main] DEBUG - Save part 'xl/styles.xml'
17:37:06.649 [main] DEBUG - Save part 'xl/theme/theme1.xml'
17:37:06.649 [main] DEBUG - Save part 'xl/workbook.xml'
17:37:06.651 [main] DEBUG - Save part 'xl/worksheets/sheet1.xml'
17:37:06.652 [main] DEBUG - Save part 'xl/worksheets/sheet2.xml'
17:37:06.653 [main] DEBUG - Save part 'xl/worksheets/sheet3.xml'
17:37:06.653 [main] DEBUG - Save part 'xl/worksheets/sheet4.xml'
17:37:06.705 [main] DEBUG - Parsing relationship: /xl/_rels/workbook.xml.rels
17:37:06.705 [main] DEBUG - Parsing relationship: /_rels/.rels
17:37:06.734 [main] DEBUG - Save content types part
17:37:06.736 [main] DEBUG - Save package relationships
17:37:06.738 [main] DEBUG - Save part 'docProps/app.xml'
17:37:06.738 [main] DEBUG - Save part 'docProps/core.xml'
17:37:06.740 [main] DEBUG - Save part 'xl/sharedStrings.xml'
17:37:06.740 [main] DEBUG - Save part 'xl/styles.xml'
17:37:06.740 [main] DEBUG - Save part 'xl/theme/theme1.xml'
17:37:06.741 [main] DEBUG - Save part 'xl/workbook.xml'
17:37:06.742 [main] DEBUG - Save part 'xl/worksheets/sheet1.xml'
17:37:06.743 [main] DEBUG - Save part 'xl/worksheets/sheet2.xml'
17:37:06.743 [main] DEBUG - Save part 'xl/worksheets/sheet3.xml'
17:37:06.743 [main] DEBUG - Save part 'xl/worksheets/sheet4.xml'
17:37:06.745 [main] INFO  - **** Finished TC_002_UsedCar ****
17:37:11.705 [main] INFO  - **** Starting TC_001_UpcomingBike ****
17:37:11.705 [main] INFO  - clicking on  New Bikes 
17:37:14.968 [main] INFO  - Selecting Upcoming Bikes
17:37:15.881 [main] INFO  - clicking on Upcoming Bikes
17:37:18.683 [main] INFO  - Displaying bikes details
17:37:18.808 [main] DEBUG - Parsing relationship: /xl/_rels/workbook.xml.rels
17:37:18.809 [main] DEBUG - Parsing relationship: /_rels/.rels
17:37:18.823 [main] DEBUG - Save content types part
17:37:18.824 [main] DEBUG - Save package relationships
17:37:18.825 [main] DEBUG - Save part 'docProps/app.xml'
17:37:18.825 [main] DEBUG - Save part 'docProps/core.xml'
17:37:18.825 [main] DEBUG - Save part 'xl/sharedStrings.xml'
17:37:18.826 [main] DEBUG - Save part 'xl/styles.xml'
17:37:18.826 [main] DEBUG - Save part 'xl/theme/theme1.xml'
17:37:18.826 [main] DEBUG - Save part 'xl/workbook.xml'
17:37:18.827 [main] DEBUG - Save part 'xl/worksheets/sheet1.xml'
17:37:18.827 [main] DEBUG - Save part 'xl/worksheets/sheet2.xml'
17:37:18.827 [main] DEBUG - Save part 'xl/worksheets/sheet3.xml'
17:37:18.827 [main] DEBUG - Save part 'xl/worksheets/sheet4.xml'
17:37:18.845 [main] DEBUG - Parsing relationship: /xl/_rels/workbook.xml.rels
17:37:18.846 [main] DEBUG - Parsing relationship: /_rels/.rels
17:37:18.859 [main] DEBUG - Save content types part
17:37:18.860 [main] DEBUG - Save package relationships
17:37:18.861 [main] DEBUG - Save part 'docProps/app.xml'
17:37:18.861 [main] DEBUG - Save part 'docProps/core.xml'
17:37:18.861 [main] DEBUG - Save part 'xl/sharedStrings.xml'
17:37:18.861 [main] DEBUG - Save part 'xl/styles.xml'
17:37:18.861 [main] DEBUG - Save part 'xl/theme/theme1.xml'
17:37:18.862 [main] DEBUG - Save part 'xl/workbook.xml'
17:37:18.862 [main] DEBUG - Save part 'xl/worksheets/sheet1.xml'
17:37:18.862 [main] DEBUG - Save part 'xl/worksheets/sheet2.xml'
17:37:18.863 [main] DEBUG - Save part 'xl/worksheets/sheet3.xml'
17:37:18.863 [main] DEBUG - Save part 'xl/worksheets/sheet4.xml'
17:37:18.880 [main] DEBUG - Parsing relationship: /xl/_rels/workbook.xml.rels
17:37:18.880 [main] DEBUG - Parsing relationship: /_rels/.rels
17:37:18.895 [main] DEBUG - Save content types part
17:37:18.896 [main] DEBUG - Save package relationships
17:37:18.897 [main] DEBUG - Save part 'docProps/app.xml'
17:37:18.897 [main] DEBUG - Save part 'docProps/core.xml'
17:37:18.897 [main] DEBUG - Save part 'xl/sharedStrings.xml'
17:37:18.898 [main] DEBUG - Save part 'xl/styles.xml'
17:37:18.898 [main] DEBUG - Save part 'xl/theme/theme1.xml'
17:37:18.898 [main] DEBUG - Save part 'xl/workbook.xml'
17:37:18.899 [main] DEBUG - Save part 'xl/worksheets/sheet1.xml'
17:37:18.899 [main] DEBUG - Save part 'xl/worksheets/sheet2.xml'
17:37:18.899 [main] DEBUG - Save part 'xl/worksheets/sheet3.xml'
17:37:18.899 [main] DEBUG - Save part 'xl/worksheets/sheet4.xml'
17:37:18.989 [main] DEBUG - Parsing relationship: /xl/_rels/workbook.xml.rels
17:37:18.989 [main] DEBUG - Parsing relationship: /_rels/.rels
17:37:19.001 [main] DEBUG - Save content types part
17:37:19.002 [main] DEBUG - Save package relationships
17:37:19.003 [main] DEBUG - Save part 'docProps/app.xml'
17:37:19.003 [main] DEBUG - Save part 'docProps/core.xml'
17:37:19.004 [main] DEBUG - Save part 'xl/sharedStrings.xml'
17:37:19.004 [main] DEBUG - Save part 'xl/styles.xml'
17:37:19.004 [main] DEBUG - Save part 'xl/theme/theme1.xml'
17:37:19.004 [main] DEBUG - Save part 'xl/workbook.xml'
17:37:19.005 [main] DEBUG - Save part 'xl/worksheets/sheet1.xml'
17:37:19.005 [main] DEBUG - Save part 'xl/worksheets/sheet2.xml'
17:37:19.005 [main] DEBUG - Save part 'xl/worksheets/sheet3.xml'
17:37:19.005 [main] DEBUG - Save part 'xl/worksheets/sheet4.xml'
17:37:19.023 [main] DEBUG - Parsing relationship: /xl/_rels/workbook.xml.rels
17:37:19.023 [main] DEBUG - Parsing relationship: /_rels/.rels
17:37:19.036 [main] DEBUG - Save content types part
17:37:19.037 [main] DEBUG - Save package relationships
17:37:19.038 [main] DEBUG - Save part 'docProps/app.xml'
17:37:19.038 [main] DEBUG - Save part 'docProps/core.xml'
17:37:19.039 [main] DEBUG - Save part 'xl/sharedStrings.xml'
17:37:19.039 [main] DEBUG - Save part 'xl/styles.xml'
17:37:19.040 [main] DEBUG - Save part 'xl/theme/theme1.xml'
17:37:19.040 [main] DEBUG - Save part 'xl/workbook.xml'
17:37:19.041 [main] DEBUG - Save part 'xl/worksheets/sheet1.xml'
17:37:19.041 [main] DEBUG - Save part 'xl/worksheets/sheet2.xml'
17:37:19.041 [main] DEBUG - Save part 'xl/worksheets/sheet3.xml'
17:37:19.041 [main] DEBUG - Save part 'xl/worksheets/sheet4.xml'
17:37:19.056 [main] DEBUG - Parsing relationship: /xl/_rels/workbook.xml.rels
17:37:19.056 [main] DEBUG - Parsing relationship: /_rels/.rels
17:37:19.076 [main] DEBUG - Save content types part
17:37:19.077 [main] DEBUG - Save package relationships
17:37:19.078 [main] DEBUG - Save part 'docProps/app.xml'
17:37:19.078 [main] DEBUG - Save part 'docProps/core.xml'
17:37:19.079 [main] DEBUG - Save part 'xl/sharedStrings.xml'
17:37:19.079 [main] DEBUG - Save part 'xl/styles.xml'
17:37:19.079 [main] DEBUG - Save part 'xl/theme/theme1.xml'
17:37:19.079 [main] DEBUG - Save part 'xl/workbook.xml'
17:37:19.080 [main] DEBUG - Save part 'xl/worksheets/sheet1.xml'
17:37:19.080 [main] DEBUG - Save part 'xl/worksheets/sheet2.xml'
17:37:19.080 [main] DEBUG - Save part 'xl/worksheets/sheet3.xml'
17:37:19.080 [main] DEBUG - Save part 'xl/worksheets/sheet4.xml'
17:37:19.228 [main] DEBUG - Parsing relationship: /xl/_rels/workbook.xml.rels
17:37:19.228 [main] DEBUG - Parsing relationship: /_rels/.rels
17:37:19.248 [main] DEBUG - Save content types part
17:37:19.249 [main] DEBUG - Save package relationships
17:37:19.250 [main] DEBUG - Save part 'docProps/app.xml'
17:37:19.250 [main] DEBUG - Save part 'docProps/core.xml'
17:37:19.251 [main] DEBUG - Save part 'xl/sharedStrings.xml'
17:37:19.251 [main] DEBUG - Save part 'xl/styles.xml'
17:37:19.251 [main] DEBUG - Save part 'xl/theme/theme1.xml'
17:37:19.251 [main] DEBUG - Save part 'xl/workbook.xml'
17:37:19.252 [main] DEBUG - Save part 'xl/worksheets/sheet1.xml'
17:37:19.252 [main] DEBUG - Save part 'xl/worksheets/sheet2.xml'
17:37:19.252 [main] DEBUG - Save part 'xl/worksheets/sheet3.xml'
17:37:19.252 [main] DEBUG - Save part 'xl/worksheets/sheet4.xml'
17:37:19.268 [main] DEBUG - Parsing relationship: /xl/_rels/workbook.xml.rels
17:37:19.269 [main] DEBUG - Parsing relationship: /_rels/.rels
17:37:19.279 [main] DEBUG - Save content types part
17:37:19.280 [main] DEBUG - Save package relationships
17:37:19.281 [main] DEBUG - Save part 'docProps/app.xml'
17:37:19.281 [main] DEBUG - Save part 'docProps/core.xml'
17:37:19.282 [main] DEBUG - Save part 'xl/sharedStrings.xml'
17:37:19.282 [main] DEBUG - Save part 'xl/styles.xml'
17:37:19.282 [main] DEBUG - Save part 'xl/theme/theme1.xml'
17:37:19.282 [main] DEBUG - Save part 'xl/workbook.xml'
17:37:19.283 [main] DEBUG - Save part 'xl/worksheets/sheet1.xml'
17:37:19.283 [main] DEBUG - Save part 'xl/worksheets/sheet2.xml'
17:37:19.283 [main] DEBUG - Save part 'xl/worksheets/sheet3.xml'
17:37:19.283 [main] DEBUG - Save part 'xl/worksheets/sheet4.xml'
17:37:19.301 [main] DEBUG - Parsing relationship: /xl/_rels/workbook.xml.rels
17:37:19.301 [main] DEBUG - Parsing relationship: /_rels/.rels
17:37:19.312 [main] DEBUG - Save content types part
17:37:19.313 [main] DEBUG - Save package relationships
17:37:19.314 [main] DEBUG - Save part 'docProps/app.xml'
17:37:19.314 [main] DEBUG - Save part 'docProps/core.xml'
17:37:19.315 [main] DEBUG - Save part 'xl/sharedStrings.xml'
17:37:19.315 [main] DEBUG - Save part 'xl/styles.xml'
17:37:19.315 [main] DEBUG - Save part 'xl/theme/theme1.xml'
17:37:19.315 [main] DEBUG - Save part 'xl/workbook.xml'
17:37:19.316 [main] DEBUG - Save part 'xl/worksheets/sheet1.xml'
17:37:19.316 [main] DEBUG - Save part 'xl/worksheets/sheet2.xml'
17:37:19.316 [main] DEBUG - Save part 'xl/worksheets/sheet3.xml'
17:37:19.316 [main] DEBUG - Save part 'xl/worksheets/sheet4.xml'
17:37:19.390 [main] DEBUG - Parsing relationship: /xl/_rels/workbook.xml.rels
17:37:19.391 [main] DEBUG - Parsing relationship: /_rels/.rels
17:37:19.401 [main] DEBUG - Save content types part
17:37:19.402 [main] DEBUG - Save package relationships
17:37:19.403 [main] DEBUG - Save part 'docProps/app.xml'
17:37:19.403 [main] DEBUG - Save part 'docProps/core.xml'
17:37:19.403 [main] DEBUG - Save part 'xl/sharedStrings.xml'
17:37:19.404 [main] DEBUG - Save part 'xl/styles.xml'
17:37:19.404 [main] DEBUG - Save part 'xl/theme/theme1.xml'
17:37:19.404 [main] DEBUG - Save part 'xl/workbook.xml'
17:37:19.405 [main] DEBUG - Save part 'xl/worksheets/sheet1.xml'
17:37:19.405 [main] DEBUG - Save part 'xl/worksheets/sheet2.xml'
17:37:19.405 [main] DEBUG - Save part 'xl/worksheets/sheet3.xml'
17:37:19.405 [main] DEBUG - Save part 'xl/worksheets/sheet4.xml'
17:37:19.421 [main] DEBUG - Parsing relationship: /xl/_rels/workbook.xml.rels
17:37:19.421 [main] DEBUG - Parsing relationship: /_rels/.rels
17:37:19.434 [main] DEBUG - Save content types part
17:37:19.435 [main] DEBUG - Save package relationships
17:37:19.435 [main] DEBUG - Save part 'docProps/app.xml'
17:37:19.435 [main] DEBUG - Save part 'docProps/core.xml'
17:37:19.436 [main] DEBUG - Save part 'xl/sharedStrings.xml'
17:37:19.436 [main] DEBUG - Save part 'xl/styles.xml'
17:37:19.436 [main] DEBUG - Save part 'xl/theme/theme1.xml'
17:37:19.436 [main] DEBUG - Save part 'xl/workbook.xml'
17:37:19.437 [main] DEBUG - Save part 'xl/worksheets/sheet1.xml'
17:37:19.437 [main] DEBUG - Save part 'xl/worksheets/sheet2.xml'
17:37:19.437 [main] DEBUG - Save part 'xl/worksheets/sheet3.xml'
17:37:19.437 [main] DEBUG - Save part 'xl/worksheets/sheet4.xml'
17:37:19.457 [main] DEBUG - Parsing relationship: /xl/_rels/workbook.xml.rels
17:37:19.458 [main] DEBUG - Parsing relationship: /_rels/.rels
17:37:19.468 [main] DEBUG - Save content types part
17:37:19.469 [main] DEBUG - Save package relationships
17:37:19.470 [main] DEBUG - Save part 'docProps/app.xml'
17:37:19.470 [main] DEBUG - Save part 'docProps/core.xml'
17:37:19.471 [main] DEBUG - Save part 'xl/sharedStrings.xml'
17:37:19.471 [main] DEBUG - Save part 'xl/styles.xml'
17:37:19.471 [main] DEBUG - Save part 'xl/theme/theme1.xml'
17:37:19.471 [main] DEBUG - Save part 'xl/workbook.xml'
17:37:19.472 [main] DEBUG - Save part 'xl/worksheets/sheet1.xml'
17:37:19.472 [main] DEBUG - Save part 'xl/worksheets/sheet2.xml'
17:37:19.472 [main] DEBUG - Save part 'xl/worksheets/sheet3.xml'
17:37:19.472 [main] DEBUG - Save part 'xl/worksheets/sheet4.xml'
17:37:19.647 [main] DEBUG - Parsing relationship: /xl/_rels/workbook.xml.rels
17:37:19.647 [main] DEBUG - Parsing relationship: /_rels/.rels
17:37:19.659 [main] DEBUG - Save content types part
17:37:19.659 [main] DEBUG - Save package relationships
17:37:19.660 [main] DEBUG - Save part 'docProps/app.xml'
17:37:19.660 [main] DEBUG - Save part 'docProps/core.xml'
17:37:19.661 [main] DEBUG - Save part 'xl/sharedStrings.xml'
17:37:19.661 [main] DEBUG - Save part 'xl/styles.xml'
17:37:19.661 [main] DEBUG - Save part 'xl/theme/theme1.xml'
17:37:19.661 [main] DEBUG - Save part 'xl/workbook.xml'
17:37:19.662 [main] DEBUG - Save part 'xl/worksheets/sheet1.xml'
17:37:19.662 [main] DEBUG - Save part 'xl/worksheets/sheet2.xml'
17:37:19.662 [main] DEBUG - Save part 'xl/worksheets/sheet3.xml'
17:37:19.662 [main] DEBUG - Save part 'xl/worksheets/sheet4.xml'
17:37:19.676 [main] DEBUG - Parsing relationship: /xl/_rels/workbook.xml.rels
17:37:19.677 [main] DEBUG - Parsing relationship: /_rels/.rels
17:37:19.687 [main] DEBUG - Save content types part
17:37:19.687 [main] DEBUG - Save package relationships
17:37:19.688 [main] DEBUG - Save part 'docProps/app.xml'
17:37:19.688 [main] DEBUG - Save part 'docProps/core.xml'
17:37:19.689 [main] DEBUG - Save part 'xl/sharedStrings.xml'
17:37:19.689 [main] DEBUG - Save part 'xl/styles.xml'
17:37:19.689 [main] DEBUG - Save part 'xl/theme/theme1.xml'
17:37:19.689 [main] DEBUG - Save part 'xl/workbook.xml'
17:37:19.690 [main] DEBUG - Save part 'xl/worksheets/sheet1.xml'
