13:02:20.029 [main] INFO  - **** Starting TC_003_LoginSignup ****
13:02:20.030 [main] INFO  - Navigating to the homepage
13:02:23.932 [main] INFO  - Clicking on the Login/Signup button
13:02:35.119 [main] INFO  - Selecting the Google button
13:02:45.265 [main] INFO  - Verifying that the Login/SignUp card is displayed
13:03:02.992 [main] INFO  - Navigating to the Google Accounts sign in page
13:03:21.348 [main] INFO  - Entering email
13:03:29.475 [main] INFO  - Clicking on the next button
13:03:36.986 [main] INFO  - Capturing error message
13:03:47.031 [main] INFO  - **** Finished TC_003_LoginSignup ****
13:04:01.553 [main] INFO  - **** Starting TC_002_UsedCar ****
13:04:01.553 [main] INFO  - Navigating to the homepage
13:04:01.589 [main] INFO  - checking zigwheels visibility
13:04:03.649 [main] INFO  - checking used cars option visibility
13:04:05.704 [main] INFO  - Hovering over and selecting used cars
13:04:07.875 [main] INFO  - checking Chennai option visibility
13:04:09.921 [main] INFO  - Selecting Chennai used cars
13:04:32.219 [main] INFO  - **** Starting TC_001_UpcomingBike ****
13:04:32.219 [main] INFO  - clicking on  New Bikes 
13:04:37.413 [main] INFO  - Selecting Upcoming Bikes
13:04:48.333 [main] INFO  - checking Upcoming Bikes page is displayed or not
13:04:48.350 [main] INFO  - clicking on Manufacturers dropdown
13:04:51.454 [main] INFO  - selecting Honda brand
13:04:55.630 [main] INFO  - checking ViewMore button visibility
13:05:26.643 [main] INFO  - checking Honda upcoming Bikes page is displayed or not
13:05:26.654 [main] INFO  - checking all honda bikes names are there or not
13:05:28.699 [main] INFO  - checking all honda bikes prices are there or not
13:05:30.725 [main] INFO  - checking all honda bikes expected dates are there or not
13:05:32.758 [main] INFO  - Displaying bikes details
13:05:35.090 [main] DEBUG - Parsing relationship: /xl/_rels/workbook.xml.rels
13:05:35.094 [main] DEBUG - Parsing relationship: /_rels/.rels
13:05:35.279 [main] TRACE - Loading type system org.apache.poi.schemas.ooxml.system.ooxml
13:05:35.282 [main] TRACE - Loading type system org.apache.xmlbeans.metadata.system.sXMLCONFIG
13:05:35.282 [main] TRACE - Loading type system org.apache.xmlbeans.metadata.system.sXMLLANG
13:05:35.283 [main] TRACE - Loading type system org.apache.xmlbeans.metadata.system.sXMLSCHEMA
13:05:35.283 [main] TRACE - Loading type system org.apache.xmlbeans.metadata.system.sXMLTOOLS
13:05:35.284 [main] TRACE - Reading unresolved handles for type system org.apache.xmlbeans.metadata.system.sXMLTOOLS
13:05:35.296 [main] TRACE - Finished loading type system org.apache.xmlbeans.metadata.system.sXMLTOOLS
13:05:35.297 [main] TRACE - Reading unresolved handles for type system org.apache.xmlbeans.metadata.system.sXMLSCHEMA
13:05:35.300 [main] TRACE - Finished loading type system org.apache.xmlbeans.metadata.system.sXMLSCHEMA
13:05:35.302 [main] TRACE - Reading unresolved handles for type system org.apache.xmlbeans.metadata.system.sXMLLANG
13:05:35.303 [main] TRACE - Finished loading type system org.apache.xmlbeans.metadata.system.sXMLLANG
13:05:35.304 [main] TRACE - Reading unresolved handles for type system org.apache.xmlbeans.metadata.system.sXMLCONFIG
13:05:35.305 [main] TRACE - Finished loading type system org.apache.xmlbeans.metadata.system.sXMLCONFIG
13:05:35.306 [main] TRACE - Reading unresolved handles for type system org.apache.poi.schemas.ooxml.system.ooxml
13:05:35.355 [main] TRACE - Finished loading type system org.apache.poi.schemas.ooxml.system.ooxml
13:05:35.356 [main] TRACE - Resolving type for handle themefd26doctype
13:05:35.436 [main] TRACE - Resolving type for handle stylesheet5d8bdoctype
13:05:35.442 [main] TRACE - Resolving type for handle ctstylesheet4257type
13:05:35.448 [main] TRACE - Resolving type for handle ctnumfmtsb58btype
13:05:35.453 [main] TRACE - Resolving type for handle ctfonts6623type
13:05:35.457 [main] TRACE - Resolving type for handle ctfont14d8type
13:05:35.470 [main] TRACE - Resolving type for handle ctfills2c6ftype
13:05:35.474 [main] TRACE - Resolving type for handle ctfill550ctype
13:05:35.476 [main] TRACE - Resolving type for handle ctborders0d66type
13:05:35.478 [main] TRACE - Resolving type for handle ctborderf935type
13:05:35.482 [main] TRACE - Resolving type for handle ctcellxfs1322type
13:05:35.484 [main] TRACE - Resolving type for handle ctxf97f7type
13:05:35.487 [main] TRACE - Resolving type for handle ctcellstylexfsa81ftype
13:05:35.489 [main] TRACE - Resolving type for handle ctdxfsb26atype
13:05:35.493 [main] TRACE - Resolving type for handle cttablestyles872ftype
13:05:35.496 [main] TRACE - Resolving type for handle sstf81fdoctype
13:05:35.501 [main] TRACE - Resolving type for handle ctsst44f3type
13:05:35.515 [main] TRACE - Resolving type for handle ctrsta472type
13:05:35.548 [main] TRACE - Resolving type for handle workbookec17doctype
13:05:35.556 [main] TRACE - Resolving type for handle ctworkbook83c3type
13:05:35.564 [main] TRACE - Resolving type for handle ctsheets49fdtype
13:05:35.566 [main] TRACE - Resolving type for handle ctsheet4dbetype
13:05:35.568 [main] TRACE - Resolving type for handle strelationshipid1e94type
13:05:35.571 [main] TRACE - Resolving type for handle worksheetf539doctype
13:05:35.576 [main] TRACE - Resolving type for handle ctworksheet530dtype
13:05:35.588 [main] TRACE - Resolving type for handle ctsheetdata8408type
13:05:35.598 [main] TRACE - Resolving type for handle ctcols627ctype
13:05:35.613 [main] TRACE - Resolving type for handle ctrowdd39type
13:05:35.621 [main] TRACE - Resolving type for handle ctcell842btype
13:05:35.631 [main] TRACE - Resolving type for handle stcellrefe4e0type
13:05:35.651 [main] TRACE - Resolving type for handle stxstringf179type
13:05:35.658 [main] TRACE - Resolving type for handle stcelltypebf95type
13:05:35.684 [main] TRACE - Resolving type for handle stcellstylexfid70c7type
13:05:35.693 [main] TRACE - Resolving type for handle ctsheetdimensiond310type
13:05:35.698 [main] TRACE - Resolving type for handle stref90a2type
13:05:35.709 [main] TRACE - Resolving type for handle propertiesee84doctype
13:05:35.713 [main] TRACE - Resolving type for handle ctproperties3f10type
13:05:35.726 [main] TRACE - Resolving type for handle properties288cdoctype
13:05:35.730 [main] TRACE - Resolving type for handle ctproperties2c18type
13:05:35.745 [main] DEBUG - Save content types part
13:05:35.833 [main] DEBUG - Save package relationships
13:05:35.839 [main] DEBUG - Save part 'docProps/app.xml'
13:05:35.840 [main] DEBUG - Save part 'docProps/core.xml'
13:05:35.845 [main] DEBUG - Save part 'xl/sharedStrings.xml'
13:05:35.846 [main] DEBUG - Save part 'xl/styles.xml'
13:05:35.846 [main] DEBUG - Save part 'xl/theme/theme1.xml'
13:05:35.847 [main] DEBUG - Save part 'xl/workbook.xml'
13:05:35.849 [main] DEBUG - Save part 'xl/worksheets/sheet1.xml'
13:05:35.850 [main] DEBUG - Save part 'xl/worksheets/sheet2.xml'
13:05:35.850 [main] DEBUG - Save part 'xl/worksheets/sheet3.xml'
13:05:35.850 [main] DEBUG - Save part 'xl/worksheets/sheet4.xml'
13:05:35.879 [main] DEBUG - Parsing relationship: /xl/_rels/workbook.xml.rels
13:05:35.880 [main] DEBUG - Parsing relationship: /_rels/.rels
13:05:35.948 [main] DEBUG - Save content types part
13:05:35.951 [main] DEBUG - Save package relationships
13:05:35.953 [main] DEBUG - Save part 'docProps/app.xml'
13:05:35.954 [main] DEBUG - Save part 'docProps/core.xml'
13:05:35.957 [main] DEBUG - Save part 'xl/sharedStrings.xml'
13:05:35.957 [main] DEBUG - Save part 'xl/styles.xml'
13:05:35.958 [main] DEBUG - Save part 'xl/theme/theme1.xml'
13:05:35.958 [main] DEBUG - Save part 'xl/workbook.xml'
13:05:35.960 [main] DEBUG - Save part 'xl/worksheets/sheet1.xml'
13:05:35.961 [main] DEBUG - Save part 'xl/worksheets/sheet2.xml'
13:05:35.961 [main] DEBUG - Save part 'xl/worksheets/sheet3.xml'
13:05:35.961 [main] DEBUG - Save part 'xl/worksheets/sheet4.xml'
13:05:35.990 [main] DEBUG - Parsing relationship: /xl/_rels/workbook.xml.rels
13:05:35.992 [main] DEBUG - Parsing relationship: /_rels/.rels
13:05:36.042 [main] DEBUG - Save content types part
13:05:36.045 [main] DEBUG - Save package relationships
13:05:36.047 [main] DEBUG - Save part 'docProps/app.xml'
13:05:36.048 [main] DEBUG - Save part 'docProps/core.xml'
13:05:36.051 [main] DEBUG - Save part 'xl/sharedStrings.xml'
13:05:36.051 [main] DEBUG - Save part 'xl/styles.xml'
13:05:36.052 [main] DEBUG - Save part 'xl/theme/theme1.xml'
13:05:36.053 [main] DEBUG - Save part 'xl/workbook.xml'
13:05:36.056 [main] DEBUG - Save part 'xl/worksheets/sheet1.xml'
13:05:36.057 [main] DEBUG - Save part 'xl/worksheets/sheet2.xml'
13:05:36.057 [main] DEBUG - Save part 'xl/worksheets/sheet3.xml'
13:05:36.058 [main] DEBUG - Save part 'xl/worksheets/sheet4.xml'
13:05:36.189 [main] DEBUG - Parsing relationship: /xl/_rels/workbook.xml.rels
13:05:36.190 [main] DEBUG - Parsing relationship: /_rels/.rels
13:05:36.233 [main] DEBUG - Save content types part
13:05:36.235 [main] DEBUG - Save package relationships
13:05:36.236 [main] DEBUG - Save part 'docProps/app.xml'
13:05:36.237 [main] DEBUG - Save part 'docProps/core.xml'
13:05:36.239 [main] DEBUG - Save part 'xl/sharedStrings.xml'
13:05:36.239 [main] DEBUG - Save part 'xl/styles.xml'
13:05:36.240 [main] DEBUG - Save part 'xl/theme/theme1.xml'
13:05:36.240 [main] DEBUG - Save part 'xl/workbook.xml'
13:05:36.243 [main] DEBUG - Save part 'xl/worksheets/sheet1.xml'
13:05:36.244 [main] DEBUG - Save part 'xl/worksheets/sheet2.xml'
13:05:36.244 [main] DEBUG - Save part 'xl/worksheets/sheet3.xml'
13:05:36.245 [main] DEBUG - Save part 'xl/worksheets/sheet4.xml'
13:05:36.274 [main] DEBUG - Parsing relationship: /xl/_rels/workbook.xml.rels
13:05:36.275 [main] DEBUG - Parsing relationship: /_rels/.rels
13:05:36.312 [main] DEBUG - Save content types part
13:05:36.314 [main] DEBUG - Save package relationships
13:05:36.315 [main] DEBUG - Save part 'docProps/app.xml'
13:05:36.315 [main] DEBUG - Save part 'docProps/core.xml'
13:05:36.317 [main] DEBUG - Save part 'xl/sharedStrings.xml'
13:05:36.318 [main] DEBUG - Save part 'xl/styles.xml'
13:05:36.318 [main] DEBUG - Save part 'xl/theme/theme1.xml'
13:05:36.319 [main] DEBUG - Save part 'xl/workbook.xml'
13:05:36.321 [main] DEBUG - Save part 'xl/worksheets/sheet1.xml'
13:05:36.321 [main] DEBUG - Save part 'xl/worksheets/sheet2.xml'
13:05:36.322 [main] DEBUG - Save part 'xl/worksheets/sheet3.xml'
13:05:36.322 [main] DEBUG - Save part 'xl/worksheets/sheet4.xml'
13:05:36.348 [main] DEBUG - Parsing relationship: /xl/_rels/workbook.xml.rels
13:05:36.349 [main] DEBUG - Parsing relationship: /_rels/.rels
13:05:36.387 [main] DEBUG - Save content types part
13:05:36.389 [main] DEBUG - Save package relationships
13:05:36.389 [main] DEBUG - Save part 'docProps/app.xml'
13:05:36.390 [main] DEBUG - Save part 'docProps/core.xml'
13:05:36.391 [main] DEBUG - Save part 'xl/sharedStrings.xml'
13:05:36.391 [main] DEBUG - Save part 'xl/styles.xml'
13:05:36.392 [main] DEBUG - Save part 'xl/theme/theme1.xml'
13:05:36.392 [main] DEBUG - Save part 'xl/workbook.xml'
13:05:36.394 [main] DEBUG - Save part 'xl/worksheets/sheet1.xml'
13:05:36.394 [main] DEBUG - Save part 'xl/worksheets/sheet2.xml'
13:05:36.395 [main] DEBUG - Save part 'xl/worksheets/sheet3.xml'
13:05:36.395 [main] DEBUG - Save part 'xl/worksheets/sheet4.xml'
13:05:36.519 [main] DEBUG - Parsing relationship: /xl/_rels/workbook.xml.rels
13:05:36.520 [main] DEBUG - Parsing relationship: /_rels/.rels
13:05:36.551 [main] DEBUG - Save content types part
13:05:36.553 [main] DEBUG - Save package relationships
13:05:36.555 [main] DEBUG - Save part 'docProps/app.xml'
13:05:36.555 [main] DEBUG - Save part 'docProps/core.xml'
13:05:36.557 [main] DEBUG - Save part 'xl/sharedStrings.xml'
13:05:36.558 [main] DEBUG - Save part 'xl/styles.xml'
13:05:36.558 [main] DEBUG - Save part 'xl/theme/theme1.xml'
13:05:36.559 [main] DEBUG - Save part 'xl/workbook.xml'
13:05:36.562 [main] DEBUG - Save part 'xl/worksheets/sheet1.xml'
13:05:36.562 [main] DEBUG - Save part 'xl/worksheets/sheet2.xml'
13:05:36.562 [main] DEBUG - Save part 'xl/worksheets/sheet3.xml'
13:05:36.563 [main] DEBUG - Save part 'xl/worksheets/sheet4.xml'
13:05:36.601 [main] DEBUG - Parsing relationship: /xl/_rels/workbook.xml.rels
13:05:36.602 [main] DEBUG - Parsing relationship: /_rels/.rels
13:05:36.653 [main] DEBUG - Save content types part
13:05:36.654 [main] DEBUG - Save package relationships
13:05:36.655 [main] DEBUG - Save part 'docProps/app.xml'
13:05:36.656 [main] DEBUG - Save part 'docProps/core.xml'
13:05:36.657 [main] DEBUG - Save part 'xl/sharedStrings.xml'
13:05:36.658 [main] DEBUG - Save part 'xl/styles.xml'
13:05:36.658 [main] DEBUG - Save part 'xl/theme/theme1.xml'
13:05:36.659 [main] DEBUG - Save part 'xl/workbook.xml'
13:05:36.661 [main] DEBUG - Save part 'xl/worksheets/sheet1.xml'
13:05:36.661 [main] DEBUG - Save part 'xl/worksheets/sheet2.xml'
13:05:36.661 [main] DEBUG - Save part 'xl/worksheets/sheet3.xml'
13:05:36.661 [main] DEBUG - Save part 'xl/worksheets/sheet4.xml'
13:05:36.687 [main] DEBUG - Parsing relationship: /xl/_rels/workbook.xml.rels
13:05:36.689 [main] DEBUG - Parsing relationship: /_rels/.rels
13:05:36.733 [main] DEBUG - Save content types part
13:05:36.735 [main] DEBUG - Save package relationships
13:05:36.737 [main] DEBUG - Save part 'docProps/app.xml'
13:05:36.737 [main] DEBUG - Save part 'docProps/core.xml'
13:05:36.740 [main] DEBUG - Save part 'xl/sharedStrings.xml'
13:05:36.741 [main] DEBUG - Save part 'xl/styles.xml'
13:05:36.741 [main] DEBUG - Save part 'xl/theme/theme1.xml'
13:05:36.742 [main] DEBUG - Save part 'xl/workbook.xml'
13:05:36.745 [main] DEBUG - Save part 'xl/worksheets/sheet1.xml'
13:05:36.746 [main] DEBUG - Save part 'xl/worksheets/sheet2.xml'
13:05:36.746 [main] DEBUG - Save part 'xl/worksheets/sheet3.xml'
13:05:36.746 [main] DEBUG - Save part 'xl/worksheets/sheet4.xml'
13:05:37.063 [main] DEBUG - Parsing relationship: /xl/_rels/workbook.xml.rels
13:05:37.064 [main] DEBUG - Parsing relationship: /_rels/.rels
13:05:37.089 [main] DEBUG - Save content types part
13:05:37.091 [main] DEBUG - Save package relationships
13:05:37.093 [main] DEBUG - Save part 'docProps/app.xml'
13:05:37.093 [main] DEBUG - Save part 'docProps/core.xml'
13:05:37.095 [main] DEBUG - Save part 'xl/sharedStrings.xml'
13:05:37.095 [main] DEBUG - Save part 'xl/styles.xml'
13:05:37.095 [main] DEBUG - Save part 'xl/theme/theme1.xml'
13:05:37.095 [main] DEBUG - Save part 'xl/workbook.xml'
13:05:37.098 [main] DEBUG - Save part 'xl/worksheets/sheet1.xml'
13:05:37.098 [main] DEBUG - Save part 'xl/worksheets/sheet2.xml'
13:05:37.098 [main] DEBUG - Save part 'xl/worksheets/sheet3.xml'
13:05:37.099 [main] DEBUG - Save part 'xl/worksheets/sheet4.xml'
13:05:37.119 [main] DEBUG - Parsing relationship: /xl/_rels/workbook.xml.rels
13:05:37.119 [main] DEBUG - Parsing relationship: /_rels/.rels
13:05:37.150 [main] DEBUG - Save content types part
13:05:37.153 [main] DEBUG - Save package relationships
13:05:37.154 [main] DEBUG - Save part 'docProps/app.xml'
13:05:37.154 [main] DEBUG - Save part 'docProps/core.xml'
13:05:37.156 [main] DEBUG - Save part 'xl/sharedStrings.xml'
13:05:37.156 [main] DEBUG - Save part 'xl/styles.xml'
13:05:37.156 [main] DEBUG - Save part 'xl/theme/theme1.xml'
13:05:37.157 [main] DEBUG - Save part 'xl/workbook.xml'
13:05:37.158 [main] DEBUG - Save part 'xl/worksheets/sheet1.xml'
13:05:37.158 [main] DEBUG - Save part 'xl/worksheets/sheet2.xml'
13:05:37.159 [main] DEBUG - Save part 'xl/worksheets/sheet3.xml'
13:05:37.159 [main] DEBUG - Save part 'xl/worksheets/sheet4.xml'
13:05:37.182 [main] DEBUG - Parsing relationship: /xl/_rels/workbook.xml.rels
13:05:37.183 [main] DEBUG - Parsing relationship: /_rels/.rels
13:05:37.208 [main] DEBUG - Save content types part
13:05:37.210 [main] DEBUG - Save package relationships
13:05:37.211 [main] DEBUG - Save part 'docProps/app.xml'
13:05:37.212 [main] DEBUG - Save part 'docProps/core.xml'
13:05:37.214 [main] DEBUG - Save part 'xl/sharedStrings.xml'
13:05:37.214 [main] DEBUG - Save part 'xl/styles.xml'
13:05:37.214 [main] DEBUG - Save part 'xl/theme/theme1.xml'
13:05:37.215 [main] DEBUG - Save part 'xl/workbook.xml'
13:05:37.217 [main] DEBUG - Save part 'xl/worksheets/sheet1.xml'
13:05:37.217 [main] DEBUG - Save part 'xl/worksheets/sheet2.xml'
13:05:37.217 [main] DEBUG - Save part 'xl/worksheets/sheet3.xml'
13:05:37.217 [main] DEBUG - Save part 'xl/worksheets/sheet4.xml'
13:05:37.350 [main] DEBUG - Parsing relationship: /xl/_rels/workbook.xml.rels
13:05:37.350 [main] DEBUG - Parsing relationship: /_rels/.rels
13:05:37.377 [main] DEBUG - Save content types part
13:05:37.380 [main] DEBUG - Save package relationships
13:05:37.382 [main] DEBUG - Save part 'docProps/app.xml'
13:05:37.382 [main] DEBUG - Save part 'docProps/core.xml'
13:05:37.384 [main] DEBUG - Save part 'xl/sharedStrings.xml'
13:05:37.385 [main] DEBUG - Save part 'xl/styles.xml'
13:05:37.385 [main] DEBUG - Save part 'xl/theme/theme1.xml'
13:05:37.386 [main] DEBUG - Save part 'xl/workbook.xml'
13:05:37.389 [main] DEBUG - Save part 'xl/worksheets/sheet1.xml'
13:05:37.389 [main] DEBUG - Save part 'xl/worksheets/sheet2.xml'
13:05:37.389 [main] DEBUG - Save part 'xl/worksheets/sheet3.xml'
13:05:37.390 [main] DEBUG - Save part 'xl/worksheets/sheet4.xml'
13:05:37.415 [main] DEBUG - Parsing relationship: /xl/_rels/workbook.xml.rels
13:05:37.416 [main] DEBUG - Parsing relationship: /_rels/.rels
13:05:37.471 [main] DEBUG - Save content types part
13:05:37.477 [main] DEBUG - Save package relationships
13:05:37.480 [main] DEBUG - Save part 'docProps/app.xml'
13:05:37.480 [main] DEBUG - Save part 'docProps/core.xml'
13:05:37.483 [main] DEBUG - Save part 'xl/sharedStrings.xml'
13:05:37.483 [main] DEBUG - Save part 'xl/styles.xml'
13:05:37.484 [main] DEBUG - Save part 'xl/theme/theme1.xml'
13:05:37.484 [main] DEBUG - Save part 'xl/workbook.xml'
13:05:37.486 [main] DEBUG - Save part 'xl/worksheets/sheet1.xml'
13:05:37.487 [main] DEBUG - Save part 'xl/worksheets/sheet2.xml'
13:05:37.488 [main] DEBUG - Save part 'xl/worksheets/sheet3.xml'
13:05:37.488 [main] DEBUG - Save part 'xl/worksheets/sheet4.xml'
13:05:37.517 [main] DEBUG - Parsing relationship: /xl/_rels/workbook.xml.rels
13:05:37.519 [main] DEBUG - Parsing relationship: /_rels/.rels
13:05:37.561 [main] DEBUG - Save content types part
13:05:37.564 [main] DEBUG - Save package relationships
13:05:37.566 [main] DEBUG - Save part 'docProps/app.xml'
13:05:37.566 [main] DEBUG - Save part 'docProps/core.xml'
13:05:37.568 [main] DEBUG - Save part 'xl/sharedStrings.xml'
13:05:37.569 [main] DEBUG - Save part 'xl/styles.xml'
13:05:37.569 [main] DEBUG - Save part 'xl/theme/theme1.xml'
13:05:37.570 [main] DEBUG - Save part 'xl/workbook.xml'
13:05:37.571 [main] DEBUG - Save part 'xl/worksheets/sheet1.xml'
13:05:37.572 [main] DEBUG - Save part 'xl/worksheets/sheet2.xml'
13:05:37.572 [main] DEBUG - Save part 'xl/worksheets/sheet3.xml'
13:05:37.572 [main] DEBUG - Save part 'xl/worksheets/sheet4.xml'
13:05:38.004 [main] DEBUG - Parsing relationship: /xl/_rels/workbook.xml.rels
13:05:38.005 [main] DEBUG - Parsing relationship: /_rels/.rels
13:05:38.044 [main] DEBUG - Save content types part
13:05:38.046 [main] DEBUG - Save package relationships
13:05:38.048 [main] DEBUG - Save part 'docProps/app.xml'
13:05:38.048 [main] DEBUG - Save part 'docProps/core.xml'
13:05:38.050 [main] DEBUG - Save part 'xl/sharedStrings.xml'
13:05:38.050 [main] DEBUG - Save part 'xl/styles.xml'
13:05:38.051 [main] DEBUG - Save part 'xl/theme/theme1.xml'
13:05:38.051 [main] DEBUG - Save part 'xl/workbook.xml'
13:05:38.053 [main] DEBUG - Save part 'xl/worksheets/sheet1.xml'
13:05:38.054 [main] DEBUG - Save part 'xl/worksheets/sheet2.xml'
13:05:38.054 [main] DEBUG - Save part 'xl/worksheets/sheet3.xml'
13:05:38.054 [main] DEBUG - Save part 'xl/worksheets/sheet4.xml'
13:05:38.099 [main] DEBUG - Parsing relationship: /xl/_rels/workbook.xml.rels
13:05:38.100 [main] DEBUG - Parsing relationship: /_rels/.rels
13:05:38.140 [main] DEBUG - Save content types part
13:05:38.142 [main] DEBUG - Save package relationships
13:05:38.144 [main] DEBUG - Save part 'docProps/app.xml'
13:05:38.144 [main] DEBUG - Save part 'docProps/core.xml'
13:05:38.146 [main] DEBUG - Save part 'xl/sharedStrings.xml'
13:05:38.146 [main] DEBUG - Save part 'xl/styles.xml'
13:05:38.147 [main] DEBUG - Save part 'xl/theme/theme1.xml'
13:05:38.147 [main] DEBUG - Save part 'xl/workbook.xml'
13:05:38.149 [main] DEBUG - Save part 'xl/worksheets/sheet1.xml'
13:05:38.150 [main] DEBUG - Save part 'xl/worksheets/sheet2.xml'
13:05:38.150 [main] DEBUG - Save part 'xl/worksheets/sheet3.xml'
13:05:38.150 [main] DEBUG - Save part 'xl/worksheets/sheet4.xml'
13:05:38.176 [main] DEBUG - Parsing relationship: /xl/_rels/workbook.xml.rels
13:05:38.177 [main] DEBUG - Parsing relationship: /_rels/.rels
13:05:38.207 [main] DEBUG - Save content types part
13:05:38.209 [main] DEBUG - Save package relationships
13:05:38.211 [main] DEBUG - Save part 'docProps/app.xml'
13:05:38.212 [main] DEBUG - Save part 'docProps/core.xml'
13:05:38.213 [main] DEBUG - Save part 'xl/sharedStrings.xml'
13:05:38.214 [main] DEBUG - Save part 'xl/styles.xml'
13:05:38.214 [main] DEBUG - Save part 'xl/theme/theme1.xml'
13:05:38.215 [main] DEBUG - Save part 'xl/workbook.xml'
13:05:38.216 [main] DEBUG - Save part 'xl/worksheets/sheet1.xml'
13:05:38.216 [main] DEBUG - Save part 'xl/worksheets/sheet2.xml'
13:05:38.217 [main] DEBUG - Save part 'xl/worksheets/sheet3.xml'
13:05:38.217 [main] DEBUG - Save part 'xl/worksheets/sheet4.xml'
13:05:38.466 [main] DEBUG - Parsing relationship: /xl/_rels/workbook.xml.rels
13:05:38.466 [main] DEBUG - Parsing relationship: /_rels/.rels
13:05:38.489 [main] DEBUG - Save content types part
13:05:38.490 [main] DEBUG - Save package relationships
13:05:38.492 [main] DEBUG - Save part 'docProps/app.xml'
13:05:38.492 [main] DEBUG - Save part 'docProps/core.xml'
13:05:38.493 [main] DEBUG - Save part 'xl/sharedStrings.xml'
13:05:38.494 [main] DEBUG - Save part 'xl/styles.xml'
13:05:38.494 [main] DEBUG - Save part 'xl/theme/theme1.xml'
13:05:38.494 [main] DEBUG - Save part 'xl/workbook.xml'
13:05:38.496 [main] DEBUG - Save part 'xl/worksheets/sheet1.xml'
13:05:38.496 [main] DEBUG - Save part 'xl/worksheets/sheet2.xml'
13:05:38.496 [main] DEBUG - Save part 'xl/worksheets/sheet3.xml'
13:05:38.496 [main] DEBUG - Save part 'xl/worksheets/sheet4.xml'
13:05:38.532 [main] DEBUG - Parsing relationship: /xl/_rels/workbook.xml.rels
13:05:38.533 [main] DEBUG - Parsing relationship: /_rels/.rels
13:05:38.577 [main] DEBUG - Save content types part
13:05:38.580 [main] DEBUG - Save package relationships
13:05:38.582 [main] DEBUG - Save part 'docProps/app.xml'
13:05:38.583 [main] DEBUG - Save part 'docProps/core.xml'
13:05:38.586 [main] DEBUG - Save part 'xl/sharedStrings.xml'
13:05:38.586 [main] DEBUG - Save part 'xl/styles.xml'
13:05:38.587 [main] DEBUG - Save part 'xl/theme/theme1.xml'
13:05:38.587 [main] DEBUG - Save part 'xl/workbook.xml'
13:05:38.589 [main] DEBUG - Save part 'xl/worksheets/sheet1.xml'
13:05:38.590 [main] DEBUG - Save part 'xl/worksheets/sheet2.xml'
13:05:38.590 [main] DEBUG - Save part 'xl/worksheets/sheet3.xml'
13:05:38.591 [main] DEBUG - Save part 'xl/worksheets/sheet4.xml'
13:05:38.619 [main] DEBUG - Parsing relationship: /xl/_rels/workbook.xml.rels
13:05:38.620 [main] DEBUG - Parsing relationship: /_rels/.rels
13:05:38.648 [main] DEBUG - Save content types part
13:05:38.651 [main] DEBUG - Save package relationships
13:05:38.653 [main] DEBUG - Save part 'docProps/app.xml'
13:05:38.653 [main] DEBUG - Save part 'docProps/core.xml'
13:05:38.655 [main] DEBUG - Save part 'xl/sharedStrings.xml'
13:05:38.656 [main] DEBUG - Save part 'xl/styles.xml'
13:05:38.656 [main] DEBUG - Save part 'xl/theme/theme1.xml'
13:05:38.657 [main] DEBUG - Save part 'xl/workbook.xml'
13:05:38.659 [main] DEBUG - Save part 'xl/worksheets/sheet1.xml'
13:05:38.660 [main] DEBUG - Save part 'xl/worksheets/sheet2.xml'
13:05:38.660 [main] DEBUG - Save part 'xl/worksheets/sheet3.xml'
13:05:38.660 [main] DEBUG - Save part 'xl/worksheets/sheet4.xml'
13:05:38.840 [main] DEBUG - Parsing relationship: /xl/_rels/workbook.xml.rels
13:05:38.842 [main] DEBUG - Parsing relationship: /_rels/.rels
13:05:38.888 [main] DEBUG - Save content types part
13:05:38.891 [main] DEBUG - Save package relationships
13:05:38.894 [main] DEBUG - Save part 'docProps/app.xml'
13:05:38.895 [main] DEBUG - Save part 'docProps/core.xml'
13:05:38.898 [main] DEBUG - Save part 'xl/sharedStrings.xml'
13:05:38.899 [main] DEBUG - Save part 'xl/styles.xml'
13:05:38.900 [main] DEBUG - Save part 'xl/theme/theme1.xml'
13:05:38.901 [main] DEBUG - Save part 'xl/workbook.xml'
13:05:38.905 [main] DEBUG - Save part 'xl/worksheets/sheet1.xml'
13:05:38.906 [main] DEBUG - Save part 'xl/worksheets/sheet2.xml'
13:05:38.907 [main] DEBUG - Save part 'xl/worksheets/sheet3.xml'
13:05:38.907 [main] DEBUG - Save part 'xl/worksheets/sheet4.xml'
13:05:39.086 [main] DEBUG - Parsing relationship: /xl/_rels/workbook.xml.rels
13:05:39.088 [main] DEBUG - Parsing relationship: /_rels/.rels
13:05:39.157 [main] DEBUG - Save content types part
13:05:39.160 [main] DEBUG - Save package relationships
13:05:39.161 [main] DEBUG - Save part 'docProps/app.xml'
13:05:39.162 [main] DEBUG - Save part 'docProps/core.xml'
13:05:39.164 [main] DEBUG - Save part 'xl/sharedStrings.xml'
13:05:39.165 [main] DEBUG - Save part 'xl/styles.xml'
13:05:39.165 [main] DEBUG - Save part 'xl/theme/theme1.xml'
13:05:39.166 [main] DEBUG - Save part 'xl/workbook.xml'
13:05:39.168 [main] DEBUG - Save part 'xl/worksheets/sheet1.xml'
13:05:39.168 [main] DEBUG - Save part 'xl/worksheets/sheet2.xml'
13:05:39.168 [main] DEBUG - Save part 'xl/worksheets/sheet3.xml'
13:05:39.168 [main] DEBUG - Save part 'xl/worksheets/sheet4.xml'
13:05:39.195 [main] DEBUG - Parsing relationship: /xl/_rels/workbook.xml.rels
13:05:39.197 [main] DEBUG - Parsing relationship: /_rels/.rels
13:05:39.229 [main] DEBUG - Save content types part
13:05:39.231 [main] DEBUG - Save package relationships
13:05:39.233 [main] DEBUG - Save part 'docProps/app.xml'
13:05:39.234 [main] DEBUG - Save part 'docProps/core.xml'
13:05:39.236 [main] DEBUG - Save part 'xl/sharedStrings.xml'
13:05:39.236 [main] DEBUG - Save part 'xl/styles.xml'
13:05:39.237 [main] DEBUG - Save part 'xl/theme/theme1.xml'
13:05:39.237 [main] DEBUG - Save part 'xl/workbook.xml'
13:05:39.240 [main] DEBUG - Save part 'xl/worksheets/sheet1.xml'
13:05:39.242 [main] DEBUG - Save part 'xl/worksheets/sheet2.xml'
13:05:39.242 [main] DEBUG - Save part 'xl/worksheets/sheet3.xml'
13:05:39.242 [main] DEBUG - Save part 'xl/worksheets/sheet4.xml'
13:05:39.512 [main] DEBUG - Parsing relationship: /xl/_rels/workbook.xml.rels
13:05:39.514 [main] DEBUG - Parsing relationship: /_rels/.rels
13:05:39.578 [main] DEBUG - Save content types part
13:05:39.581 [main] DEBUG - Save package relationships
13:05:39.585 [main] DEBUG - Save part 'docProps/app.xml'
13:05:39.586 [main] DEBUG - Save part 'docProps/core.xml'
13:05:39.589 [main] DEBUG - Save part 'xl/sharedStrings.xml'
13:05:39.590 [main] DEBUG - Save part 'xl/styles.xml'
13:05:39.590 [main] DEBUG - Save part 'xl/theme/theme1.xml'
13:05:39.592 [main] DEBUG - Save part 'xl/workbook.xml'
13:05:39.595 [main] DEBUG - Save part 'xl/worksheets/sheet1.xml'
13:05:39.596 [main] DEBUG - Save part 'xl/worksheets/sheet2.xml'
13:05:39.596 [main] DEBUG - Save part 'xl/worksheets/sheet3.xml'
13:05:39.597 [main] DEBUG - Save part 'xl/worksheets/sheet4.xml'
13:05:39.670 [main] DEBUG - Parsing relationship: /xl/_rels/workbook.xml.rels
13:05:39.672 [main] DEBUG - Parsing relationship: /_rels/.rels
13:05:39.722 [main] DEBUG - Save content types part
13:05:39.725 [main] DEBUG - Save package relationships
13:05:39.728 [main] DEBUG - Save part 'docProps/app.xml'
13:05:39.729 [main] DEBUG - Save part 'docProps/core.xml'
13:05:39.732 [main] DEBUG - Save part 'xl/sharedStrings.xml'
13:05:39.733 [main] DEBUG - Save part 'xl/styles.xml'
13:05:39.733 [main] DEBUG - Save part 'xl/theme/theme1.xml'
13:05:39.733 [main] DEBUG - Save part 'xl/workbook.xml'
13:05:39.737 [main] DEBUG - Save part 'xl/worksheets/sheet1.xml'
13:05:39.738 [main] DEBUG - Save part 'xl/worksheets/sheet2.xml'
13:05:39.739 [main] DEBUG - Save part 'xl/worksheets/sheet3.xml'
13:05:39.739 [main] DEBUG - Save part 'xl/worksheets/sheet4.xml'
13:05:39.781 [main] DEBUG - Parsing relationship: /xl/_rels/workbook.xml.rels
13:05:39.786 [main] DEBUG - Parsing relationship: /_rels/.rels
13:05:39.869 [main] DEBUG - Save content types part
13:05:39.876 [main] DEBUG - Save package relationships
13:05:39.881 [main] DEBUG - Save part 'docProps/app.xml'
13:05:39.881 [main] DEBUG - Save part 'docProps/core.xml'
13:05:39.886 [main] DEBUG - Save part 'xl/sharedStrings.xml'
13:05:39.888 [main] DEBUG - Save part 'xl/styles.xml'
13:05:39.888 [main] DEBUG - Save part 'xl/theme/theme1.xml'
13:05:39.890 [main] DEBUG - Save part 'xl/workbook.xml'
13:05:39.893 [main] DEBUG - Save part 'xl/worksheets/sheet1.xml'
13:05:39.893 [main] DEBUG - Save part 'xl/worksheets/sheet2.xml'
13:05:39.893 [main] DEBUG - Save part 'xl/worksheets/sheet3.xml'
13:05:39.893 [main] DEBUG - Save part 'xl/worksheets/sheet4.xml'
13:05:39.911 [main] INFO  - **** Finished TC_001_UpcomingBike ****
13:06:49.910 [main] INFO  - **** Starting TC_003_LoginSignup ****
13:06:49.913 [main] INFO  - Navigating to the homepage
13:06:53.834 [main] INFO  - Clicking on the Login/Signup button
13:07:04.974 [main] INFO  - Selecting the Google button
13:07:15.127 [main] INFO  - Verifying that the Login/SignUp card is displayed
13:07:28.714 [main] INFO  - Navigating to the Google Accounts sign in page
13:07:47.123 [main] INFO  - Entering email
13:07:55.231 [main] INFO  - Clicking on the next button
13:08:02.648 [main] INFO  - Capturing error message
13:08:12.693 [main] INFO  - **** Finished TC_003_LoginSignup ****
13:08:28.572 [main] INFO  - **** Starting TC_002_UsedCar ****
13:08:28.572 [main] INFO  - Navigating to the homepage
13:08:28.625 [main] INFO  - checking zigwheels visibility
13:08:30.666 [main] INFO  - checking used cars option visibility
13:08:32.703 [main] INFO  - Hovering over and selecting used cars
13:08:34.872 [main] INFO  - checking Chennai option visibility
13:08:36.913 [main] INFO  - Selecting Chennai used cars
13:08:50.046 [main] INFO  - Checking that the popular models are displayed
13:08:54.183 [main] DEBUG - Parsing relationship: /xl/_rels/workbook.xml.rels
13:08:54.186 [main] DEBUG - Parsing relationship: /_rels/.rels
13:08:54.317 [main] TRACE - Loading type system org.apache.poi.schemas.ooxml.system.ooxml
13:08:54.319 [main] TRACE - Loading type system org.apache.xmlbeans.metadata.system.sXMLCONFIG
13:08:54.319 [main] TRACE - Loading type system org.apache.xmlbeans.metadata.system.sXMLLANG
13:08:54.320 [main] TRACE - Loading type system org.apache.xmlbeans.metadata.system.sXMLSCHEMA
13:08:54.320 [main] TRACE - Loading type system org.apache.xmlbeans.metadata.system.sXMLTOOLS
13:08:54.321 [main] TRACE - Reading unresolved handles for type system org.apache.xmlbeans.metadata.system.sXMLTOOLS
13:08:54.331 [main] TRACE - Finished loading type system org.apache.xmlbeans.metadata.system.sXMLTOOLS
13:08:54.332 [main] TRACE - Reading unresolved handles for type system org.apache.xmlbeans.metadata.system.sXMLSCHEMA
13:08:54.335 [main] TRACE - Finished loading type system org.apache.xmlbeans.metadata.system.sXMLSCHEMA
13:08:54.336 [main] TRACE - Reading unresolved handles for type system org.apache.xmlbeans.metadata.system.sXMLLANG
13:08:54.337 [main] TRACE - Finished loading type system org.apache.xmlbeans.metadata.system.sXMLLANG
13:08:54.338 [main] TRACE - Reading unresolved handles for type system org.apache.xmlbeans.metadata.system.sXMLCONFIG
13:08:54.338 [main] TRACE - Finished loading type system org.apache.xmlbeans.metadata.system.sXMLCONFIG
13:08:54.339 [main] TRACE - Reading unresolved handles for type system org.apache.poi.schemas.ooxml.system.ooxml
13:08:54.385 [main] TRACE - Finished loading type system org.apache.poi.schemas.ooxml.system.ooxml
13:08:54.386 [main] TRACE - Resolving type for handle themefd26doctype
13:08:54.448 [main] TRACE - Resolving type for handle stylesheet5d8bdoctype
13:08:54.453 [main] TRACE - Resolving type for handle ctstylesheet4257type
13:08:54.459 [main] TRACE - Resolving type for handle ctnumfmtsb58btype
13:08:54.464 [main] TRACE - Resolving type for handle ctfonts6623type
13:08:54.469 [main] TRACE - Resolving type for handle ctfont14d8type
13:08:54.476 [main] TRACE - Resolving type for handle ctfills2c6ftype
13:08:54.479 [main] TRACE - Resolving type for handle ctfill550ctype
13:08:54.482 [main] TRACE - Resolving type for handle ctborders0d66type
13:08:54.484 [main] TRACE - Resolving type for handle ctborderf935type
13:08:54.488 [main] TRACE - Resolving type for handle ctcellxfs1322type
13:08:54.490 [main] TRACE - Resolving type for handle ctxf97f7type
13:08:54.493 [main] TRACE - Resolving type for handle ctcellstylexfsa81ftype
13:08:54.495 [main] TRACE - Resolving type for handle ctdxfsb26atype
13:08:54.497 [main] TRACE - Resolving type for handle cttablestyles872ftype
13:08:54.500 [main] TRACE - Resolving type for handle sstf81fdoctype
13:08:54.508 [main] TRACE - Resolving type for handle ctsst44f3type
13:08:54.521 [main] TRACE - Resolving type for handle ctrsta472type
13:08:54.559 [main] TRACE - Resolving type for handle workbookec17doctype
13:08:54.564 [main] TRACE - Resolving type for handle ctworkbook83c3type
13:08:54.568 [main] TRACE - Resolving type for handle ctsheets49fdtype
13:08:54.571 [main] TRACE - Resolving type for handle ctsheet4dbetype
13:08:54.574 [main] TRACE - Resolving type for handle strelationshipid1e94type
13:08:54.579 [main] TRACE - Resolving type for handle worksheetf539doctype
13:08:54.590 [main] TRACE - Resolving type for handle ctworksheet530dtype
13:08:54.605 [main] TRACE - Resolving type for handle ctsheetdata8408type
13:08:54.620 [main] TRACE - Resolving type for handle ctcols627ctype
13:08:54.644 [main] TRACE - Resolving type for handle ctrowdd39type
13:08:54.670 [main] TRACE - Resolving type for handle ctcell842btype
13:08:54.682 [main] TRACE - Resolving type for handle stcellrefe4e0type
13:08:54.713 [main] TRACE - Resolving type for handle stxstringf179type
13:08:54.720 [main] TRACE - Resolving type for handle stcelltypebf95type
13:08:54.765 [main] TRACE - Resolving type for handle stcellstylexfid70c7type
13:08:54.780 [main] TRACE - Resolving type for handle ctsheetdimensiond310type
13:08:54.783 [main] TRACE - Resolving type for handle stref90a2type
13:08:54.793 [main] TRACE - Resolving type for handle propertiesee84doctype
13:08:54.797 [main] TRACE - Resolving type for handle ctproperties3f10type
13:08:54.818 [main] TRACE - Resolving type for handle properties288cdoctype
13:08:54.820 [main] TRACE - Resolving type for handle ctproperties2c18type
13:08:54.840 [main] DEBUG - Save content types part
13:08:54.957 [main] DEBUG - Save package relationships
13:08:54.962 [main] DEBUG - Save part 'docProps/app.xml'
13:08:54.963 [main] DEBUG - Save part 'docProps/core.xml'
13:08:54.967 [main] DEBUG - Save part 'xl/sharedStrings.xml'
13:08:54.968 [main] DEBUG - Save part 'xl/styles.xml'
13:08:54.968 [main] DEBUG - Save part 'xl/theme/theme1.xml'
13:08:54.969 [main] DEBUG - Save part 'xl/workbook.xml'
13:08:54.971 [main] DEBUG - Save part 'xl/worksheets/sheet1.xml'
13:08:54.971 [main] DEBUG - Save part 'xl/worksheets/sheet2.xml'
13:08:54.972 [main] DEBUG - Save part 'xl/worksheets/sheet3.xml'
13:08:54.972 [main] DEBUG - Save part 'xl/worksheets/sheet4.xml'
13:08:57.047 [main] DEBUG - Parsing relationship: /xl/_rels/workbook.xml.rels
13:08:57.048 [main] DEBUG - Parsing relationship: /_rels/.rels
13:08:57.071 [main] DEBUG - Save content types part
13:08:57.072 [main] DEBUG - Save package relationships
13:08:57.073 [main] DEBUG - Save part 'docProps/app.xml'
13:08:57.073 [main] DEBUG - Save part 'docProps/core.xml'
13:08:57.074 [main] DEBUG - Save part 'xl/sharedStrings.xml'
13:08:57.074 [main] DEBUG - Save part 'xl/styles.xml'
13:08:57.074 [main] DEBUG - Save part 'xl/theme/theme1.xml'
13:08:57.075 [main] DEBUG - Save part 'xl/workbook.xml'
13:08:57.076 [main] DEBUG - Save part 'xl/worksheets/sheet1.xml'
13:08:57.076 [main] DEBUG - Save part 'xl/worksheets/sheet2.xml'
13:08:57.076 [main] DEBUG - Save part 'xl/worksheets/sheet3.xml'
13:08:57.077 [main] DEBUG - Save part 'xl/worksheets/sheet4.xml'
13:08:57.102 [main] DEBUG - Parsing relationship: /xl/_rels/workbook.xml.rels
13:08:57.103 [main] DEBUG - Parsing relationship: /_rels/.rels
13:08:57.126 [main] DEBUG - Save content types part
13:08:57.127 [main] DEBUG - Save package relationships
13:08:57.128 [main] DEBUG - Save part 'docProps/app.xml'
13:08:57.128 [main] DEBUG - Save part 'docProps/core.xml'
13:08:57.129 [main] DEBUG - Save part 'xl/sharedStrings.xml'
13:08:57.129 [main] DEBUG - Save part 'xl/styles.xml'
13:08:57.129 [main] DEBUG - Save part 'xl/theme/theme1.xml'
13:08:57.130 [main] DEBUG - Save part 'xl/workbook.xml'
13:08:57.131 [main] DEBUG - Save part 'xl/worksheets/sheet1.xml'
13:08:57.132 [main] DEBUG - Save part 'xl/worksheets/sheet2.xml'
13:08:57.132 [main] DEBUG - Save part 'xl/worksheets/sheet3.xml'
13:08:57.132 [main] DEBUG - Save part 'xl/worksheets/sheet4.xml'
13:08:57.159 [main] DEBUG - Parsing relationship: /xl/_rels/workbook.xml.rels
13:08:57.160 [main] DEBUG - Parsing relationship: /_rels/.rels
13:08:57.199 [main] DEBUG - Save content types part
13:08:57.202 [main] DEBUG - Save package relationships
13:08:57.204 [main] DEBUG - Save part 'docProps/app.xml'
13:08:57.204 [main] DEBUG - Save part 'docProps/core.xml'
13:08:57.206 [main] DEBUG - Save part 'xl/sharedStrings.xml'
13:08:57.207 [main] DEBUG - Save part 'xl/styles.xml'
13:08:57.208 [main] DEBUG - Save part 'xl/theme/theme1.xml'
13:08:57.208 [main] DEBUG - Save part 'xl/workbook.xml'
13:08:57.212 [main] DEBUG - Save part 'xl/worksheets/sheet1.xml'
13:08:57.212 [main] DEBUG - Save part 'xl/worksheets/sheet2.xml'
13:08:57.213 [main] DEBUG - Save part 'xl/worksheets/sheet3.xml'
13:08:57.213 [main] DEBUG - Save part 'xl/worksheets/sheet4.xml'
13:08:57.260 [main] DEBUG - Parsing relationship: /xl/_rels/workbook.xml.rels
13:08:57.262 [main] DEBUG - Parsing relationship: /_rels/.rels
13:08:57.301 [main] DEBUG - Save content types part
13:08:57.303 [main] DEBUG - Save package relationships
13:08:57.304 [main] DEBUG - Save part 'docProps/app.xml'
13:08:57.305 [main] DEBUG - Save part 'docProps/core.xml'
13:08:57.307 [main] DEBUG - Save part 'xl/sharedStrings.xml'
13:08:57.307 [main] DEBUG - Save part 'xl/styles.xml'
13:08:57.307 [main] DEBUG - Save part 'xl/theme/theme1.xml'
13:08:57.308 [main] DEBUG - Save part 'xl/workbook.xml'
13:08:57.310 [main] DEBUG - Save part 'xl/worksheets/sheet1.xml'
13:08:57.310 [main] DEBUG - Save part 'xl/worksheets/sheet2.xml'
13:08:57.311 [main] DEBUG - Save part 'xl/worksheets/sheet3.xml'
13:08:57.312 [main] DEBUG - Save part 'xl/worksheets/sheet4.xml'
13:08:57.359 [main] DEBUG - Parsing relationship: /xl/_rels/workbook.xml.rels
13:08:57.361 [main] DEBUG - Parsing relationship: /_rels/.rels
13:08:57.406 [main] DEBUG - Save content types part
13:08:57.408 [main] DEBUG - Save package relationships
13:08:57.409 [main] DEBUG - Save part 'docProps/app.xml'
13:08:57.409 [main] DEBUG - Save part 'docProps/core.xml'
13:08:57.411 [main] DEBUG - Save part 'xl/sharedStrings.xml'
13:08:57.411 [main] DEBUG - Save part 'xl/styles.xml'
13:08:57.412 [main] DEBUG - Save part 'xl/theme/theme1.xml'
13:08:57.412 [main] DEBUG - Save part 'xl/workbook.xml'
13:08:57.414 [main] DEBUG - Save part 'xl/worksheets/sheet1.xml'
13:08:57.414 [main] DEBUG - Save part 'xl/worksheets/sheet2.xml'
13:08:57.415 [main] DEBUG - Save part 'xl/worksheets/sheet3.xml'
13:08:57.415 [main] DEBUG - Save part 'xl/worksheets/sheet4.xml'
13:08:57.482 [main] DEBUG - Parsing relationship: /xl/_rels/workbook.xml.rels
13:08:57.483 [main] DEBUG - Parsing relationship: /_rels/.rels
13:08:57.536 [main] DEBUG - Save content types part
13:08:57.538 [main] DEBUG - Save package relationships
13:08:57.542 [main] DEBUG - Save part 'docProps/app.xml'
13:08:57.543 [main] DEBUG - Save part 'docProps/core.xml'
13:08:57.546 [main] DEBUG - Save part 'xl/sharedStrings.xml'
13:08:57.547 [main] DEBUG - Save part 'xl/styles.xml'
13:08:57.547 [main] DEBUG - Save part 'xl/theme/theme1.xml'
13:08:57.548 [main] DEBUG - Save part 'xl/workbook.xml'
13:08:57.551 [main] DEBUG - Save part 'xl/worksheets/sheet1.xml'
13:08:57.552 [main] DEBUG - Save part 'xl/worksheets/sheet2.xml'
13:08:57.553 [main] DEBUG - Save part 'xl/worksheets/sheet3.xml'
13:08:57.553 [main] DEBUG - Save part 'xl/worksheets/sheet4.xml'
13:08:57.598 [main] DEBUG - Parsing relationship: /xl/_rels/workbook.xml.rels
13:08:57.600 [main] DEBUG - Parsing relationship: /_rels/.rels
13:08:57.648 [main] DEBUG - Save content types part
13:08:57.651 [main] DEBUG - Save package relationships
13:08:57.653 [main] DEBUG - Save part 'docProps/app.xml'
13:08:57.654 [main] DEBUG - Save part 'docProps/core.xml'
13:08:57.657 [main] DEBUG - Save part 'xl/sharedStrings.xml'
13:08:57.658 [main] DEBUG - Save part 'xl/styles.xml'
13:08:57.658 [main] DEBUG - Save part 'xl/theme/theme1.xml'
13:08:57.659 [main] DEBUG - Save part 'xl/workbook.xml'
13:08:57.662 [main] DEBUG - Save part 'xl/worksheets/sheet1.xml'
13:08:57.663 [main] DEBUG - Save part 'xl/worksheets/sheet2.xml'
13:08:57.664 [main] DEBUG - Save part 'xl/worksheets/sheet3.xml'
13:08:57.665 [main] DEBUG - Save part 'xl/worksheets/sheet4.xml'
13:08:57.716 [main] DEBUG - Parsing relationship: /xl/_rels/workbook.xml.rels
13:08:57.717 [main] DEBUG - Parsing relationship: /_rels/.rels
13:08:57.762 [main] DEBUG - Save content types part
13:08:57.765 [main] DEBUG - Save package relationships
13:08:57.768 [main] DEBUG - Save part 'docProps/app.xml'
13:08:57.768 [main] DEBUG - Save part 'docProps/core.xml'
13:08:57.771 [main] DEBUG - Save part 'xl/sharedStrings.xml'
13:08:57.772 [main] DEBUG - Save part 'xl/styles.xml'
13:08:57.772 [main] DEBUG - Save part 'xl/theme/theme1.xml'
13:08:57.774 [main] DEBUG - Save part 'xl/workbook.xml'
13:08:57.777 [main] DEBUG - Save part 'xl/worksheets/sheet1.xml'
13:08:57.778 [main] DEBUG - Save part 'xl/worksheets/sheet2.xml'
13:08:57.778 [main] DEBUG - Save part 'xl/worksheets/sheet3.xml'
13:08:57.779 [main] DEBUG - Save part 'xl/worksheets/sheet4.xml'
13:08:57.834 [main] DEBUG - Parsing relationship: /xl/_rels/workbook.xml.rels
13:08:57.836 [main] DEBUG - Parsing relationship: /_rels/.rels
13:08:57.888 [main] DEBUG - Save content types part
13:08:57.890 [main] DEBUG - Save package relationships
13:08:57.892 [main] DEBUG - Save part 'docProps/app.xml'
13:08:57.893 [main] DEBUG - Save part 'docProps/core.xml'
13:08:57.896 [main] DEBUG - Save part 'xl/sharedStrings.xml'
13:08:57.897 [main] DEBUG - Save part 'xl/styles.xml'
13:08:57.897 [main] DEBUG - Save part 'xl/theme/theme1.xml'
13:08:57.898 [main] DEBUG - Save part 'xl/workbook.xml'
13:08:57.901 [main] DEBUG - Save part 'xl/worksheets/sheet1.xml'
13:08:57.902 [main] DEBUG - Save part 'xl/worksheets/sheet2.xml'
13:08:57.902 [main] DEBUG - Save part 'xl/worksheets/sheet3.xml'
13:08:57.903 [main] DEBUG - Save part 'xl/worksheets/sheet4.xml'
13:09:01.915 [main] INFO  - **** Finished TC_002_UsedCar ****
13:09:12.950 [main] INFO  - **** Starting TC_001_UpcomingBike ****
13:09:12.951 [main] INFO  - clicking on  New Bikes 
13:09:18.159 [main] INFO  - Selecting Upcoming Bikes
13:09:27.636 [main] INFO  - checking Upcoming Bikes page is displayed or not
13:09:27.649 [main] INFO  - clicking on Manufacturers dropdown
13:09:30.775 [main] INFO  - selecting Honda brand
13:09:34.800 [main] INFO  - checking ViewMore button visibility
13:10:06.175 [main] INFO  - checking Honda upcoming Bikes page is displayed or not
13:10:06.189 [main] INFO  - checking all honda bikes names are there or not
13:10:08.233 [main] INFO  - checking all honda bikes prices are there or not
13:10:10.262 [main] INFO  - checking all honda bikes expected dates are there or not
13:10:12.294 [main] INFO  - Displaying bikes details
13:10:14.563 [main] DEBUG - Parsing relationship: /xl/_rels/workbook.xml.rels
13:10:14.564 [main] DEBUG - Parsing relationship: /_rels/.rels
13:10:14.584 [main] DEBUG - Save content types part
13:10:14.586 [main] DEBUG - Save package relationships
13:10:14.587 [main] DEBUG - Save part 'docProps/app.xml'
13:10:14.588 [main] DEBUG - Save part 'docProps/core.xml'
13:10:14.590 [main] DEBUG - Save part 'xl/sharedStrings.xml'
13:10:14.590 [main] DEBUG - Save part 'xl/styles.xml'
13:10:14.590 [main] DEBUG - Save part 'xl/theme/theme1.xml'
13:10:14.591 [main] DEBUG - Save part 'xl/workbook.xml'
13:10:14.593 [main] DEBUG - Save part 'xl/worksheets/sheet1.xml'
13:10:14.593 [main] DEBUG - Save part 'xl/worksheets/sheet2.xml'
13:10:14.593 [main] DEBUG - Save part 'xl/worksheets/sheet3.xml'
13:10:14.594 [main] DEBUG - Save part 'xl/worksheets/sheet4.xml'
13:10:14.619 [main] DEBUG - Parsing relationship: /xl/_rels/workbook.xml.rels
13:10:14.620 [main] DEBUG - Parsing relationship: /_rels/.rels
13:10:14.652 [main] DEBUG - Save content types part
13:10:14.655 [main] DEBUG - Save package relationships
13:10:14.657 [main] DEBUG - Save part 'docProps/app.xml'
13:10:14.657 [main] DEBUG - Save part 'docProps/core.xml'
13:10:14.659 [main] DEBUG - Save part 'xl/sharedStrings.xml'
13:10:14.659 [main] DEBUG - Save part 'xl/styles.xml'
13:10:14.659 [main] DEBUG - Save part 'xl/theme/theme1.xml'
13:10:14.660 [main] DEBUG - Save part 'xl/workbook.xml'
13:10:14.662 [main] DEBUG - Save part 'xl/worksheets/sheet1.xml'
13:10:14.662 [main] DEBUG - Save part 'xl/worksheets/sheet2.xml'
13:10:14.662 [main] DEBUG - Save part 'xl/worksheets/sheet3.xml'
13:10:14.662 [main] DEBUG - Save part 'xl/worksheets/sheet4.xml'
13:10:14.688 [main] DEBUG - Parsing relationship: /xl/_rels/workbook.xml.rels
13:10:14.689 [main] DEBUG - Parsing relationship: /_rels/.rels
13:10:14.728 [main] DEBUG - Save content types part
13:10:14.730 [main] DEBUG - Save package relationships
13:10:14.732 [main] DEBUG - Save part 'docProps/app.xml'
13:10:14.732 [main] DEBUG - Save part 'docProps/core.xml'
13:10:14.734 [main] DEBUG - Save part 'xl/sharedStrings.xml'
13:10:14.734 [main] DEBUG - Save part 'xl/styles.xml'
13:10:14.734 [main] DEBUG - Save part 'xl/theme/theme1.xml'
13:10:14.735 [main] DEBUG - Save part 'xl/workbook.xml'
13:10:14.736 [main] DEBUG - Save part 'xl/worksheets/sheet1.xml'
13:10:14.737 [main] DEBUG - Save part 'xl/worksheets/sheet2.xml'
13:10:14.737 [main] DEBUG - Save part 'xl/worksheets/sheet3.xml'
13:10:14.737 [main] DEBUG - Save part 'xl/worksheets/sheet4.xml'
13:10:14.870 [main] DEBUG - Parsing relationship: /xl/_rels/workbook.xml.rels
13:10:14.871 [main] DEBUG - Parsing relationship: /_rels/.rels
13:10:14.895 [main] DEBUG - Save content types part
13:10:14.897 [main] DEBUG - Save package relationships
13:10:14.898 [main] DEBUG - Save part 'docProps/app.xml'
13:10:14.898 [main] DEBUG - Save part 'docProps/core.xml'
13:10:14.900 [main] DEBUG - Save part 'xl/sharedStrings.xml'
13:10:14.900 [main] DEBUG - Save part 'xl/styles.xml'
13:10:14.900 [main] DEBUG - Save part 'xl/theme/theme1.xml'
13:10:14.900 [main] DEBUG - Save part 'xl/workbook.xml'
13:10:14.902 [main] DEBUG - Save part 'xl/worksheets/sheet1.xml'
13:10:14.902 [main] DEBUG - Save part 'xl/worksheets/sheet2.xml'
13:10:14.902 [main] DEBUG - Save part 'xl/worksheets/sheet3.xml'
13:10:14.903 [main] DEBUG - Save part 'xl/worksheets/sheet4.xml'
13:10:14.926 [main] DEBUG - Parsing relationship: /xl/_rels/workbook.xml.rels
13:10:14.927 [main] DEBUG - Parsing relationship: /_rels/.rels
13:10:14.961 [main] DEBUG - Save content types part
13:10:14.964 [main] DEBUG - Save package relationships
13:10:14.966 [main] DEBUG - Save part 'docProps/app.xml'
13:10:14.967 [main] DEBUG - Save part 'docProps/core.xml'
13:10:14.969 [main] DEBUG - Save part 'xl/sharedStrings.xml'
13:10:14.969 [main] DEBUG - Save part 'xl/styles.xml'
13:10:14.969 [main] DEBUG - Save part 'xl/theme/theme1.xml'
13:10:14.970 [main] DEBUG - Save part 'xl/workbook.xml'
13:10:14.972 [main] DEBUG - Save part 'xl/worksheets/sheet1.xml'
13:10:14.972 [main] DEBUG - Save part 'xl/worksheets/sheet2.xml'
13:10:14.972 [main] DEBUG - Save part 'xl/worksheets/sheet3.xml'
13:10:14.975 [main] DEBUG - Save part 'xl/worksheets/sheet4.xml'
13:10:14.999 [main] DEBUG - Parsing relationship: /xl/_rels/workbook.xml.rels
13:10:15.000 [main] DEBUG - Parsing relationship: /_rels/.rels
13:10:15.043 [main] DEBUG - Save content types part
13:10:15.045 [main] DEBUG - Save package relationships
13:10:15.046 [main] DEBUG - Save part 'docProps/app.xml'
13:10:15.047 [main] DEBUG - Save part 'docProps/core.xml'
13:10:15.048 [main] DEBUG - Save part 'xl/sharedStrings.xml'
13:10:15.049 [main] DEBUG - Save part 'xl/styles.xml'
13:10:15.049 [main] DEBUG - Save part 'xl/theme/theme1.xml'
13:10:15.049 [main] DEBUG - Save part 'xl/workbook.xml'
13:10:15.051 [main] DEBUG - Save part 'xl/worksheets/sheet1.xml'
13:10:15.051 [main] DEBUG - Save part 'xl/worksheets/sheet2.xml'
