10:44:43.501 [main] DEBUG - Save part 'docProps/app.xml'
10:44:43.512 [main] DEBUG - Save part 'docProps/core.xml'
10:44:43.514 [main] DEBUG - Save part 'xl/sharedStrings.xml'
10:44:43.515 [main] DEBUG - Save part 'xl/styles.xml'
10:44:43.515 [main] DEBUG - Save part 'xl/theme/theme1.xml'
10:44:43.516 [main] DEBUG - Save part 'xl/workbook.xml'
10:44:43.518 [main] DEBUG - Save part 'xl/worksheets/sheet1.xml'
10:44:43.518 [main] DEBUG - Save part 'xl/worksheets/sheet2.xml'
10:44:43.518 [main] DEBUG - Save part 'xl/worksheets/sheet3.xml'
10:44:43.519 [main] DEBUG - Save part 'xl/worksheets/sheet4.xml'
10:44:43.909 [main] DEBUG - Parsing relationship: /xl/_rels/workbook.xml.rels
10:44:43.910 [main] DEBUG - Parsing relationship: /_rels/.rels
10:44:43.939 [main] DEBUG - Save content types part
10:44:43.941 [main] DEBUG - Save package relationships
10:44:43.942 [main] DEBUG - Save part 'docProps/app.xml'
10:44:43.943 [main] DEBUG - Save part 'docProps/core.xml'
10:44:43.945 [main] DEBUG - Save part 'xl/sharedStrings.xml'
10:44:43.945 [main] DEBUG - Save part 'xl/styles.xml'
10:44:43.945 [main] DEBUG - Save part 'xl/theme/theme1.xml'
10:44:43.946 [main] DEBUG - Save part 'xl/workbook.xml'
10:44:43.949 [main] DEBUG - Save part 'xl/worksheets/sheet1.xml'
10:44:43.949 [main] DEBUG - Save part 'xl/worksheets/sheet2.xml'
10:44:43.949 [main] DEBUG - Save part 'xl/worksheets/sheet3.xml'
10:44:43.949 [main] DEBUG - Save part 'xl/worksheets/sheet4.xml'
10:44:43.976 [main] DEBUG - Parsing relationship: /xl/_rels/workbook.xml.rels
10:44:43.977 [main] DEBUG - Parsing relationship: /_rels/.rels
10:44:44.024 [main] DEBUG - Save content types part
10:44:44.026 [main] DEBUG - Save package relationships
10:44:44.030 [main] DEBUG - Save part 'docProps/app.xml'
10:44:44.030 [main] DEBUG - Save part 'docProps/core.xml'
10:44:44.033 [main] DEBUG - Save part 'xl/sharedStrings.xml'
10:44:44.034 [main] DEBUG - Save part 'xl/styles.xml'
10:44:44.034 [main] DEBUG - Save part 'xl/theme/theme1.xml'
10:44:44.035 [main] DEBUG - Save part 'xl/workbook.xml'
10:44:44.038 [main] DEBUG - Save part 'xl/worksheets/sheet1.xml'
10:44:44.038 [main] DEBUG - Save part 'xl/worksheets/sheet2.xml'
10:44:44.039 [main] DEBUG - Save part 'xl/worksheets/sheet3.xml'
10:44:44.039 [main] DEBUG - Save part 'xl/worksheets/sheet4.xml'
10:44:44.069 [main] DEBUG - Parsing relationship: /xl/_rels/workbook.xml.rels
10:44:44.070 [main] DEBUG - Parsing relationship: /_rels/.rels
10:44:44.093 [main] DEBUG - Save content types part
10:44:44.095 [main] DEBUG - Save package relationships
10:44:44.097 [main] DEBUG - Save part 'docProps/app.xml'
10:44:44.097 [main] DEBUG - Save part 'docProps/core.xml'
10:44:44.099 [main] DEBUG - Save part 'xl/sharedStrings.xml'
10:44:44.099 [main] DEBUG - Save part 'xl/styles.xml'
10:44:44.099 [main] DEBUG - Save part 'xl/theme/theme1.xml'
10:44:44.099 [main] DEBUG - Save part 'xl/workbook.xml'
10:44:44.101 [main] DEBUG - Save part 'xl/worksheets/sheet1.xml'
10:44:44.101 [main] DEBUG - Save part 'xl/worksheets/sheet2.xml'
10:44:44.101 [main] DEBUG - Save part 'xl/worksheets/sheet3.xml'
10:44:44.101 [main] DEBUG - Save part 'xl/worksheets/sheet4.xml'
10:44:44.245 [main] DEBUG - Parsing relationship: /xl/_rels/workbook.xml.rels
10:44:44.246 [main] DEBUG - Parsing relationship: /_rels/.rels
10:44:44.274 [main] DEBUG - Save content types part
10:44:44.275 [main] DEBUG - Save package relationships
10:44:44.277 [main] DEBUG - Save part 'docProps/app.xml'
10:44:44.277 [main] DEBUG - Save part 'docProps/core.xml'
10:44:44.280 [main] DEBUG - Save part 'xl/sharedStrings.xml'
10:44:44.281 [main] DEBUG - Save part 'xl/styles.xml'
10:44:44.281 [main] DEBUG - Save part 'xl/theme/theme1.xml'
10:44:44.281 [main] DEBUG - Save part 'xl/workbook.xml'
10:44:44.283 [main] DEBUG - Save part 'xl/worksheets/sheet1.xml'
10:44:44.283 [main] DEBUG - Save part 'xl/worksheets/sheet2.xml'
10:44:44.283 [main] DEBUG - Save part 'xl/worksheets/sheet3.xml'
10:44:44.284 [main] DEBUG - Save part 'xl/worksheets/sheet4.xml'
10:44:44.312 [main] DEBUG - Parsing relationship: /xl/_rels/workbook.xml.rels
10:44:44.314 [main] DEBUG - Parsing relationship: /_rels/.rels
10:44:44.337 [main] DEBUG - Save content types part
10:44:44.340 [main] DEBUG - Save package relationships
10:44:44.342 [main] DEBUG - Save part 'docProps/app.xml'
10:44:44.343 [main] DEBUG - Save part 'docProps/core.xml'
10:44:44.345 [main] DEBUG - Save part 'xl/sharedStrings.xml'
10:44:44.345 [main] DEBUG - Save part 'xl/styles.xml'
10:44:44.346 [main] DEBUG - Save part 'xl/theme/theme1.xml'
10:44:44.346 [main] DEBUG - Save part 'xl/workbook.xml'
10:44:44.349 [main] DEBUG - Save part 'xl/worksheets/sheet1.xml'
10:44:44.349 [main] DEBUG - Save part 'xl/worksheets/sheet2.xml'
10:44:44.349 [main] DEBUG - Save part 'xl/worksheets/sheet3.xml'
10:44:44.349 [main] DEBUG - Save part 'xl/worksheets/sheet4.xml'
10:44:44.372 [main] DEBUG - Parsing relationship: /xl/_rels/workbook.xml.rels
10:44:44.373 [main] DEBUG - Parsing relationship: /_rels/.rels
10:44:44.393 [main] DEBUG - Save content types part
10:44:44.394 [main] DEBUG - Save package relationships
10:44:44.396 [main] DEBUG - Save part 'docProps/app.xml'
10:44:44.396 [main] DEBUG - Save part 'docProps/core.xml'
10:44:44.398 [main] DEBUG - Save part 'xl/sharedStrings.xml'
10:44:44.398 [main] DEBUG - Save part 'xl/styles.xml'
10:44:44.398 [main] DEBUG - Save part 'xl/theme/theme1.xml'
10:44:44.399 [main] DEBUG - Save part 'xl/workbook.xml'
10:44:44.400 [main] DEBUG - Save part 'xl/worksheets/sheet1.xml'
10:44:44.400 [main] DEBUG - Save part 'xl/worksheets/sheet2.xml'
10:44:44.401 [main] DEBUG - Save part 'xl/worksheets/sheet3.xml'
10:44:44.401 [main] DEBUG - Save part 'xl/worksheets/sheet4.xml'
10:44:44.515 [main] DEBUG - Parsing relationship: /xl/_rels/workbook.xml.rels
10:44:44.516 [main] DEBUG - Parsing relationship: /_rels/.rels
10:44:44.531 [main] DEBUG - Save content types part
10:44:44.533 [main] DEBUG - Save package relationships
10:44:44.533 [main] DEBUG - Save part 'docProps/app.xml'
10:44:44.534 [main] DEBUG - Save part 'docProps/core.xml'
10:44:44.535 [main] DEBUG - Save part 'xl/sharedStrings.xml'
10:44:44.535 [main] DEBUG - Save part 'xl/styles.xml'
10:44:44.535 [main] DEBUG - Save part 'xl/theme/theme1.xml'
10:44:44.535 [main] DEBUG - Save part 'xl/workbook.xml'
10:44:44.536 [main] DEBUG - Save part 'xl/worksheets/sheet1.xml'
10:44:44.537 [main] DEBUG - Save part 'xl/worksheets/sheet2.xml'
10:44:44.537 [main] DEBUG - Save part 'xl/worksheets/sheet3.xml'
10:44:44.537 [main] DEBUG - Save part 'xl/worksheets/sheet4.xml'
10:44:44.555 [main] DEBUG - Parsing relationship: /xl/_rels/workbook.xml.rels
10:44:44.556 [main] DEBUG - Parsing relationship: /_rels/.rels
10:44:44.574 [main] DEBUG - Save content types part
10:44:44.575 [main] DEBUG - Save package relationships
10:44:44.577 [main] DEBUG - Save part 'docProps/app.xml'
10:44:44.577 [main] DEBUG - Save part 'docProps/core.xml'
10:44:44.578 [main] DEBUG - Save part 'xl/sharedStrings.xml'
10:44:44.578 [main] DEBUG - Save part 'xl/styles.xml'
10:44:44.578 [main] DEBUG - Save part 'xl/theme/theme1.xml'
10:44:44.579 [main] DEBUG - Save part 'xl/workbook.xml'
10:44:44.580 [main] DEBUG - Save part 'xl/worksheets/sheet1.xml'
10:44:44.580 [main] DEBUG - Save part 'xl/worksheets/sheet2.xml'
10:44:44.580 [main] DEBUG - Save part 'xl/worksheets/sheet3.xml'
10:44:44.580 [main] DEBUG - Save part 'xl/worksheets/sheet4.xml'
10:44:44.601 [main] DEBUG - Parsing relationship: /xl/_rels/workbook.xml.rels
10:44:44.602 [main] DEBUG - Parsing relationship: /_rels/.rels
10:44:44.615 [main] DEBUG - Save content types part
10:44:44.616 [main] DEBUG - Save package relationships
10:44:44.617 [main] DEBUG - Save part 'docProps/app.xml'
10:44:44.617 [main] DEBUG - Save part 'docProps/core.xml'
10:44:44.618 [main] DEBUG - Save part 'xl/sharedStrings.xml'
10:44:44.618 [main] DEBUG - Save part 'xl/styles.xml'
10:44:44.618 [main] DEBUG - Save part 'xl/theme/theme1.xml'
10:44:44.618 [main] DEBUG - Save part 'xl/workbook.xml'
10:44:44.619 [main] DEBUG - Save part 'xl/worksheets/sheet1.xml'
10:44:44.619 [main] DEBUG - Save part 'xl/worksheets/sheet2.xml'
10:44:44.620 [main] DEBUG - Save part 'xl/worksheets/sheet3.xml'
10:44:44.620 [main] DEBUG - Save part 'xl/worksheets/sheet4.xml'
10:44:44.720 [main] DEBUG - Parsing relationship: /xl/_rels/workbook.xml.rels
10:44:44.720 [main] DEBUG - Parsing relationship: /_rels/.rels
10:44:44.734 [main] DEBUG - Save content types part
10:44:44.735 [main] DEBUG - Save package relationships
10:44:44.736 [main] DEBUG - Save part 'docProps/app.xml'
10:44:44.737 [main] DEBUG - Save part 'docProps/core.xml'
10:44:44.738 [main] DEBUG - Save part 'xl/sharedStrings.xml'
10:44:44.738 [main] DEBUG - Save part 'xl/styles.xml'
10:44:44.738 [main] DEBUG - Save part 'xl/theme/theme1.xml'
10:44:44.738 [main] DEBUG - Save part 'xl/workbook.xml'
10:44:44.739 [main] DEBUG - Save part 'xl/worksheets/sheet1.xml'
10:44:44.739 [main] DEBUG - Save part 'xl/worksheets/sheet2.xml'
10:44:44.740 [main] DEBUG - Save part 'xl/worksheets/sheet3.xml'
10:44:44.740 [main] DEBUG - Save part 'xl/worksheets/sheet4.xml'
10:44:44.759 [main] DEBUG - Parsing relationship: /xl/_rels/workbook.xml.rels
10:44:44.759 [main] DEBUG - Parsing relationship: /_rels/.rels
10:44:44.774 [main] DEBUG - Save content types part
10:44:44.776 [main] DEBUG - Save package relationships
10:44:44.777 [main] DEBUG - Save part 'docProps/app.xml'
10:44:44.777 [main] DEBUG - Save part 'docProps/core.xml'
10:44:44.778 [main] DEBUG - Save part 'xl/sharedStrings.xml'
10:44:44.778 [main] DEBUG - Save part 'xl/styles.xml'
10:44:44.778 [main] DEBUG - Save part 'xl/theme/theme1.xml'
10:44:44.778 [main] DEBUG - Save part 'xl/workbook.xml'
10:44:44.780 [main] DEBUG - Save part 'xl/worksheets/sheet1.xml'
10:44:44.780 [main] DEBUG - Save part 'xl/worksheets/sheet2.xml'
10:44:44.780 [main] DEBUG - Save part 'xl/worksheets/sheet3.xml'
10:44:44.780 [main] DEBUG - Save part 'xl/worksheets/sheet4.xml'
10:44:44.799 [main] DEBUG - Parsing relationship: /xl/_rels/workbook.xml.rels
10:44:44.800 [main] DEBUG - Parsing relationship: /_rels/.rels
10:44:44.818 [main] DEBUG - Save content types part
10:44:44.819 [main] DEBUG - Save package relationships
10:44:44.820 [main] DEBUG - Save part 'docProps/app.xml'
10:44:44.820 [main] DEBUG - Save part 'docProps/core.xml'
10:44:44.821 [main] DEBUG - Save part 'xl/sharedStrings.xml'
10:44:44.821 [main] DEBUG - Save part 'xl/styles.xml'
10:44:44.821 [main] DEBUG - Save part 'xl/theme/theme1.xml'
10:44:44.821 [main] DEBUG - Save part 'xl/workbook.xml'
10:44:44.822 [main] DEBUG - Save part 'xl/worksheets/sheet1.xml'
10:44:44.823 [main] DEBUG - Save part 'xl/worksheets/sheet2.xml'
10:44:44.823 [main] DEBUG - Save part 'xl/worksheets/sheet3.xml'
10:44:44.823 [main] DEBUG - Save part 'xl/worksheets/sheet4.xml'
10:44:44.841 [main] INFO  - **** Finished TC_001_UpcomingBike ****
