10:44:43.501 [main] DEBUG - Save part 'docProps/app.xml'
10:44:43.512 [main] DEBUG - Save part 'docProps/core.xml'
10:44:43.514 [main] DEBUG - Save part 'xl/sharedStrings.xml'
10:44:43.515 [main] DEBUG - Save part 'xl/styles.xml'
10:44:43.515 [main] DEBUG - Save part 'xl/theme/theme1.xml'
10:44:43.516 [main] DEBUG - Save part 'xl/workbook.xml'
10:44:43.518 [main] DEBUG - Save part 'xl/worksheets/sheet1.xml'
10:44:43.518 [main] DEBUG - Save part 'xl/worksheets/sheet2.xml'
10:44:43.518 [main] DEBUG - Save part 'xl/worksheets/sheet3.xml'
10:44:43.519 [main] DEBUG - Save part 'xl/worksheets/sheet4.xml'
10:44:43.909 [main] DEBUG - Parsing relationship: /xl/_rels/workbook.xml.rels
10:44:43.910 [main] DEBUG - Parsing relationship: /_rels/.rels
10:44:43.939 [main] DEBUG - Save content types part
10:44:43.941 [main] DEBUG - Save package relationships
10:44:43.942 [main] DEBUG - Save part 'docProps/app.xml'
10:44:43.943 [main] DEBUG - Save part 'docProps/core.xml'
10:44:43.945 [main] DEBUG - Save part 'xl/sharedStrings.xml'
10:44:43.945 [main] DEBUG - Save part 'xl/styles.xml'
10:44:43.945 [main] DEBUG - Save part 'xl/theme/theme1.xml'
10:44:43.946 [main] DEBUG - Save part 'xl/workbook.xml'
10:44:43.949 [main] DEBUG - Save part 'xl/worksheets/sheet1.xml'
10:44:43.949 [main] DEBUG - Save part 'xl/worksheets/sheet2.xml'
10:44:43.949 [main] DEBUG - Save part 'xl/worksheets/sheet3.xml'
10:44:43.949 [main] DEBUG - Save part 'xl/worksheets/sheet4.xml'
10:44:43.976 [main] DEBUG - Parsing relationship: /xl/_rels/workbook.xml.rels
10:44:43.977 [main] DEBUG - Parsing relationship: /_rels/.rels
10:44:44.024 [main] DEBUG - Save content types part
10:44:44.026 [main] DEBUG - Save package relationships
10:44:44.030 [main] DEBUG - Save part 'docProps/app.xml'
10:44:44.030 [main] DEBUG - Save part 'docProps/core.xml'
10:44:44.033 [main] DEBUG - Save part 'xl/sharedStrings.xml'
10:44:44.034 [main] DEBUG - Save part 'xl/styles.xml'
10:44:44.034 [main] DEBUG - Save part 'xl/theme/theme1.xml'
10:44:44.035 [main] DEBUG - Save part 'xl/workbook.xml'
10:44:44.038 [main] DEBUG - Save part 'xl/worksheets/sheet1.xml'
10:44:44.038 [main] DEBUG - Save part 'xl/worksheets/sheet2.xml'
10:44:44.039 [main] DEBUG - Save part 'xl/worksheets/sheet3.xml'
10:44:44.039 [main] DEBUG - Save part 'xl/worksheets/sheet4.xml'
10:44:44.069 [main] DEBUG - Parsing relationship: /xl/_rels/workbook.xml.rels
10:44:44.070 [main] DEBUG - Parsing relationship: /_rels/.rels
10:44:44.093 [main] DEBUG - Save content types part
10:44:44.095 [main] DEBUG - Save package relationships
10:44:44.097 [main] DEBUG - Save part 'docProps/app.xml'
10:44:44.097 [main] DEBUG - Save part 'docProps/core.xml'
10:44:44.099 [main] DEBUG - Save part 'xl/sharedStrings.xml'
10:44:44.099 [main] DEBUG - Save part 'xl/styles.xml'
10:44:44.099 [main] DEBUG - Save part 'xl/theme/theme1.xml'
10:44:44.099 [main] DEBUG - Save part 'xl/workbook.xml'
10:44:44.101 [main] DEBUG - Save part 'xl/worksheets/sheet1.xml'
10:44:44.101 [main] DEBUG - Save part 'xl/worksheets/sheet2.xml'
10:44:44.101 [main] DEBUG - Save part 'xl/worksheets/sheet3.xml'
10:44:44.101 [main] DEBUG - Save part 'xl/worksheets/sheet4.xml'
10:44:44.245 [main] DEBUG - Parsing relationship: /xl/_rels/workbook.xml.rels
10:44:44.246 [main] DEBUG - Parsing relationship: /_rels/.rels
10:44:44.274 [main] DEBUG - Save content types part
10:44:44.275 [main] DEBUG - Save package relationships
10:44:44.277 [main] DEBUG - Save part 'docProps/app.xml'
10:44:44.277 [main] DEBUG - Save part 'docProps/core.xml'
10:44:44.280 [main] DEBUG - Save part 'xl/sharedStrings.xml'
10:44:44.281 [main] DEBUG - Save part 'xl/styles.xml'
10:44:44.281 [main] DEBUG - Save part 'xl/theme/theme1.xml'
10:44:44.281 [main] DEBUG - Save part 'xl/workbook.xml'
10:44:44.283 [main] DEBUG - Save part 'xl/worksheets/sheet1.xml'
10:44:44.283 [main] DEBUG - Save part 'xl/worksheets/sheet2.xml'
10:44:44.283 [main] DEBUG - Save part 'xl/worksheets/sheet3.xml'
10:44:44.284 [main] DEBUG - Save part 'xl/worksheets/sheet4.xml'
10:44:44.312 [main] DEBUG - Parsing relationship: /xl/_rels/workbook.xml.rels
10:44:44.314 [main] DEBUG - Parsing relationship: /_rels/.rels
10:44:44.337 [main] DEBUG - Save content types part
10:44:44.340 [main] DEBUG - Save package relationships
10:44:44.342 [main] DEBUG - Save part 'docProps/app.xml'
10:44:44.343 [main] DEBUG - Save part 'docProps/core.xml'
10:44:44.345 [main] DEBUG - Save part 'xl/sharedStrings.xml'
10:44:44.345 [main] DEBUG - Save part 'xl/styles.xml'
10:44:44.346 [main] DEBUG - Save part 'xl/theme/theme1.xml'
10:44:44.346 [main] DEBUG - Save part 'xl/workbook.xml'
10:44:44.349 [main] DEBUG - Save part 'xl/worksheets/sheet1.xml'
10:44:44.349 [main] DEBUG - Save part 'xl/worksheets/sheet2.xml'
10:44:44.349 [main] DEBUG - Save part 'xl/worksheets/sheet3.xml'
10:44:44.349 [main] DEBUG - Save part 'xl/worksheets/sheet4.xml'
10:44:44.372 [main] DEBUG - Parsing relationship: /xl/_rels/workbook.xml.rels
10:44:44.373 [main] DEBUG - Parsing relationship: /_rels/.rels
10:44:44.393 [main] DEBUG - Save content types part
10:44:44.394 [main] DEBUG - Save package relationships
10:44:44.396 [main] DEBUG - Save part 'docProps/app.xml'
10:44:44.396 [main] DEBUG - Save part 'docProps/core.xml'
10:44:44.398 [main] DEBUG - Save part 'xl/sharedStrings.xml'
10:44:44.398 [main] DEBUG - Save part 'xl/styles.xml'
10:44:44.398 [main] DEBUG - Save part 'xl/theme/theme1.xml'
10:44:44.399 [main] DEBUG - Save part 'xl/workbook.xml'
10:44:44.400 [main] DEBUG - Save part 'xl/worksheets/sheet1.xml'
10:44:44.400 [main] DEBUG - Save part 'xl/worksheets/sheet2.xml'
10:44:44.401 [main] DEBUG - Save part 'xl/worksheets/sheet3.xml'
10:44:44.401 [main] DEBUG - Save part 'xl/worksheets/sheet4.xml'
10:44:44.515 [main] DEBUG - Parsing relationship: /xl/_rels/workbook.xml.rels
10:44:44.516 [main] DEBUG - Parsing relationship: /_rels/.rels
10:44:44.531 [main] DEBUG - Save content types part
10:44:44.533 [main] DEBUG - Save package relationships
10:44:44.533 [main] DEBUG - Save part 'docProps/app.xml'
10:44:44.534 [main] DEBUG - Save part 'docProps/core.xml'
10:44:44.535 [main] DEBUG - Save part 'xl/sharedStrings.xml'
10:44:44.535 [main] DEBUG - Save part 'xl/styles.xml'
10:44:44.535 [main] DEBUG - Save part 'xl/theme/theme1.xml'
10:44:44.535 [main] DEBUG - Save part 'xl/workbook.xml'
10:44:44.536 [main] DEBUG - Save part 'xl/worksheets/sheet1.xml'
10:44:44.537 [main] DEBUG - Save part 'xl/worksheets/sheet2.xml'
10:44:44.537 [main] DEBUG - Save part 'xl/worksheets/sheet3.xml'
10:44:44.537 [main] DEBUG - Save part 'xl/worksheets/sheet4.xml'
10:44:44.555 [main] DEBUG - Parsing relationship: /xl/_rels/workbook.xml.rels
10:44:44.556 [main] DEBUG - Parsing relationship: /_rels/.rels
10:44:44.574 [main] DEBUG - Save content types part
10:44:44.575 [main] DEBUG - Save package relationships
10:44:44.577 [main] DEBUG - Save part 'docProps/app.xml'
10:44:44.577 [main] DEBUG - Save part 'docProps/core.xml'
10:44:44.578 [main] DEBUG - Save part 'xl/sharedStrings.xml'
10:44:44.578 [main] DEBUG - Save part 'xl/styles.xml'
10:44:44.578 [main] DEBUG - Save part 'xl/theme/theme1.xml'
10:44:44.579 [main] DEBUG - Save part 'xl/workbook.xml'
10:44:44.580 [main] DEBUG - Save part 'xl/worksheets/sheet1.xml'
10:44:44.580 [main] DEBUG - Save part 'xl/worksheets/sheet2.xml'
10:44:44.580 [main] DEBUG - Save part 'xl/worksheets/sheet3.xml'
10:44:44.580 [main] DEBUG - Save part 'xl/worksheets/sheet4.xml'
10:44:44.601 [main] DEBUG - Parsing relationship: /xl/_rels/workbook.xml.rels
10:44:44.602 [main] DEBUG - Parsing relationship: /_rels/.rels
10:44:44.615 [main] DEBUG - Save content types part
10:44:44.616 [main] DEBUG - Save package relationships
10:44:44.617 [main] DEBUG - Save part 'docProps/app.xml'
10:44:44.617 [main] DEBUG - Save part 'docProps/core.xml'
10:44:44.618 [main] DEBUG - Save part 'xl/sharedStrings.xml'
10:44:44.618 [main] DEBUG - Save part 'xl/styles.xml'
10:44:44.618 [main] DEBUG - Save part 'xl/theme/theme1.xml'
10:44:44.618 [main] DEBUG - Save part 'xl/workbook.xml'
10:44:44.619 [main] DEBUG - Save part 'xl/worksheets/sheet1.xml'
10:44:44.619 [main] DEBUG - Save part 'xl/worksheets/sheet2.xml'
10:44:44.620 [main] DEBUG - Save part 'xl/worksheets/sheet3.xml'
10:44:44.620 [main] DEBUG - Save part 'xl/worksheets/sheet4.xml'
10:44:44.720 [main] DEBUG - Parsing relationship: /xl/_rels/workbook.xml.rels
10:44:44.720 [main] DEBUG - Parsing relationship: /_rels/.rels
10:44:44.734 [main] DEBUG - Save content types part
10:44:44.735 [main] DEBUG - Save package relationships
10:44:44.736 [main] DEBUG - Save part 'docProps/app.xml'
10:44:44.737 [main] DEBUG - Save part 'docProps/core.xml'
10:44:44.738 [main] DEBUG - Save part 'xl/sharedStrings.xml'
10:44:44.738 [main] DEBUG - Save part 'xl/styles.xml'
10:44:44.738 [main] DEBUG - Save part 'xl/theme/theme1.xml'
10:44:44.738 [main] DEBUG - Save part 'xl/workbook.xml'
10:44:44.739 [main] DEBUG - Save part 'xl/worksheets/sheet1.xml'
10:44:44.739 [main] DEBUG - Save part 'xl/worksheets/sheet2.xml'
10:44:44.740 [main] DEBUG - Save part 'xl/worksheets/sheet3.xml'
10:44:44.740 [main] DEBUG - Save part 'xl/worksheets/sheet4.xml'
10:44:44.759 [main] DEBUG - Parsing relationship: /xl/_rels/workbook.xml.rels
10:44:44.759 [main] DEBUG - Parsing relationship: /_rels/.rels
10:44:44.774 [main] DEBUG - Save content types part
10:44:44.776 [main] DEBUG - Save package relationships
10:44:44.777 [main] DEBUG - Save part 'docProps/app.xml'
10:44:44.777 [main] DEBUG - Save part 'docProps/core.xml'
10:44:44.778 [main] DEBUG - Save part 'xl/sharedStrings.xml'
10:44:44.778 [main] DEBUG - Save part 'xl/styles.xml'
10:44:44.778 [main] DEBUG - Save part 'xl/theme/theme1.xml'
10:44:44.778 [main] DEBUG - Save part 'xl/workbook.xml'
10:44:44.780 [main] DEBUG - Save part 'xl/worksheets/sheet1.xml'
10:44:44.780 [main] DEBUG - Save part 'xl/worksheets/sheet2.xml'
10:44:44.780 [main] DEBUG - Save part 'xl/worksheets/sheet3.xml'
10:44:44.780 [main] DEBUG - Save part 'xl/worksheets/sheet4.xml'
10:44:44.799 [main] DEBUG - Parsing relationship: /xl/_rels/workbook.xml.rels
10:44:44.800 [main] DEBUG - Parsing relationship: /_rels/.rels
10:44:44.818 [main] DEBUG - Save content types part
10:44:44.819 [main] DEBUG - Save package relationships
10:44:44.820 [main] DEBUG - Save part 'docProps/app.xml'
10:44:44.820 [main] DEBUG - Save part 'docProps/core.xml'
10:44:44.821 [main] DEBUG - Save part 'xl/sharedStrings.xml'
10:44:44.821 [main] DEBUG - Save part 'xl/styles.xml'
10:44:44.821 [main] DEBUG - Save part 'xl/theme/theme1.xml'
10:44:44.821 [main] DEBUG - Save part 'xl/workbook.xml'
10:44:44.822 [main] DEBUG - Save part 'xl/worksheets/sheet1.xml'
10:44:44.823 [main] DEBUG - Save part 'xl/worksheets/sheet2.xml'
10:44:44.823 [main] DEBUG - Save part 'xl/worksheets/sheet3.xml'
10:44:44.823 [main] DEBUG - Save part 'xl/worksheets/sheet4.xml'
10:44:44.841 [main] INFO  - **** Finished TC_001_UpcomingBike ****
21:06:33.560 [main] INFO  - **** Starting TC_003_LoginSignup ****
21:06:33.565 [main] INFO  - Navigating to the homepage
21:06:38.739 [main] ERROR - Failed to navigate to the homepage!!!
21:06:53.932 [main] INFO  - Navigating to the Google Accounts sign in page
21:07:11.847 [main] INFO  - Entering email
21:07:18.021 [main] INFO  - Clicking on the next button
21:07:23.612 [main] INFO  - Capturing error message
21:07:33.663 [main] INFO  - **** Finished TC_003_LoginSignup ****
21:07:48.376 [main] INFO  - **** Starting TC_002_UsedCar ****
21:07:48.376 [main] INFO  - Navigating to the homepage
21:07:48.427 [main] INFO  - Hovering over and selecting used cars
21:07:48.640 [main] INFO  - Selecting Chennai used cars
21:08:08.172 [main] INFO  - **** Starting TC_001_UpcomingBike ****
21:08:08.173 [main] INFO  - clicking on  New Bikes 
21:08:13.383 [main] INFO  - Selecting Upcoming Bikes
21:08:17.380 [main] INFO  - clicking on Upcoming Bikes
21:08:24.415 [main] INFO  - Displaying bikes details
21:08:26.824 [main] DEBUG - Parsing relationship: /xl/_rels/workbook.xml.rels
21:08:26.826 [main] DEBUG - Parsing relationship: /_rels/.rels
21:08:26.994 [main] TRACE - Loading type system org.apache.poi.schemas.ooxml.system.ooxml
21:08:26.997 [main] TRACE - Loading type system org.apache.xmlbeans.metadata.system.sXMLCONFIG
21:08:26.997 [main] TRACE - Loading type system org.apache.xmlbeans.metadata.system.sXMLLANG
21:08:26.997 [main] TRACE - Loading type system org.apache.xmlbeans.metadata.system.sXMLSCHEMA
21:08:26.998 [main] TRACE - Loading type system org.apache.xmlbeans.metadata.system.sXMLTOOLS
21:08:26.998 [main] TRACE - Reading unresolved handles for type system org.apache.xmlbeans.metadata.system.sXMLTOOLS
21:08:27.008 [main] TRACE - Finished loading type system org.apache.xmlbeans.metadata.system.sXMLTOOLS
21:08:27.008 [main] TRACE - Reading unresolved handles for type system org.apache.xmlbeans.metadata.system.sXMLSCHEMA
21:08:27.012 [main] TRACE - Finished loading type system org.apache.xmlbeans.metadata.system.sXMLSCHEMA
21:08:27.014 [main] TRACE - Reading unresolved handles for type system org.apache.xmlbeans.metadata.system.sXMLLANG
21:08:27.015 [main] TRACE - Finished loading type system org.apache.xmlbeans.metadata.system.sXMLLANG
21:08:27.016 [main] TRACE - Reading unresolved handles for type system org.apache.xmlbeans.metadata.system.sXMLCONFIG
21:08:27.016 [main] TRACE - Finished loading type system org.apache.xmlbeans.metadata.system.sXMLCONFIG
21:08:27.017 [main] TRACE - Reading unresolved handles for type system org.apache.poi.schemas.ooxml.system.ooxml
21:08:27.055 [main] TRACE - Finished loading type system org.apache.poi.schemas.ooxml.system.ooxml
21:08:27.057 [main] TRACE - Resolving type for handle themefd26doctype
21:08:27.126 [main] TRACE - Resolving type for handle stylesheet5d8bdoctype
21:08:27.131 [main] TRACE - Resolving type for handle ctstylesheet4257type
21:08:27.136 [main] TRACE - Resolving type for handle ctnumfmtsb58btype
21:08:27.146 [main] TRACE - Resolving type for handle ctfonts6623type
21:08:27.150 [main] TRACE - Resolving type for handle ctfont14d8type
21:08:27.156 [main] TRACE - Resolving type for handle ctfills2c6ftype
21:08:27.159 [main] TRACE - Resolving type for handle ctfill550ctype
21:08:27.161 [main] TRACE - Resolving type for handle ctborders0d66type
21:08:27.165 [main] TRACE - Resolving type for handle ctborderf935type
21:08:27.168 [main] TRACE - Resolving type for handle ctcellxfs1322type
21:08:27.172 [main] TRACE - Resolving type for handle ctxf97f7type
21:08:27.175 [main] TRACE - Resolving type for handle ctcellstylexfsa81ftype
21:08:27.177 [main] TRACE - Resolving type for handle ctdxfsb26atype
21:08:27.180 [main] TRACE - Resolving type for handle cttablestyles872ftype
21:08:27.183 [main] TRACE - Resolving type for handle sstf81fdoctype
21:08:27.187 [main] TRACE - Resolving type for handle ctsst44f3type
21:08:27.197 [main] TRACE - Resolving type for handle ctrsta472type
21:08:27.222 [main] TRACE - Resolving type for handle workbookec17doctype
21:08:27.225 [main] TRACE - Resolving type for handle ctworkbook83c3type
21:08:27.229 [main] TRACE - Resolving type for handle ctsheets49fdtype
21:08:27.231 [main] TRACE - Resolving type for handle ctsheet4dbetype
21:08:27.234 [main] TRACE - Resolving type for handle strelationshipid1e94type
21:08:27.237 [main] TRACE - Resolving type for handle worksheetf539doctype
21:08:27.240 [main] TRACE - Resolving type for handle ctworksheet530dtype
21:08:27.248 [main] TRACE - Resolving type for handle ctsheetdata8408type
21:08:27.252 [main] TRACE - Resolving type for handle ctcols627ctype
21:08:27.259 [main] TRACE - Resolving type for handle ctrowdd39type
21:08:27.268 [main] TRACE - Resolving type for handle ctcell842btype
21:08:27.273 [main] TRACE - Resolving type for handle stcellrefe4e0type
21:08:27.290 [main] TRACE - Resolving type for handle stxstringf179type
21:08:27.294 [main] TRACE - Resolving type for handle stcelltypebf95type
21:08:27.318 [main] TRACE - Resolving type for handle stcellstylexfid70c7type
21:08:27.329 [main] TRACE - Resolving type for handle ctsheetdimensiond310type
21:08:27.331 [main] TRACE - Resolving type for handle stref90a2type
21:08:27.341 [main] TRACE - Resolving type for handle propertiesee84doctype
21:08:27.344 [main] TRACE - Resolving type for handle ctproperties3f10type
21:08:27.351 [main] TRACE - Resolving type for handle properties288cdoctype
21:08:27.353 [main] TRACE - Resolving type for handle ctproperties2c18type
21:08:27.362 [main] DEBUG - Save content types part
21:08:27.426 [main] DEBUG - Save package relationships
21:08:27.429 [main] DEBUG - Save part 'docProps/app.xml'
21:08:27.429 [main] DEBUG - Save part 'docProps/core.xml'
21:08:27.432 [main] DEBUG - Save part 'xl/sharedStrings.xml'
21:08:27.433 [main] DEBUG - Save part 'xl/styles.xml'
21:08:27.433 [main] DEBUG - Save part 'xl/theme/theme1.xml'
21:08:27.433 [main] DEBUG - Save part 'xl/workbook.xml'
21:08:27.435 [main] DEBUG - Save part 'xl/worksheets/sheet1.xml'
21:08:27.435 [main] DEBUG - Save part 'xl/worksheets/sheet2.xml'
21:08:27.435 [main] DEBUG - Save part 'xl/worksheets/sheet3.xml'
21:08:27.436 [main] DEBUG - Save part 'xl/worksheets/sheet4.xml'
21:08:27.457 [main] DEBUG - Parsing relationship: /xl/_rels/workbook.xml.rels
21:08:27.458 [main] DEBUG - Parsing relationship: /_rels/.rels
21:08:27.490 [main] DEBUG - Save content types part
21:08:27.492 [main] DEBUG - Save package relationships
21:08:27.493 [main] DEBUG - Save part 'docProps/app.xml'
21:08:27.493 [main] DEBUG - Save part 'docProps/core.xml'
21:08:27.495 [main] DEBUG - Save part 'xl/sharedStrings.xml'
21:08:27.496 [main] DEBUG - Save part 'xl/styles.xml'
21:08:27.496 [main] DEBUG - Save part 'xl/theme/theme1.xml'
21:08:27.496 [main] DEBUG - Save part 'xl/workbook.xml'
21:08:27.497 [main] DEBUG - Save part 'xl/worksheets/sheet1.xml'
21:08:27.497 [main] DEBUG - Save part 'xl/worksheets/sheet2.xml'
21:08:27.497 [main] DEBUG - Save part 'xl/worksheets/sheet3.xml'
21:08:27.497 [main] DEBUG - Save part 'xl/worksheets/sheet4.xml'
21:08:27.520 [main] DEBUG - Parsing relationship: /xl/_rels/workbook.xml.rels
21:08:27.521 [main] DEBUG - Parsing relationship: /_rels/.rels
21:08:27.550 [main] DEBUG - Save content types part
21:08:27.551 [main] DEBUG - Save package relationships
21:08:27.552 [main] DEBUG - Save part 'docProps/app.xml'
21:08:27.553 [main] DEBUG - Save part 'docProps/core.xml'
21:08:27.554 [main] DEBUG - Save part 'xl/sharedStrings.xml'
21:08:27.555 [main] DEBUG - Save part 'xl/styles.xml'
21:08:27.555 [main] DEBUG - Save part 'xl/theme/theme1.xml'
21:08:27.555 [main] DEBUG - Save part 'xl/workbook.xml'
21:08:27.557 [main] DEBUG - Save part 'xl/worksheets/sheet1.xml'
21:08:27.557 [main] DEBUG - Save part 'xl/worksheets/sheet2.xml'
21:08:27.557 [main] DEBUG - Save part 'xl/worksheets/sheet3.xml'
21:08:27.557 [main] DEBUG - Save part 'xl/worksheets/sheet4.xml'
21:14:37.383 [main] INFO  - **** Starting TC_003_LoginSignup ****
21:14:37.385 [main] INFO  - Navigating to the homepage
21:14:38.805 [main] INFO  - Clicking on the Login/Signup button
21:14:44.981 [main] INFO  - Selecting the Google button
21:14:53.343 [main] INFO  - Verifying that the Login/SignUp card is displayed
21:15:07.032 [main] INFO  - Navigating to the Google Accounts sign in page
21:15:23.463 [main] INFO  - Entering email
21:15:29.613 [main] INFO  - Clicking on the next button
21:15:35.129 [main] INFO  - Capturing error message
21:15:45.186 [main] INFO  - **** Finished TC_003_LoginSignup ****
21:15:57.047 [main] INFO  - **** Starting TC_002_UsedCar ****
21:15:57.047 [main] INFO  - Navigating to the homepage
21:15:57.092 [main] INFO  - Hovering over and selecting used cars
21:15:57.281 [main] INFO  - Selecting Chennai used cars
21:16:01.848 [main] INFO  - Checking that the popular models are displayed
21:16:01.992 [main] DEBUG - Parsing relationship: /xl/_rels/workbook.xml.rels
21:16:01.995 [main] DEBUG - Parsing relationship: /_rels/.rels
21:16:02.110 [main] TRACE - Loading type system org.apache.poi.schemas.ooxml.system.ooxml
21:16:02.112 [main] TRACE - Loading type system org.apache.xmlbeans.metadata.system.sXMLCONFIG
21:16:02.113 [main] TRACE - Loading type system org.apache.xmlbeans.metadata.system.sXMLLANG
21:16:02.113 [main] TRACE - Loading type system org.apache.xmlbeans.metadata.system.sXMLSCHEMA
21:16:02.113 [main] TRACE - Loading type system org.apache.xmlbeans.metadata.system.sXMLTOOLS
21:16:02.114 [main] TRACE - Reading unresolved handles for type system org.apache.xmlbeans.metadata.system.sXMLTOOLS
21:16:02.124 [main] TRACE - Finished loading type system org.apache.xmlbeans.metadata.system.sXMLTOOLS
21:16:02.124 [main] TRACE - Reading unresolved handles for type system org.apache.xmlbeans.metadata.system.sXMLSCHEMA
21:16:02.129 [main] TRACE - Finished loading type system org.apache.xmlbeans.metadata.system.sXMLSCHEMA
21:16:02.131 [main] TRACE - Reading unresolved handles for type system org.apache.xmlbeans.metadata.system.sXMLLANG
21:16:02.131 [main] TRACE - Finished loading type system org.apache.xmlbeans.metadata.system.sXMLLANG
21:16:02.132 [main] TRACE - Reading unresolved handles for type system org.apache.xmlbeans.metadata.system.sXMLCONFIG
21:16:02.133 [main] TRACE - Finished loading type system org.apache.xmlbeans.metadata.system.sXMLCONFIG
21:16:02.134 [main] TRACE - Reading unresolved handles for type system org.apache.poi.schemas.ooxml.system.ooxml
21:16:02.171 [main] TRACE - Finished loading type system org.apache.poi.schemas.ooxml.system.ooxml
21:16:02.172 [main] TRACE - Resolving type for handle themefd26doctype
21:16:02.216 [main] TRACE - Resolving type for handle stylesheet5d8bdoctype
21:16:02.219 [main] TRACE - Resolving type for handle ctstylesheet4257type
21:16:02.223 [main] TRACE - Resolving type for handle ctnumfmtsb58btype
21:16:02.224 [main] TRACE - Resolving type for handle ctfonts6623type
21:16:02.226 [main] TRACE - Resolving type for handle ctfont14d8type
21:16:02.229 [main] TRACE - Resolving type for handle ctfills2c6ftype
21:16:02.230 [main] TRACE - Resolving type for handle ctfill550ctype
21:16:02.232 [main] TRACE - Resolving type for handle ctborders0d66type
21:16:02.233 [main] TRACE - Resolving type for handle ctborderf935type
21:16:02.234 [main] TRACE - Resolving type for handle ctcellxfs1322type
21:16:02.236 [main] TRACE - Resolving type for handle ctxf97f7type
21:16:02.237 [main] TRACE - Resolving type for handle ctcellstylexfsa81ftype
21:16:02.238 [main] TRACE - Resolving type for handle ctdxfsb26atype
21:16:02.240 [main] TRACE - Resolving type for handle cttablestyles872ftype
21:16:02.243 [main] TRACE - Resolving type for handle sstf81fdoctype
21:16:02.245 [main] TRACE - Resolving type for handle ctsst44f3type
21:16:02.260 [main] TRACE - Resolving type for handle ctrsta472type
21:16:02.294 [main] TRACE - Resolving type for handle workbookec17doctype
21:16:02.302 [main] TRACE - Resolving type for handle ctworkbook83c3type
21:16:02.307 [main] TRACE - Resolving type for handle ctsheets49fdtype
21:16:02.310 [main] TRACE - Resolving type for handle ctsheet4dbetype
21:16:02.313 [main] TRACE - Resolving type for handle strelationshipid1e94type
21:16:02.316 [main] TRACE - Resolving type for handle worksheetf539doctype
21:16:02.323 [main] TRACE - Resolving type for handle ctworksheet530dtype
21:16:02.338 [main] TRACE - Resolving type for handle ctsheetdata8408type
21:16:02.345 [main] TRACE - Resolving type for handle ctcols627ctype
21:16:02.358 [main] TRACE - Resolving type for handle ctrowdd39type
21:16:02.370 [main] TRACE - Resolving type for handle ctcell842btype
21:16:02.375 [main] TRACE - Resolving type for handle stcellrefe4e0type
21:16:02.413 [main] TRACE - Resolving type for handle stxstringf179type
21:16:02.422 [main] TRACE - Resolving type for handle stcelltypebf95type
21:16:02.456 [main] TRACE - Resolving type for handle stcellstylexfid70c7type
21:16:02.475 [main] TRACE - Resolving type for handle ctsheetdimensiond310type
21:16:02.477 [main] TRACE - Resolving type for handle stref90a2type
21:16:02.490 [main] TRACE - Resolving type for handle propertiesee84doctype
21:16:02.494 [main] TRACE - Resolving type for handle ctproperties3f10type
21:16:02.499 [main] TRACE - Resolving type for handle properties288cdoctype
21:16:02.500 [main] TRACE - Resolving type for handle ctproperties2c18type
21:16:02.519 [main] DEBUG - Save content types part
21:16:02.617 [main] DEBUG - Save package relationships
21:16:02.623 [main] DEBUG - Save part 'docProps/app.xml'
21:16:02.623 [main] DEBUG - Save part 'docProps/core.xml'
21:16:02.630 [main] DEBUG - Save part 'xl/sharedStrings.xml'
21:16:02.631 [main] DEBUG - Save part 'xl/styles.xml'
21:16:02.631 [main] DEBUG - Save part 'xl/theme/theme1.xml'
21:16:02.632 [main] DEBUG - Save part 'xl/workbook.xml'
21:16:02.634 [main] DEBUG - Save part 'xl/worksheets/sheet1.xml'
21:16:02.634 [main] DEBUG - Save part 'xl/worksheets/sheet2.xml'
21:16:02.634 [main] DEBUG - Save part 'xl/worksheets/sheet3.xml'
21:16:02.634 [main] DEBUG - Save part 'xl/worksheets/sheet4.xml'
21:16:04.774 [main] DEBUG - Parsing relationship: /xl/_rels/workbook.xml.rels
21:16:04.777 [main] DEBUG - Parsing relationship: /_rels/.rels
21:16:04.848 [main] DEBUG - Save content types part
21:16:04.850 [main] DEBUG - Save package relationships
21:16:04.852 [main] DEBUG - Save part 'docProps/app.xml'
21:16:04.852 [main] DEBUG - Save part 'docProps/core.xml'
21:16:04.854 [main] DEBUG - Save part 'xl/sharedStrings.xml'
21:16:04.854 [main] DEBUG - Save part 'xl/styles.xml'
21:16:04.855 [main] DEBUG - Save part 'xl/theme/theme1.xml'
21:16:04.855 [main] DEBUG - Save part 'xl/workbook.xml'
21:16:04.857 [main] DEBUG - Save part 'xl/worksheets/sheet1.xml'
21:16:04.857 [main] DEBUG - Save part 'xl/worksheets/sheet2.xml'
21:16:04.858 [main] DEBUG - Save part 'xl/worksheets/sheet3.xml'
21:16:04.858 [main] DEBUG - Save part 'xl/worksheets/sheet4.xml'
21:16:04.899 [main] DEBUG - Parsing relationship: /xl/_rels/workbook.xml.rels
21:16:04.900 [main] DEBUG - Parsing relationship: /_rels/.rels
21:16:04.933 [main] DEBUG - Save content types part
21:16:04.935 [main] DEBUG - Save package relationships
21:16:04.937 [main] DEBUG - Save part 'docProps/app.xml'
21:16:04.937 [main] DEBUG - Save part 'docProps/core.xml'
21:16:04.939 [main] DEBUG - Save part 'xl/sharedStrings.xml'
21:16:04.939 [main] DEBUG - Save part 'xl/styles.xml'
21:16:04.940 [main] DEBUG - Save part 'xl/theme/theme1.xml'
21:16:04.940 [main] DEBUG - Save part 'xl/workbook.xml'
21:16:04.942 [main] DEBUG - Save part 'xl/worksheets/sheet1.xml'
21:16:04.942 [main] DEBUG - Save part 'xl/worksheets/sheet2.xml'
21:16:04.942 [main] DEBUG - Save part 'xl/worksheets/sheet3.xml'
21:16:04.942 [main] DEBUG - Save part 'xl/worksheets/sheet4.xml'
21:16:04.981 [main] DEBUG - Parsing relationship: /xl/_rels/workbook.xml.rels
21:16:04.983 [main] DEBUG - Parsing relationship: /_rels/.rels
21:16:05.032 [main] DEBUG - Save content types part
21:16:05.035 [main] DEBUG - Save package relationships
21:16:05.037 [main] DEBUG - Save part 'docProps/app.xml'
21:16:05.038 [main] DEBUG - Save part 'docProps/core.xml'
21:16:05.039 [main] DEBUG - Save part 'xl/sharedStrings.xml'
21:16:05.039 [main] DEBUG - Save part 'xl/styles.xml'
21:16:05.040 [main] DEBUG - Save part 'xl/theme/theme1.xml'
21:16:05.040 [main] DEBUG - Save part 'xl/workbook.xml'
21:16:05.042 [main] DEBUG - Save part 'xl/worksheets/sheet1.xml'
21:16:05.043 [main] DEBUG - Save part 'xl/worksheets/sheet2.xml'
21:16:05.043 [main] DEBUG - Save part 'xl/worksheets/sheet3.xml'
21:16:05.043 [main] DEBUG - Save part 'xl/worksheets/sheet4.xml'
21:16:05.089 [main] DEBUG - Parsing relationship: /xl/_rels/workbook.xml.rels
21:16:05.090 [main] DEBUG - Parsing relationship: /_rels/.rels
21:16:05.119 [main] DEBUG - Save content types part
21:16:05.121 [main] DEBUG - Save package relationships
21:16:05.122 [main] DEBUG - Save part 'docProps/app.xml'
21:16:05.122 [main] DEBUG - Save part 'docProps/core.xml'
21:16:05.124 [main] DEBUG - Save part 'xl/sharedStrings.xml'
21:16:05.124 [main] DEBUG - Save part 'xl/styles.xml'
21:16:05.124 [main] DEBUG - Save part 'xl/theme/theme1.xml'
21:16:05.125 [main] DEBUG - Save part 'xl/workbook.xml'
21:16:05.127 [main] DEBUG - Save part 'xl/worksheets/sheet1.xml'
21:16:05.127 [main] DEBUG - Save part 'xl/worksheets/sheet2.xml'
21:16:05.127 [main] DEBUG - Save part 'xl/worksheets/sheet3.xml'
21:16:05.128 [main] DEBUG - Save part 'xl/worksheets/sheet4.xml'
21:16:05.172 [main] DEBUG - Parsing relationship: /xl/_rels/workbook.xml.rels
21:16:05.174 [main] DEBUG - Parsing relationship: /_rels/.rels
21:16:05.201 [main] DEBUG - Save content types part
21:16:05.203 [main] DEBUG - Save package relationships
21:16:05.204 [main] DEBUG - Save part 'docProps/app.xml'
21:16:05.205 [main] DEBUG - Save part 'docProps/core.xml'
21:16:05.206 [main] DEBUG - Save part 'xl/sharedStrings.xml'
21:16:05.206 [main] DEBUG - Save part 'xl/styles.xml'
21:16:05.207 [main] DEBUG - Save part 'xl/theme/theme1.xml'
21:16:05.207 [main] DEBUG - Save part 'xl/workbook.xml'
21:16:05.208 [main] DEBUG - Save part 'xl/worksheets/sheet1.xml'
21:16:05.209 [main] DEBUG - Save part 'xl/worksheets/sheet2.xml'
21:16:05.209 [main] DEBUG - Save part 'xl/worksheets/sheet3.xml'
21:16:05.209 [main] DEBUG - Save part 'xl/worksheets/sheet4.xml'
21:16:05.249 [main] DEBUG - Parsing relationship: /xl/_rels/workbook.xml.rels
21:16:05.250 [main] DEBUG - Parsing relationship: /_rels/.rels
21:16:05.277 [main] DEBUG - Save content types part
21:16:05.279 [main] DEBUG - Save package relationships
21:16:05.280 [main] DEBUG - Save part 'docProps/app.xml'
21:16:05.281 [main] DEBUG - Save part 'docProps/core.xml'
21:16:05.282 [main] DEBUG - Save part 'xl/sharedStrings.xml'
21:16:05.282 [main] DEBUG - Save part 'xl/styles.xml'
21:16:05.283 [main] DEBUG - Save part 'xl/theme/theme1.xml'
21:16:05.283 [main] DEBUG - Save part 'xl/workbook.xml'
21:16:05.285 [main] DEBUG - Save part 'xl/worksheets/sheet1.xml'
21:16:05.285 [main] DEBUG - Save part 'xl/worksheets/sheet2.xml'
21:16:05.285 [main] DEBUG - Save part 'xl/worksheets/sheet3.xml'
21:16:05.286 [main] DEBUG - Save part 'xl/worksheets/sheet4.xml'
21:16:05.329 [main] DEBUG - Parsing relationship: /xl/_rels/workbook.xml.rels
21:16:05.331 [main] DEBUG - Parsing relationship: /_rels/.rels
21:16:05.366 [main] DEBUG - Save content types part
21:16:05.368 [main] DEBUG - Save package relationships
21:16:05.369 [main] DEBUG - Save part 'docProps/app.xml'
21:16:05.369 [main] DEBUG - Save part 'docProps/core.xml'
21:16:05.370 [main] DEBUG - Save part 'xl/sharedStrings.xml'
21:16:05.371 [main] DEBUG - Save part 'xl/styles.xml'
21:16:05.371 [main] DEBUG - Save part 'xl/theme/theme1.xml'
21:16:05.371 [main] DEBUG - Save part 'xl/workbook.xml'
21:16:05.373 [main] DEBUG - Save part 'xl/worksheets/sheet1.xml'
21:16:05.374 [main] DEBUG - Save part 'xl/worksheets/sheet2.xml'
21:16:05.374 [main] DEBUG - Save part 'xl/worksheets/sheet3.xml'
21:16:05.374 [main] DEBUG - Save part 'xl/worksheets/sheet4.xml'
21:16:05.427 [main] DEBUG - Parsing relationship: /xl/_rels/workbook.xml.rels
21:16:05.429 [main] DEBUG - Parsing relationship: /_rels/.rels
21:16:05.452 [main] DEBUG - Save content types part
21:16:05.454 [main] DEBUG - Save package relationships
21:16:05.455 [main] DEBUG - Save part 'docProps/app.xml'
21:16:05.456 [main] DEBUG - Save part 'docProps/core.xml'
21:16:05.457 [main] DEBUG - Save part 'xl/sharedStrings.xml'
21:16:05.457 [main] DEBUG - Save part 'xl/styles.xml'
21:16:05.457 [main] DEBUG - Save part 'xl/theme/theme1.xml'
21:16:05.458 [main] DEBUG - Save part 'xl/workbook.xml'
21:16:05.459 [main] DEBUG - Save part 'xl/worksheets/sheet1.xml'
21:16:05.459 [main] DEBUG - Save part 'xl/worksheets/sheet2.xml'
21:16:05.459 [main] DEBUG - Save part 'xl/worksheets/sheet3.xml'
21:16:05.460 [main] DEBUG - Save part 'xl/worksheets/sheet4.xml'
21:16:05.512 [main] DEBUG - Parsing relationship: /xl/_rels/workbook.xml.rels
21:16:05.512 [main] DEBUG - Parsing relationship: /_rels/.rels
21:16:05.543 [main] DEBUG - Save content types part
21:16:05.545 [main] DEBUG - Save package relationships
21:16:05.548 [main] DEBUG - Save part 'docProps/app.xml'
21:16:05.549 [main] DEBUG - Save part 'docProps/core.xml'
21:16:05.552 [main] DEBUG - Save part 'xl/sharedStrings.xml'
21:16:05.553 [main] DEBUG - Save part 'xl/styles.xml'
21:16:05.554 [main] DEBUG - Save part 'xl/theme/theme1.xml'
21:16:05.554 [main] DEBUG - Save part 'xl/workbook.xml'
21:16:05.558 [main] DEBUG - Save part 'xl/worksheets/sheet1.xml'
21:16:05.559 [main] DEBUG - Save part 'xl/worksheets/sheet2.xml'
21:16:05.559 [main] DEBUG - Save part 'xl/worksheets/sheet3.xml'
21:16:05.560 [main] DEBUG - Save part 'xl/worksheets/sheet4.xml'
21:16:05.560 [main] INFO  - **** Finished TC_002_UsedCar ****
21:16:18.645 [main] INFO  - **** Starting TC_001_UpcomingBike ****
21:16:18.645 [main] INFO  - clicking on  New Bikes 
21:16:23.876 [main] INFO  - Selecting Upcoming Bikes
21:16:27.077 [main] INFO  - clicking on Upcoming Bikes
21:16:34.119 [main] INFO  - Displaying bikes details
21:16:36.297 [main] DEBUG - Parsing relationship: /xl/_rels/workbook.xml.rels
21:16:36.298 [main] DEBUG - Parsing relationship: /_rels/.rels
21:16:36.320 [main] DEBUG - Save content types part
21:16:36.322 [main] DEBUG - Save package relationships
21:16:36.323 [main] DEBUG - Save part 'docProps/app.xml'
21:16:36.323 [main] DEBUG - Save part 'docProps/core.xml'
21:16:36.324 [main] DEBUG - Save part 'xl/sharedStrings.xml'
21:16:36.324 [main] DEBUG - Save part 'xl/styles.xml'
21:16:36.324 [main] DEBUG - Save part 'xl/theme/theme1.xml'
21:16:36.324 [main] DEBUG - Save part 'xl/workbook.xml'
21:16:36.325 [main] DEBUG - Save part 'xl/worksheets/sheet1.xml'
21:16:36.326 [main] DEBUG - Save part 'xl/worksheets/sheet2.xml'
21:16:36.326 [main] DEBUG - Save part 'xl/worksheets/sheet3.xml'
21:16:36.326 [main] DEBUG - Save part 'xl/worksheets/sheet4.xml'
21:16:36.346 [main] DEBUG - Parsing relationship: /xl/_rels/workbook.xml.rels
21:16:36.346 [main] DEBUG - Parsing relationship: /_rels/.rels
21:16:36.367 [main] DEBUG - Save content types part
21:16:36.368 [main] DEBUG - Save package relationships
21:16:36.369 [main] DEBUG - Save part 'docProps/app.xml'
21:16:36.369 [main] DEBUG - Save part 'docProps/core.xml'
21:16:36.371 [main] DEBUG - Save part 'xl/sharedStrings.xml'
21:16:36.371 [main] DEBUG - Save part 'xl/styles.xml'
21:16:36.371 [main] DEBUG - Save part 'xl/theme/theme1.xml'
21:16:36.371 [main] DEBUG - Save part 'xl/workbook.xml'
21:16:36.373 [main] DEBUG - Save part 'xl/worksheets/sheet1.xml'
21:16:36.373 [main] DEBUG - Save part 'xl/worksheets/sheet2.xml'
21:16:36.373 [main] DEBUG - Save part 'xl/worksheets/sheet3.xml'
21:16:36.373 [main] DEBUG - Save part 'xl/worksheets/sheet4.xml'
21:16:36.397 [main] DEBUG - Parsing relationship: /xl/_rels/workbook.xml.rels
21:16:36.397 [main] DEBUG - Parsing relationship: /_rels/.rels
21:16:36.425 [main] DEBUG - Save content types part
21:16:36.427 [main] DEBUG - Save package relationships
21:16:36.428 [main] DEBUG - Save part 'docProps/app.xml'
21:16:36.429 [main] DEBUG - Save part 'docProps/core.xml'
21:16:36.430 [main] DEBUG - Save part 'xl/sharedStrings.xml'
21:16:36.431 [main] DEBUG - Save part 'xl/styles.xml'
21:16:36.431 [main] DEBUG - Save part 'xl/theme/theme1.xml'
21:16:36.431 [main] DEBUG - Save part 'xl/workbook.xml'
21:16:36.433 [main] DEBUG - Save part 'xl/worksheets/sheet1.xml'
21:16:36.433 [main] DEBUG - Save part 'xl/worksheets/sheet2.xml'
21:16:36.434 [main] DEBUG - Save part 'xl/worksheets/sheet3.xml'
21:16:36.434 [main] DEBUG - Save part 'xl/worksheets/sheet4.xml'
21:16:36.709 [main] DEBUG - Parsing relationship: /xl/_rels/workbook.xml.rels
21:16:36.710 [main] DEBUG - Parsing relationship: /_rels/.rels
21:16:36.741 [main] DEBUG - Save content types part
21:16:36.743 [main] DEBUG - Save package relationships
21:16:36.746 [main] DEBUG - Save part 'docProps/app.xml'
21:16:36.746 [main] DEBUG - Save part 'docProps/core.xml'
21:16:36.748 [main] DEBUG - Save part 'xl/sharedStrings.xml'
21:16:36.749 [main] DEBUG - Save part 'xl/styles.xml'
21:16:36.749 [main] DEBUG - Save part 'xl/theme/theme1.xml'
21:16:36.751 [main] DEBUG - Save part 'xl/workbook.xml'
21:16:36.754 [main] DEBUG - Save part 'xl/worksheets/sheet1.xml'
21:16:36.754 [main] DEBUG - Save part 'xl/worksheets/sheet2.xml'
21:16:36.755 [main] DEBUG - Save part 'xl/worksheets/sheet3.xml'
21:16:36.755 [main] DEBUG - Save part 'xl/worksheets/sheet4.xml'
21:16:36.787 [main] DEBUG - Parsing relationship: /xl/_rels/workbook.xml.rels
21:16:36.788 [main] DEBUG - Parsing relationship: /_rels/.rels
21:16:36.831 [main] DEBUG - Save content types part
21:16:36.834 [main] DEBUG - Save package relationships
21:16:36.837 [main] DEBUG - Save part 'docProps/app.xml'
21:16:36.838 [main] DEBUG - Save part 'docProps/core.xml'
21:16:36.841 [main] DEBUG - Save part 'xl/sharedStrings.xml'
21:16:36.842 [main] DEBUG - Save part 'xl/styles.xml'
21:16:36.842 [main] DEBUG - Save part 'xl/theme/theme1.xml'
21:16:36.844 [main] DEBUG - Save part 'xl/workbook.xml'
21:16:36.847 [main] DEBUG - Save part 'xl/worksheets/sheet1.xml'
21:16:36.848 [main] DEBUG - Save part 'xl/worksheets/sheet2.xml'
21:16:36.848 [main] DEBUG - Save part 'xl/worksheets/sheet3.xml'
21:16:36.849 [main] DEBUG - Save part 'xl/worksheets/sheet4.xml'
21:16:36.881 [main] DEBUG - Parsing relationship: /xl/_rels/workbook.xml.rels
21:16:36.883 [main] DEBUG - Parsing relationship: /_rels/.rels
21:16:36.937 [main] DEBUG - Save content types part
21:16:36.940 [main] DEBUG - Save package relationships
21:16:36.944 [main] DEBUG - Save part 'docProps/app.xml'
21:16:36.944 [main] DEBUG - Save part 'docProps/core.xml'
21:16:36.947 [main] DEBUG - Save part 'xl/sharedStrings.xml'
21:16:36.948 [main] DEBUG - Save part 'xl/styles.xml'
21:16:36.948 [main] DEBUG - Save part 'xl/theme/theme1.xml'
21:16:36.949 [main] DEBUG - Save part 'xl/workbook.xml'
21:16:36.953 [main] DEBUG - Save part 'xl/worksheets/sheet1.xml'
21:16:36.953 [main] DEBUG - Save part 'xl/worksheets/sheet2.xml'
21:16:36.954 [main] DEBUG - Save part 'xl/worksheets/sheet3.xml'
21:16:36.955 [main] DEBUG - Save part 'xl/worksheets/sheet4.xml'
21:16:37.224 [main] DEBUG - Parsing relationship: /xl/_rels/workbook.xml.rels
21:16:37.225 [main] DEBUG - Parsing relationship: /_rels/.rels
21:16:37.282 [main] DEBUG - Save content types part
21:16:37.286 [main] DEBUG - Save package relationships
21:16:37.290 [main] DEBUG - Save part 'docProps/app.xml'
21:16:37.290 [main] DEBUG - Save part 'docProps/core.xml'
21:16:37.293 [main] DEBUG - Save part 'xl/sharedStrings.xml'
21:16:37.294 [main] DEBUG - Save part 'xl/styles.xml'
21:16:37.294 [main] DEBUG - Save part 'xl/theme/theme1.xml'
21:16:37.296 [main] DEBUG - Save part 'xl/workbook.xml'
21:16:37.300 [main] DEBUG - Save part 'xl/worksheets/sheet1.xml'
21:16:37.300 [main] DEBUG - Save part 'xl/worksheets/sheet2.xml'
21:16:37.301 [main] DEBUG - Save part 'xl/worksheets/sheet3.xml'
21:16:37.302 [main] DEBUG - Save part 'xl/worksheets/sheet4.xml'
21:16:37.369 [main] DEBUG - Parsing relationship: /xl/_rels/workbook.xml.rels
21:16:37.373 [main] DEBUG - Parsing relationship: /_rels/.rels
21:16:37.429 [main] DEBUG - Save content types part
21:16:37.432 [main] DEBUG - Save package relationships
21:16:37.434 [main] DEBUG - Save part 'docProps/app.xml'
21:16:37.435 [main] DEBUG - Save part 'docProps/core.xml'
21:16:37.438 [main] DEBUG - Save part 'xl/sharedStrings.xml'
21:16:37.438 [main] DEBUG - Save part 'xl/styles.xml'
21:16:37.439 [main] DEBUG - Save part 'xl/theme/theme1.xml'
21:16:37.439 [main] DEBUG - Save part 'xl/workbook.xml'
21:16:37.443 [main] DEBUG - Save part 'xl/worksheets/sheet1.xml'
21:16:37.443 [main] DEBUG - Save part 'xl/worksheets/sheet2.xml'
21:16:37.444 [main] DEBUG - Save part 'xl/worksheets/sheet3.xml'
21:16:37.445 [main] DEBUG - Save part 'xl/worksheets/sheet4.xml'
21:16:37.478 [main] DEBUG - Parsing relationship: /xl/_rels/workbook.xml.rels
21:16:37.480 [main] DEBUG - Parsing relationship: /_rels/.rels
21:16:37.536 [main] DEBUG - Save content types part
21:16:37.560 [main] DEBUG - Save package relationships
21:16:37.565 [main] DEBUG - Save part 'docProps/app.xml'
21:16:37.565 [main] DEBUG - Save part 'docProps/core.xml'
21:16:37.570 [main] DEBUG - Save part 'xl/sharedStrings.xml'
21:16:37.571 [main] DEBUG - Save part 'xl/styles.xml'
21:16:37.572 [main] DEBUG - Save part 'xl/theme/theme1.xml'
21:16:37.573 [main] DEBUG - Save part 'xl/workbook.xml'
21:16:37.576 [main] DEBUG - Save part 'xl/worksheets/sheet1.xml'
21:16:37.577 [main] DEBUG - Save part 'xl/worksheets/sheet2.xml'
21:16:37.578 [main] DEBUG - Save part 'xl/worksheets/sheet3.xml'
21:16:37.578 [main] DEBUG - Save part 'xl/worksheets/sheet4.xml'
21:16:38.099 [main] DEBUG - Parsing relationship: /xl/_rels/workbook.xml.rels
21:16:38.100 [main] DEBUG - Parsing relationship: /_rels/.rels
21:16:38.143 [main] DEBUG - Save content types part
21:16:38.146 [main] DEBUG - Save package relationships
21:16:38.149 [main] DEBUG - Save part 'docProps/app.xml'
21:16:38.150 [main] DEBUG - Save part 'docProps/core.xml'
21:16:38.154 [main] DEBUG - Save part 'xl/sharedStrings.xml'
21:16:38.154 [main] DEBUG - Save part 'xl/styles.xml'
21:16:38.155 [main] DEBUG - Save part 'xl/theme/theme1.xml'
21:16:38.156 [main] DEBUG - Save part 'xl/workbook.xml'
21:16:38.159 [main] DEBUG - Save part 'xl/worksheets/sheet1.xml'
21:16:38.160 [main] DEBUG - Save part 'xl/worksheets/sheet2.xml'
21:16:38.161 [main] DEBUG - Save part 'xl/worksheets/sheet3.xml'
21:16:38.162 [main] DEBUG - Save part 'xl/worksheets/sheet4.xml'
21:16:38.196 [main] DEBUG - Parsing relationship: /xl/_rels/workbook.xml.rels
21:16:38.197 [main] DEBUG - Parsing relationship: /_rels/.rels
21:16:38.252 [main] DEBUG - Save content types part
21:16:38.256 [main] DEBUG - Save package relationships
21:16:38.258 [main] DEBUG - Save part 'docProps/app.xml'
21:16:38.258 [main] DEBUG - Save part 'docProps/core.xml'
21:16:38.261 [main] DEBUG - Save part 'xl/sharedStrings.xml'
21:16:38.262 [main] DEBUG - Save part 'xl/styles.xml'
21:16:38.263 [main] DEBUG - Save part 'xl/theme/theme1.xml'
21:16:38.264 [main] DEBUG - Save part 'xl/workbook.xml'
21:16:38.267 [main] DEBUG - Save part 'xl/worksheets/sheet1.xml'
21:16:38.268 [main] DEBUG - Save part 'xl/worksheets/sheet2.xml'
21:16:38.268 [main] DEBUG - Save part 'xl/worksheets/sheet3.xml'
21:16:38.269 [main] DEBUG - Save part 'xl/worksheets/sheet4.xml'
21:16:38.311 [main] DEBUG - Parsing relationship: /xl/_rels/workbook.xml.rels
21:16:38.313 [main] DEBUG - Parsing relationship: /_rels/.rels
21:16:38.384 [main] DEBUG - Save content types part
21:16:38.387 [main] DEBUG - Save package relationships
21:16:38.392 [main] DEBUG - Save part 'docProps/app.xml'
21:16:38.393 [main] DEBUG - Save part 'docProps/core.xml'
21:16:38.396 [main] DEBUG - Save part 'xl/sharedStrings.xml'
21:16:38.397 [main] DEBUG - Save part 'xl/styles.xml'
21:16:38.397 [main] DEBUG - Save part 'xl/theme/theme1.xml'
21:16:38.398 [main] DEBUG - Save part 'xl/workbook.xml'
21:16:38.401 [main] DEBUG - Save part 'xl/worksheets/sheet1.xml'
21:16:38.402 [main] DEBUG - Save part 'xl/worksheets/sheet2.xml'
21:16:38.403 [main] DEBUG - Save part 'xl/worksheets/sheet3.xml'
21:16:38.403 [main] DEBUG - Save part 'xl/worksheets/sheet4.xml'
21:16:38.598 [main] DEBUG - Parsing relationship: /xl/_rels/workbook.xml.rels
21:16:38.600 [main] DEBUG - Parsing relationship: /_rels/.rels
21:16:38.648 [main] DEBUG - Save content types part
21:16:38.652 [main] DEBUG - Save package relationships
21:16:38.654 [main] DEBUG - Save part 'docProps/app.xml'
21:16:38.655 [main] DEBUG - Save part 'docProps/core.xml'
21:16:38.657 [main] DEBUG - Save part 'xl/sharedStrings.xml'
21:16:38.658 [main] DEBUG - Save part 'xl/styles.xml'
21:16:38.658 [main] DEBUG - Save part 'xl/theme/theme1.xml'
21:16:38.659 [main] DEBUG - Save part 'xl/workbook.xml'
21:16:38.661 [main] DEBUG - Save part 'xl/worksheets/sheet1.xml'
21:16:38.662 [main] DEBUG - Save part 'xl/worksheets/sheet2.xml'
21:16:38.662 [main] DEBUG - Save part 'xl/worksheets/sheet3.xml'
21:16:38.662 [main] DEBUG - Save part 'xl/worksheets/sheet4.xml'
21:16:38.692 [main] DEBUG - Parsing relationship: /xl/_rels/workbook.xml.rels
21:16:38.694 [main] DEBUG - Parsing relationship: /_rels/.rels
21:16:38.727 [main] DEBUG - Save content types part
21:16:38.729 [main] DEBUG - Save package relationships
21:16:38.731 [main] DEBUG - Save part 'docProps/app.xml'
21:16:38.731 [main] DEBUG - Save part 'docProps/core.xml'
21:16:38.733 [main] DEBUG - Save part 'xl/sharedStrings.xml'
21:16:38.734 [main] DEBUG - Save part 'xl/styles.xml'
21:16:38.734 [main] DEBUG - Save part 'xl/theme/theme1.xml'
21:16:38.735 [main] DEBUG - Save part 'xl/workbook.xml'
21:16:38.736 [main] DEBUG - Save part 'xl/worksheets/sheet1.xml'
21:16:38.737 [main] DEBUG - Save part 'xl/worksheets/sheet2.xml'
21:16:38.737 [main] DEBUG - Save part 'xl/worksheets/sheet3.xml'
21:16:38.737 [main] DEBUG - Save part 'xl/worksheets/sheet4.xml'
21:16:38.774 [main] DEBUG - Parsing relationship: /xl/_rels/workbook.xml.rels
21:16:38.775 [main] DEBUG - Parsing relationship: /_rels/.rels
21:16:38.803 [main] DEBUG - Save content types part
21:16:38.805 [main] DEBUG - Save package relationships
21:16:38.807 [main] DEBUG - Save part 'docProps/app.xml'
21:16:38.808 [main] DEBUG - Save part 'docProps/core.xml'
21:16:38.810 [main] DEBUG - Save part 'xl/sharedStrings.xml'
21:16:38.810 [main] DEBUG - Save part 'xl/styles.xml'
21:16:38.811 [main] DEBUG - Save part 'xl/theme/theme1.xml'
21:16:38.811 [main] DEBUG - Save part 'xl/workbook.xml'
21:16:38.813 [main] DEBUG - Save part 'xl/worksheets/sheet1.xml'
21:16:38.813 [main] DEBUG - Save part 'xl/worksheets/sheet2.xml'
21:16:38.813 [main] DEBUG - Save part 'xl/worksheets/sheet3.xml'
21:16:38.813 [main] DEBUG - Save part 'xl/worksheets/sheet4.xml'
21:16:39.246 [main] DEBUG - Parsing relationship: /xl/_rels/workbook.xml.rels
21:16:39.247 [main] DEBUG - Parsing relationship: /_rels/.rels
21:16:39.267 [main] DEBUG - Save content types part
21:16:39.268 [main] DEBUG - Save package relationships
21:16:39.268 [main] DEBUG - Save part 'docProps/app.xml'
21:16:39.269 [main] DEBUG - Save part 'docProps/core.xml'
21:16:39.270 [main] DEBUG - Save part 'xl/sharedStrings.xml'
21:16:39.271 [main] DEBUG - Save part 'xl/styles.xml'
21:16:39.271 [main] DEBUG - Save part 'xl/theme/theme1.xml'
21:16:39.271 [main] DEBUG - Save part 'xl/workbook.xml'
21:16:39.273 [main] DEBUG - Save part 'xl/worksheets/sheet1.xml'
21:16:39.273 [main] DEBUG - Save part 'xl/worksheets/sheet2.xml'
21:16:39.273 [main] DEBUG - Save part 'xl/worksheets/sheet3.xml'
21:16:39.273 [main] DEBUG - Save part 'xl/worksheets/sheet4.xml'
21:16:39.292 [main] DEBUG - Parsing relationship: /xl/_rels/workbook.xml.rels
21:16:39.293 [main] DEBUG - Parsing relationship: /_rels/.rels
21:16:39.311 [main] DEBUG - Save content types part
21:16:39.313 [main] DEBUG - Save package relationships
21:16:39.314 [main] DEBUG - Save part 'docProps/app.xml'
21:16:39.314 [main] DEBUG - Save part 'docProps/core.xml'
21:16:39.315 [main] DEBUG - Save part 'xl/sharedStrings.xml'
21:16:39.315 [main] DEBUG - Save part 'xl/styles.xml'
21:16:39.315 [main] DEBUG - Save part 'xl/theme/theme1.xml'
21:16:39.316 [main] DEBUG - Save part 'xl/workbook.xml'
21:16:39.317 [main] DEBUG - Save part 'xl/worksheets/sheet1.xml'
21:16:39.318 [main] DEBUG - Save part 'xl/worksheets/sheet2.xml'
21:16:39.318 [main] DEBUG - Save part 'xl/worksheets/sheet3.xml'
21:16:39.318 [main] DEBUG - Save part 'xl/worksheets/sheet4.xml'
21:16:39.339 [main] DEBUG - Parsing relationship: /xl/_rels/workbook.xml.rels
21:16:39.340 [main] DEBUG - Parsing relationship: /_rels/.rels
21:16:39.357 [main] DEBUG - Save content types part
21:16:39.358 [main] DEBUG - Save package relationships
21:16:39.359 [main] DEBUG - Save part 'docProps/app.xml'
21:16:39.359 [main] DEBUG - Save part 'docProps/core.xml'
21:16:39.361 [main] DEBUG - Save part 'xl/sharedStrings.xml'
21:16:39.361 [main] DEBUG - Save part 'xl/styles.xml'
21:16:39.361 [main] DEBUG - Save part 'xl/theme/theme1.xml'
21:16:39.361 [main] DEBUG - Save part 'xl/workbook.xml'
21:16:39.363 [main] DEBUG - Save part 'xl/worksheets/sheet1.xml'
21:16:39.363 [main] DEBUG - Save part 'xl/worksheets/sheet2.xml'
21:16:39.363 [main] DEBUG - Save part 'xl/worksheets/sheet3.xml'
21:16:39.363 [main] DEBUG - Save part 'xl/worksheets/sheet4.xml'
21:16:39.490 [main] DEBUG - Parsing relationship: /xl/_rels/workbook.xml.rels
21:16:39.491 [main] DEBUG - Parsing relationship: /_rels/.rels
21:16:39.508 [main] DEBUG - Save content types part
21:16:39.510 [main] DEBUG - Save package relationships
21:16:39.511 [main] DEBUG - Save part 'docProps/app.xml'
21:16:39.511 [main] DEBUG - Save part 'docProps/core.xml'
21:16:39.512 [main] DEBUG - Save part 'xl/sharedStrings.xml'
21:16:39.512 [main] DEBUG - Save part 'xl/styles.xml'
21:16:39.512 [main] DEBUG - Save part 'xl/theme/theme1.xml'
21:16:39.513 [main] DEBUG - Save part 'xl/workbook.xml'
21:16:39.514 [main] DEBUG - Save part 'xl/worksheets/sheet1.xml'
21:16:39.514 [main] DEBUG - Save part 'xl/worksheets/sheet2.xml'
21:16:39.514 [main] DEBUG - Save part 'xl/worksheets/sheet3.xml'
21:16:39.514 [main] DEBUG - Save part 'xl/worksheets/sheet4.xml'
